[2024-04-18 09:07:28,439][rest_client.py 34][INFO]: 接口请求的地址>>>http://admin.5istudy.online/banners/
[2024-04-18 09:07:28,439][rest_client.py 35][INFO]: 接口请求的方法>>>GET
[2024-04-18 09:07:28,719][rest_client.py 16][INFO]: 接口返回内容为>>>
[
  {
    "id": 1824,
    "image": "http://admin.5istudy.online/media/banner/banner3_fzsuGSG.jpg",
    "index": 1,
    "add_time": "2022-10-27T08:33:00",
    "goods": 15
  },
  {
    "id": 1821,
    "image": "http://admin.5istudy.online/media/banner/%E6%A1%83%E5%AD%90.jpg",
    "index": 2,
    "add_time": "2022-08-23T00:34:00",
    "goods": 82
  },
  {
    "id": 1820,
    "image": "http://admin.5istudy.online/media/banner/banner1.jpg",
    "index": 3,
    "add_time": "2021-11-26T13:22:00",
    "goods": 4
  },
  {
    "id": 1822,
    "image": "http://admin.5istudy.online/media/banner/%E5%9B%BE%E7%89%872.png",
    "index": 3,
    "add_time": "2022-09-22T10:53:00",
    "goods": 83
  },
  {
    "id": 1825,
    "image": "http://admin.5istudy.online/media/banner/banner1.jpg",
    "index": 3,
    "add_time": "2021-11-26T13:22:00",
    "goods": 4
  },
  {
    "id": 1826,
    "image": "http://admin.5istudy.online/media/banner/banner1.jpg",
    "index": 3,
    "add_time": "2021-11-26T13:22:00",
    "goods": 4
  },
  {
    "id": 1827,
    "image": "http://admin.5istudy.online/media/banner/banner1.jpg",
    "index": 3,
    "add_time": "2021-11-26T13:22:00",
    "goods": 4
  },
  {
    "id": 8888,
    "image": "http://admin.5istudy.online/media/hello",
    "index": 8,
    "add_time": "2024-03-16T19:39:48",
    "goods": 10
  },
  {
    "id": 8889,
    "image": "http://admin.5istudy.online/media/hello",
    "index": 8,
    "add_time": "2024-03-16T19:58:29",
    "goods": 10
  }
]
[2024-04-18 09:42:03,757][rest_client.py 34][INFO]: 接口请求的地址>>>http://admin.5istudy.online/login/
[2024-04-18 09:42:03,758][rest_client.py 35][INFO]: 接口请求的方法>>>POST
[2024-04-18 09:42:03,758][rest_client.py 39][INFO]: 接口请求的json参数>>>
{
  "username": "17621947777",
  "password": "123456"
}
[2024-04-18 09:42:04,088][rest_client.py 16][INFO]: 接口返回内容为>>>
{
  "token": "eyJ0eXAiOiJKV1QiLCJhbGciOiJIUzI1NiJ9.eyJ1c2VyX2lkIjoxMDAwNTk0NSwidXNlcm5hbWUiOiIxNzYyMTk0Nzc3NyIsImV4cCI6MTcxNDAwOTM1MCwiZW1haWwiOm51bGx9.iyaxKowLH531jHTJSNSFbEhkMxBlCGnjrpGs5hfikgs"
}
[2024-04-18 09:42:04,092][rest_client.py 34][INFO]: 接口请求的地址>>>http://admin.5istudy.online/login/
[2024-04-18 09:42:04,092][rest_client.py 35][INFO]: 接口请求的方法>>>POST
[2024-04-18 09:42:04,092][rest_client.py 39][INFO]: 接口请求的json参数>>>
{
  "username": "17621947888",
  "password": "123456"
}
[2024-04-18 09:42:04,161][rest_client.py 16][INFO]: 接口返回内容为>>>
{
  "non_field_errors": [
    "无法使用提供的认证信息登录。"
  ]
}
[2024-04-18 14:24:35,528][rest_client.py 34][INFO]: 接口请求的地址>>>http://admin.5istudy.online/login/
[2024-04-18 14:24:35,528][rest_client.py 35][INFO]: 接口请求的方法>>>POST
[2024-04-18 14:24:35,597][rest_client.py 16][INFO]: 接口返回内容为>>>
{
  "username": [
    "该字段是必填项。"
  ],
  "password": [
    "该字段是必填项。"
  ]
}
[2024-04-18 14:28:18,052][rest_client.py 34][INFO]: 接口请求的地址>>>http://admin.5istudy.online/login/
[2024-04-18 14:28:18,052][rest_client.py 35][INFO]: 接口请求的方法>>>POST
[2024-04-18 14:29:18,690][rest_client.py 34][INFO]: 接口请求的地址>>>http://admin.5istudy.online/login/
[2024-04-18 14:29:18,690][rest_client.py 35][INFO]: 接口请求的方法>>>POST
[2024-04-18 14:29:18,690][rest_client.py 39][INFO]: 接口请求的json参数>>>
{
  "username": "17621947777",
  "password": "123456"
}
[2024-04-18 14:29:19,048][rest_client.py 16][INFO]: 接口返回内容为>>>
{
  "token": "eyJ0eXAiOiJKV1QiLCJhbGciOiJIUzI1NiJ9.eyJ1c2VyX2lkIjoxMDAwNTk0NSwidXNlcm5hbWUiOiIxNzYyMTk0Nzc3NyIsImV4cCI6MTcxNDAyNjU4NSwiZW1haWwiOm51bGx9.xdvBdui7Ty2CIIHH-WePSWR5ux9_AT9fVPg3-0d3EfU"
}
[2024-04-18 14:29:19,053][rest_client.py 34][INFO]: 接口请求的地址>>>http://admin.5istudy.online/login/
[2024-04-18 14:29:19,053][rest_client.py 35][INFO]: 接口请求的方法>>>POST
[2024-04-18 14:29:19,053][rest_client.py 39][INFO]: 接口请求的json参数>>>
{
  "username": "17621947888",
  "password": "123456"
}
[2024-04-18 14:29:19,137][rest_client.py 16][INFO]: 接口返回内容为>>>
{
  "non_field_errors": [
    "无法使用提供的认证信息登录。"
  ]
}
[2024-04-18 14:32:31,688][rest_client.py 34][INFO]: 接口请求的地址>>>http://admin.5istudy.online/login/
[2024-04-18 14:32:31,688][rest_client.py 35][INFO]: 接口请求的方法>>>POST
[2024-04-18 14:32:31,689][rest_client.py 39][INFO]: 接口请求的json参数>>>
{
  "username": "17621947777",
  "password": "123456"
}
[2024-04-18 14:32:31,888][rest_client.py 16][INFO]: 接口返回内容为>>>
{
  "token": "eyJ0eXAiOiJKV1QiLCJhbGciOiJIUzI1NiJ9.eyJ1c2VyX2lkIjoxMDAwNTk0NSwidXNlcm5hbWUiOiIxNzYyMTk0Nzc3NyIsImV4cCI6MTcxNDAyNjc3OCwiZW1haWwiOm51bGx9.PspWNzFT_ylm-PbxdDjHVhMtorDgvF9Euk5Z1C6pe4Q"
}
[2024-04-18 14:33:20,904][rest_client.py 34][INFO]: 接口请求的地址>>>http://admin.5istudy.online/login/
[2024-04-18 14:33:20,904][rest_client.py 35][INFO]: 接口请求的方法>>>POST
[2024-04-18 14:33:20,904][rest_client.py 39][INFO]: 接口请求的json参数>>>
{
  "username": "17621947777",
  "password": "123456"
}
[2024-04-18 14:33:21,085][rest_client.py 16][INFO]: 接口返回内容为>>>
{
  "token": "eyJ0eXAiOiJKV1QiLCJhbGciOiJIUzI1NiJ9.eyJ1c2VyX2lkIjoxMDAwNTk0NSwidXNlcm5hbWUiOiIxNzYyMTk0Nzc3NyIsImV4cCI6MTcxNDAyNjgyNywiZW1haWwiOm51bGx9.vGWRRAWfEWlW7HGxEu0WBSprm095YAG_3-3EjPiRTuk"
}
[2024-04-18 14:33:50,198][rest_client.py 34][INFO]: 接口请求的地址>>>http://admin.5istudy.online/login/
[2024-04-18 14:33:50,198][rest_client.py 35][INFO]: 接口请求的方法>>>POST
[2024-04-18 14:33:50,199][rest_client.py 39][INFO]: 接口请求的json参数>>>
{
  "username": "17621947777",
  "password": "123456"
}
[2024-04-18 14:33:50,351][rest_client.py 16][INFO]: 接口返回内容为>>>
{
  "token": "eyJ0eXAiOiJKV1QiLCJhbGciOiJIUzI1NiJ9.eyJ1c2VyX2lkIjoxMDAwNTk0NSwidXNlcm5hbWUiOiIxNzYyMTk0Nzc3NyIsImV4cCI6MTcxNDAyNjg1NiwiZW1haWwiOm51bGx9.up8r4b37SRWbVf2KAWp1iXi9dwoHxUiVWZ6KFRL9CHY"
}
[2024-04-18 14:35:41,951][rest_client.py 34][INFO]: 接口请求的地址>>>http://admin.5istudy.online/login/
[2024-04-18 14:35:41,951][rest_client.py 35][INFO]: 接口请求的方法>>>POST
[2024-04-18 14:35:41,952][rest_client.py 39][INFO]: 接口请求的json参数>>>
{
  "username": "17621947777",
  "password": "123456"
}
[2024-04-18 14:35:42,127][rest_client.py 16][INFO]: 接口返回内容为>>>
{
  "token": "eyJ0eXAiOiJKV1QiLCJhbGciOiJIUzI1NiJ9.eyJ1c2VyX2lkIjoxMDAwNTk0NSwidXNlcm5hbWUiOiIxNzYyMTk0Nzc3NyIsImV4cCI6MTcxNDAyNjk2OCwiZW1haWwiOm51bGx9.mI4oDTCrj-UbrkoE_6zi4iPhPdS8W4Ej9M4AhZJB9oQ"
}
[2024-04-18 14:37:36,572][rest_client.py 34][INFO]: 接口请求的地址>>>http://admin.5istudy.online/login/
[2024-04-18 14:37:36,573][rest_client.py 35][INFO]: 接口请求的方法>>>POST
[2024-04-18 14:37:36,573][rest_client.py 39][INFO]: 接口请求的json参数>>>
{
  "username": "17621947777",
  "password": "123456"
}
[2024-04-18 14:37:36,908][rest_client.py 16][INFO]: 接口返回内容为>>>
{
  "token": "eyJ0eXAiOiJKV1QiLCJhbGciOiJIUzI1NiJ9.eyJ1c2VyX2lkIjoxMDAwNTk0NSwidXNlcm5hbWUiOiIxNzYyMTk0Nzc3NyIsImV4cCI6MTcxNDAyNzA4MywiZW1haWwiOm51bGx9.uhjkRVcARLB9gDF6a740K418Lr_ywwuFDRIjwsuz6Ks"
}
[2024-04-18 14:39:29,548][rest_client.py 34][INFO]: 接口请求的地址>>>http://admin.5istudy.online/login/
[2024-04-18 14:39:29,548][rest_client.py 35][INFO]: 接口请求的方法>>>POST
[2024-04-18 14:39:29,548][rest_client.py 39][INFO]: 接口请求的json参数>>>
{
  "username": "17621947777",
  "password": "123456"
}
[2024-04-18 14:39:29,909][rest_client.py 16][INFO]: 接口返回内容为>>>
{
  "token": "eyJ0eXAiOiJKV1QiLCJhbGciOiJIUzI1NiJ9.eyJ1c2VyX2lkIjoxMDAwNTk0NSwidXNlcm5hbWUiOiIxNzYyMTk0Nzc3NyIsImV4cCI6MTcxNDAyNzE5NiwiZW1haWwiOm51bGx9.nkhBvinr2Zuws4WY_oEMdlVWTU3mxV_MCBptpLaai4I"
}
[2024-04-18 14:39:29,912][rest_client.py 34][INFO]: 接口请求的地址>>>http://admin.5istudy.online/orders/
[2024-04-18 14:39:29,912][rest_client.py 35][INFO]: 接口请求的方法>>>GET
[2024-04-18 14:39:29,975][rest_client.py 16][INFO]: 接口返回内容为>>>
{
  "detail": "身份认证信息未提供。"
}
[2024-04-18 14:40:53,748][rest_client.py 34][INFO]: 接口请求的地址>>>http://admin.5istudy.online/login/
[2024-04-18 14:40:53,749][rest_client.py 35][INFO]: 接口请求的方法>>>POST
[2024-04-18 14:40:53,749][rest_client.py 39][INFO]: 接口请求的json参数>>>
{
  "username": "17621947777",
  "password": "123456"
}
[2024-04-18 14:40:53,892][rest_client.py 16][INFO]: 接口返回内容为>>>
{
  "token": "eyJ0eXAiOiJKV1QiLCJhbGciOiJIUzI1NiJ9.eyJ1c2VyX2lkIjoxMDAwNTk0NSwidXNlcm5hbWUiOiIxNzYyMTk0Nzc3NyIsImV4cCI6MTcxNDAyNzI4MCwiZW1haWwiOm51bGx9.oVJn_w6AiRHoFeePEWsWWUbp7P80LXx-y5qSb16Vl0U"
}
[2024-04-18 14:41:02,445][rest_client.py 34][INFO]: 接口请求的地址>>>http://admin.5istudy.online/orders/
[2024-04-18 14:41:02,445][rest_client.py 35][INFO]: 接口请求的方法>>>GET
[2024-04-18 14:41:02,526][rest_client.py 16][INFO]: 接口返回内容为>>>
{
  "detail": "身份认证信息未提供。"
}
[2024-04-18 14:44:21,182][rest_client.py 34][INFO]: 接口请求的地址>>>http://admin.5istudy.online/login/
[2024-04-18 14:44:21,182][rest_client.py 35][INFO]: 接口请求的方法>>>POST
[2024-04-18 14:44:21,182][rest_client.py 39][INFO]: 接口请求的json参数>>>
{
  "username": "17621947777",
  "password": "123456"
}
[2024-04-18 14:44:21,561][rest_client.py 16][INFO]: 接口返回内容为>>>
{
  "token": "eyJ0eXAiOiJKV1QiLCJhbGciOiJIUzI1NiJ9.eyJ1c2VyX2lkIjoxMDAwNTk0NSwidXNlcm5hbWUiOiIxNzYyMTk0Nzc3NyIsImV4cCI6MTcxNDAyNzQ4NywiZW1haWwiOm51bGx9.lN-1o7jZay__AWC1PWu8Vn01EBp5T5LLTYgT_a0Zejg"
}
[2024-04-18 14:45:25,059][rest_client.py 34][INFO]: 接口请求的地址>>>http://admin.5istudy.online/login/
[2024-04-18 14:45:25,059][rest_client.py 35][INFO]: 接口请求的方法>>>POST
[2024-04-18 14:45:25,059][rest_client.py 39][INFO]: 接口请求的json参数>>>
{
  "username": "17621947777",
  "password": "123456"
}
[2024-04-18 14:45:25,238][rest_client.py 16][INFO]: 接口返回内容为>>>
{
  "token": "eyJ0eXAiOiJKV1QiLCJhbGciOiJIUzI1NiJ9.eyJ1c2VyX2lkIjoxMDAwNTk0NSwidXNlcm5hbWUiOiIxNzYyMTk0Nzc3NyIsImV4cCI6MTcxNDAyNzU1MSwiZW1haWwiOm51bGx9.OQ3KRSY9072XV91fsYjiwvDwoxplRu3wx90DYTTpdYs"
}
[2024-04-18 14:45:37,436][rest_client.py 34][INFO]: 接口请求的地址>>>http://admin.5istudy.online/login/
[2024-04-18 14:45:37,436][rest_client.py 35][INFO]: 接口请求的方法>>>POST
[2024-04-18 14:45:37,436][rest_client.py 39][INFO]: 接口请求的json参数>>>
{
  "username": "17621947777",
  "password": "123456"
}
[2024-04-18 14:45:37,601][rest_client.py 16][INFO]: 接口返回内容为>>>
{
  "token": "eyJ0eXAiOiJKV1QiLCJhbGciOiJIUzI1NiJ9.eyJ1c2VyX2lkIjoxMDAwNTk0NSwidXNlcm5hbWUiOiIxNzYyMTk0Nzc3NyIsImV4cCI6MTcxNDAyNzU2MywiZW1haWwiOm51bGx9.w5DCuxCCSGDyLG34hQ6wtUYAiz2zTlan_R93BvoSQok"
}
[2024-04-18 14:45:37,603][rest_client.py 34][INFO]: 接口请求的地址>>>http://admin.5istudy.online/orders/
[2024-04-18 14:45:37,603][rest_client.py 35][INFO]: 接口请求的方法>>>GET
[2024-04-18 14:45:37,946][rest_client.py 16][INFO]: 接口返回内容为>>>
[
  {
    "id": 8749,
    "pay_status": "paying",
    "order_sn": "202404180922421000594585",
    "trade_no": null,
    "pay_time": null,
    "add_time": "2024-04-18 09:22:42",
    "alipay_url": "https://openapi-sandbox.dl.alipaydev.com/gateway.do?app_id=9021000123614494&biz_content=%7B%22subject%22%3A%22202404180922421000594585%22%2C%22out_trade_no%22%3A%22202404180922421000594585%22%2C%22total_amount%22%3A0.01%2C%22product_code%22%3A%22FAST_INSTANT_TRADE_PAY%22%7D&charset=utf-8&method=alipay.trade.page.pay&notify_url=http%3A%2F%2Fadmin.5istudy.online%2Falipay%2Freturn%2F&return_url=http%3A%2F%2Fadmin.5istudy.online%2Falipay%2Freturn%2F&sign_type=RSA2&timestamp=2024-04-18+14%3A46%3A04&version=1.0&sign=BSErDdiVodzTUTBL%2FeJDZ84jHp9vWn1mc5S0ArId0fDeKRdCpRp2AMiP5D0HdsXsklfm01GhAqg2FCAWFrmnfjTTk3QXoyqjgcxOTEHorY6r9QpVImlXCcedkQu915Mqc4FAUzlZyUgS0fQ%2F%2BQUCVdaRJk9LOnBTKH53FqQBkuxtO8EnJ3XoMPBBdIJEa3vumo9YeQq0TNoXV6b0ts9WyO6rIsRsDzlODN69RYjH3jLmj4XbRQ6GtdLfEA1tY%2F8sZ5%2FwhaSCAxH%2FIG%2FcZ8gi%2FPiEvKwzDlKmTQKLunh1ONk7RH7%2FHvNCTHGKQgXLYJ33l7CYjdY05%2FVeJm5R%2F0WLzQ%3D%3D",
    "post_script": "11111测试下个单~~",
    "order_mount": 0.01,
    "address": "广东省广州市天河区车陂北街富力万科云启",
    "signer_name": "江畔独步",
    "singer_mobile": "17621947856"
  },
  {
    "id": 8750,
    "pay_status": "paying",
    "order_sn": "202404180923311000594517",
    "trade_no": null,
    "pay_time": null,
    "add_time": "2024-04-18 09:23:31",
    "alipay_url": "https://openapi-sandbox.dl.alipaydev.com/gateway.do?app_id=9021000123614494&biz_content=%7B%22subject%22%3A%22202404180923311000594517%22%2C%22out_trade_no%22%3A%22202404180923311000594517%22%2C%22total_amount%22%3A9.0%2C%22product_code%22%3A%22FAST_INSTANT_TRADE_PAY%22%7D&charset=utf-8&method=alipay.trade.page.pay&notify_url=http%3A%2F%2Fadmin.5istudy.online%2Falipay%2Freturn%2F&return_url=http%3A%2F%2Fadmin.5istudy.online%2Falipay%2Freturn%2F&sign_type=RSA2&timestamp=2024-04-18+14%3A46%3A04&version=1.0&sign=T%2F%2Feccf74fN6yDRkhJaOOMRQfG0h7nO1iZE85w7yRHczy1wzg7z7yKNQDvc1RqZkEdVMxFzhqzzdSj4oE2iuFFrbLNMxaAD4YgigimNeEKreKrhu0qMNuPEvlVi%2BhNCnAY84Kk%2By7lc9YfTRnNyKNOxHvLpRrn0CbR19JS6GQ2rfxAQ0f4FFtlW%2Fuqxo53SoOoertOvnCr3RFFuX0DSm9WKl6M2r7uLjHw4zGytOngnLPyzTKQWAcezetAM%2FD8%2B5%2FM5GIYjviJ0Egd3ml%2BBY%2BteebSM%2FASfqkDZb0S4YpdytlrNaD05hCOxQfBEK%2BLykfEykdJx1wsOqLE0xUpRt7w%3D%3D",
    "post_script": "222222测试再下个单~~~",
    "order_mount": 9.0,
    "address": "广东省广州市天河区车陂北街富力万科云启",
    "signer_name": "江畔独步",
    "singer_mobile": "17621947856"
  }
]
[2024-04-18 14:47:36,658][rest_client.py 34][INFO]: 接口请求的地址>>>http://admin.5istudy.online/login/
[2024-04-18 14:47:36,658][rest_client.py 35][INFO]: 接口请求的方法>>>POST
[2024-04-18 14:47:36,658][rest_client.py 39][INFO]: 接口请求的json参数>>>
{
  "username": "17621947777",
  "password": "123456"
}
[2024-04-18 14:47:36,813][rest_client.py 16][INFO]: 接口返回内容为>>>
{
  "token": "eyJ0eXAiOiJKV1QiLCJhbGciOiJIUzI1NiJ9.eyJ1c2VyX2lkIjoxMDAwNTk0NSwidXNlcm5hbWUiOiIxNzYyMTk0Nzc3NyIsImV4cCI6MTcxNDAyNzY4MywiZW1haWwiOm51bGx9.3OJRvIwRmB0mhSRG6RxqyI_fEZOwqZFai6PbuZOsc8M"
}
[2024-04-18 14:47:36,815][rest_client.py 34][INFO]: 接口请求的地址>>>http://admin.5istudy.online/orders/
[2024-04-18 14:47:36,815][rest_client.py 35][INFO]: 接口请求的方法>>>GET
[2024-04-18 14:47:37,079][rest_client.py 16][INFO]: 接口返回内容为>>>
[
  {
    "id": 8749,
    "pay_status": "paying",
    "order_sn": "202404180922421000594585",
    "trade_no": null,
    "pay_time": null,
    "add_time": "2024-04-18 09:22:42",
    "alipay_url": "https://openapi-sandbox.dl.alipaydev.com/gateway.do?app_id=9021000123614494&biz_content=%7B%22subject%22%3A%22202404180922421000594585%22%2C%22out_trade_no%22%3A%22202404180922421000594585%22%2C%22total_amount%22%3A0.01%2C%22product_code%22%3A%22FAST_INSTANT_TRADE_PAY%22%7D&charset=utf-8&method=alipay.trade.page.pay&notify_url=http%3A%2F%2Fadmin.5istudy.online%2Falipay%2Freturn%2F&return_url=http%3A%2F%2Fadmin.5istudy.online%2Falipay%2Freturn%2F&sign_type=RSA2&timestamp=2024-04-18+14%3A48%3A03&version=1.0&sign=POBExN0YNR2nWJPqaskn44szybyxUQ5NV%2Br%2BYACEsp8ipaCFsC6GVWN0H7WD4RkahtgVWmUFpFM3afhrlS3A82%2FhCTgQkwJjgSc0Rw4rzT%2FfuV%2BXVhUpZ%2BB%2Bk7Dqd14z6bvPYED2yplSbplTgPoj7iff16ADkZx0apNrAs60KrUVzldHgWPSdIR13K2Z2dsrcBlII8sfeEXkdr9CRZX1GTQg%2BXaDSTBeeWrIFKcaYmCqtyq3wZp9X%2FBKiFUznRJ1BdVylHlAFacZE2mwgp8%2BQp1hL6%2FnfzbZkLVnSX50YnWp9kLwjHnphKGksbk1g39pIcrbTqeBlubWWbw5Mw7Udw%3D%3D",
    "post_script": "11111测试下个单~~",
    "order_mount": 0.01,
    "address": "广东省广州市天河区车陂北街富力万科云启",
    "signer_name": "江畔独步",
    "singer_mobile": "17621947856"
  },
  {
    "id": 8750,
    "pay_status": "paying",
    "order_sn": "202404180923311000594517",
    "trade_no": null,
    "pay_time": null,
    "add_time": "2024-04-18 09:23:31",
    "alipay_url": "https://openapi-sandbox.dl.alipaydev.com/gateway.do?app_id=9021000123614494&biz_content=%7B%22subject%22%3A%22202404180923311000594517%22%2C%22out_trade_no%22%3A%22202404180923311000594517%22%2C%22total_amount%22%3A9.0%2C%22product_code%22%3A%22FAST_INSTANT_TRADE_PAY%22%7D&charset=utf-8&method=alipay.trade.page.pay&notify_url=http%3A%2F%2Fadmin.5istudy.online%2Falipay%2Freturn%2F&return_url=http%3A%2F%2Fadmin.5istudy.online%2Falipay%2Freturn%2F&sign_type=RSA2&timestamp=2024-04-18+14%3A48%3A03&version=1.0&sign=d0nFGKsVxCZBUIhldalMBgOqx4RAL%2B9FMQcTTXFOLsUtcOlOt3mp1Je7jadFMYM0SRVA%2FkXavupJTof8FdWFjGVHuyrmtTNU%2F5n050cfAeGzVn4tm%2FnClgr7%2FLKgF7VacCvcPOt586HtS2w8%2B9u%2FeXXUyPdGTgLXmHAWPQYM341dSrPH%2BcjVwR0VPbVReltsaWYH5gf1T0vt%2F43iFELjClrBpkp1oLbtd%2BMLptwNmMPuBllB%2BYTHUBEZdT1ZFXOikCXeFEty0e8jzwiupQ%2FwHn8IWmBBIRTqF6sKDzsPSgZWaNLqBfQHoo7EH%2FTmXYQuxf%2FllIwEUxNugwj4JblJww%3D%3D",
    "post_script": "222222测试再下个单~~~",
    "order_mount": 9.0,
    "address": "广东省广州市天河区车陂北街富力万科云启",
    "signer_name": "江畔独步",
    "singer_mobile": "17621947856"
  }
]
[2024-04-18 15:36:53,528][rest_client.py 34][INFO]: 接口请求的地址>>>http://admin.5istudy.online/login/
[2024-04-18 15:36:53,528][rest_client.py 35][INFO]: 接口请求的方法>>>POST
[2024-04-18 15:36:53,528][rest_client.py 39][INFO]: 接口请求的json参数>>>
{
  "username": "17621947777",
  "password": "123456"
}
[2024-04-18 15:36:53,867][rest_client.py 16][INFO]: 接口返回内容为>>>
{
  "token": "eyJ0eXAiOiJKV1QiLCJhbGciOiJIUzI1NiJ9.eyJ1c2VyX2lkIjoxMDAwNTk0NSwidXNlcm5hbWUiOiIxNzYyMTk0Nzc3NyIsImV4cCI6MTcxNDAzMDY0MCwiZW1haWwiOm51bGx9.rvjJDEBLT6W_ZoeIZITH0_5xjYI7A_9LSuV6ju2slvY"
}
[2024-04-18 15:36:53,870][rest_client.py 34][INFO]: 接口请求的地址>>>http://admin.5istudy.online/orders/
[2024-04-18 15:36:53,870][rest_client.py 35][INFO]: 接口请求的方法>>>GET
[2024-04-18 15:36:54,128][rest_client.py 16][INFO]: 接口返回内容为>>>
[
  {
    "id": 8749,
    "pay_status": "paying",
    "order_sn": "202404180922421000594585",
    "trade_no": null,
    "pay_time": null,
    "add_time": "2024-04-18 09:22:42",
    "alipay_url": "https://openapi-sandbox.dl.alipaydev.com/gateway.do?app_id=9021000123614494&biz_content=%7B%22subject%22%3A%22202404180922421000594585%22%2C%22out_trade_no%22%3A%22202404180922421000594585%22%2C%22total_amount%22%3A0.01%2C%22product_code%22%3A%22FAST_INSTANT_TRADE_PAY%22%7D&charset=utf-8&method=alipay.trade.page.pay&notify_url=http%3A%2F%2Fadmin.5istudy.online%2Falipay%2Freturn%2F&return_url=http%3A%2F%2Fadmin.5istudy.online%2Falipay%2Freturn%2F&sign_type=RSA2&timestamp=2024-04-18+15%3A37%3A20&version=1.0&sign=cW8sRv4ZkDNqEQ6dg8sW4ZICjP%2F6zqHTf8LPCc9RN%2BUKF321Z5KbJRyBLuexLogb9n3%2Fz6RR4PZzsHnKRxVQL1fwpahdcHFwXh%2F6EoZlhIby0zZjcTGKkZC133UPQVzoX5ojaaDt%2F0q9q6RtpWJG7PFO7A8qXRRyyDkbBOEftSNUtLYu%2FH5cCt8STIaBjfOiuJpT%2FF1Rn98wyS2DP9%2B1zGYvXQgvuhfm72%2BvMSHB%2BmVoHiCBKXmIGtl3snsRLOzH3pJRuFl1wdSYSW%2BV3%2FvjiACLYOavcSe0h2pbQYghHzFPROcNWKu8hY1w3%2F9FdVwtdwCXC6cEFBNru5h927IFDQ%3D%3D",
    "post_script": "11111测试下个单~~",
    "order_mount": 0.01,
    "address": "广东省广州市天河区车陂北街富力万科云启",
    "signer_name": "江畔独步",
    "singer_mobile": "17621947856"
  },
  {
    "id": 8750,
    "pay_status": "paying",
    "order_sn": "202404180923311000594517",
    "trade_no": null,
    "pay_time": null,
    "add_time": "2024-04-18 09:23:31",
    "alipay_url": "https://openapi-sandbox.dl.alipaydev.com/gateway.do?app_id=9021000123614494&biz_content=%7B%22subject%22%3A%22202404180923311000594517%22%2C%22out_trade_no%22%3A%22202404180923311000594517%22%2C%22total_amount%22%3A9.0%2C%22product_code%22%3A%22FAST_INSTANT_TRADE_PAY%22%7D&charset=utf-8&method=alipay.trade.page.pay&notify_url=http%3A%2F%2Fadmin.5istudy.online%2Falipay%2Freturn%2F&return_url=http%3A%2F%2Fadmin.5istudy.online%2Falipay%2Freturn%2F&sign_type=RSA2&timestamp=2024-04-18+15%3A37%3A20&version=1.0&sign=EEoCaaMI7%2BjKaGfs2PwVRN%2F8WQUB4K8ecsaVGlPq5uCUhw7TfPsq8xx9YOqgP6VPoafzFUKK39Po%2FhmNfOteR6v4VRTjDdwjikj%2BXmbEFddp1pKQJjMdzvn9LrMSxpIYS42dtA7VRI5cMlNsoltcNexcNBLjHIqIkMfNJIuzpv7vbVbAyKatLBhzbO7LwWeeB44lVPGf5SBbNSqyCtCXTEdBkPLY%2FGbuPIeMuIM%2FsZl8nmFyUuhxFbwP0Fk4iKlUhQUfyodnjDq3YTzYfDMUHcbCsj2unyN5vANL5WIaLNFZ8heiwmlvfuaTadTyz9EUGL0kXLT5FD7EpwJ61ceBWw%3D%3D",
    "post_script": "222222测试再下个单~~~",
    "order_mount": 9.0,
    "address": "广东省广州市天河区车陂北街富力万科云启",
    "signer_name": "江畔独步",
    "singer_mobile": "17621947856"
  }
]
[2024-04-18 15:37:53,131][rest_client.py 34][INFO]: 接口请求的地址>>>http://admin.5istudy.online/login/
[2024-04-18 15:37:53,131][rest_client.py 35][INFO]: 接口请求的方法>>>POST
[2024-04-18 15:37:53,131][rest_client.py 39][INFO]: 接口请求的json参数>>>
{
  "username": "17621947777",
  "password": "123456"
}
[2024-04-18 15:37:53,283][rest_client.py 16][INFO]: 接口返回内容为>>>
{
  "token": "eyJ0eXAiOiJKV1QiLCJhbGciOiJIUzI1NiJ9.eyJ1c2VyX2lkIjoxMDAwNTk0NSwidXNlcm5hbWUiOiIxNzYyMTk0Nzc3NyIsImV4cCI6MTcxNDAzMDY5OSwiZW1haWwiOm51bGx9.9is9wh2holQNHjgXYIUMhCBKkYVGrhRthdrDNQJ3oJY"
}
[2024-04-18 15:37:53,285][rest_client.py 34][INFO]: 接口请求的地址>>>http://admin.5istudy.online/orders/
[2024-04-18 15:37:53,286][rest_client.py 35][INFO]: 接口请求的方法>>>GET
[2024-04-18 15:37:53,547][rest_client.py 16][INFO]: 接口返回内容为>>>
[
  {
    "id": 8749,
    "pay_status": "paying",
    "order_sn": "202404180922421000594585",
    "trade_no": null,
    "pay_time": null,
    "add_time": "2024-04-18 09:22:42",
    "alipay_url": "https://openapi-sandbox.dl.alipaydev.com/gateway.do?app_id=9021000123614494&biz_content=%7B%22subject%22%3A%22202404180922421000594585%22%2C%22out_trade_no%22%3A%22202404180922421000594585%22%2C%22total_amount%22%3A0.01%2C%22product_code%22%3A%22FAST_INSTANT_TRADE_PAY%22%7D&charset=utf-8&method=alipay.trade.page.pay&notify_url=http%3A%2F%2Fadmin.5istudy.online%2Falipay%2Freturn%2F&return_url=http%3A%2F%2Fadmin.5istudy.online%2Falipay%2Freturn%2F&sign_type=RSA2&timestamp=2024-04-18+15%3A38%3A19&version=1.0&sign=luU7nrPeIyTDkj9t6vqhXHX6Kkorrf4kJXKTv5KzOh3Tf3JkwWGaCgy2tl%2FL3U4a7qEqlHrSSLbOlhICYxuxJdPVyF8O8Y%2FPnveHxzfhaN8NOz3VJtzbDk4clvk7DdelOtbGa16QmFVhacpHEsfEgNZP7tzxxUSiJDWZkeLf%2Bn5TDW%2FvJLIxApVZEOPc3cKHPA4zLH%2BXfxKtfEkrg1oxEQhZmkE9UP1NNYlf7RWRDbZxTmbS6mUH7c7jGNmyh1XBOfgQGHGQL%2BA3JuDz%2FTO7DtnW6M%2FpNI7ALa5IODXZZUGOoHUtk3%2FpAI9HyJnxdtIqGJAcScaPq%2FDZMjzyTGh6Gw%3D%3D",
    "post_script": "11111测试下个单~~",
    "order_mount": 0.01,
    "address": "广东省广州市天河区车陂北街富力万科云启",
    "signer_name": "江畔独步",
    "singer_mobile": "17621947856"
  },
  {
    "id": 8750,
    "pay_status": "paying",
    "order_sn": "202404180923311000594517",
    "trade_no": null,
    "pay_time": null,
    "add_time": "2024-04-18 09:23:31",
    "alipay_url": "https://openapi-sandbox.dl.alipaydev.com/gateway.do?app_id=9021000123614494&biz_content=%7B%22subject%22%3A%22202404180923311000594517%22%2C%22out_trade_no%22%3A%22202404180923311000594517%22%2C%22total_amount%22%3A9.0%2C%22product_code%22%3A%22FAST_INSTANT_TRADE_PAY%22%7D&charset=utf-8&method=alipay.trade.page.pay&notify_url=http%3A%2F%2Fadmin.5istudy.online%2Falipay%2Freturn%2F&return_url=http%3A%2F%2Fadmin.5istudy.online%2Falipay%2Freturn%2F&sign_type=RSA2&timestamp=2024-04-18+15%3A38%3A19&version=1.0&sign=C4NFuU%2BPtPfF4iVYVs62vHKCsi0WdQCXZpwv0acMRFo1iQ7ZNsZLuSOMCAgV6gkGJVB%2BVwHd0af008%2BmxjLipzSMyzPFXfJkaMwJLroRkA%2FGkD1opgKFcHDU0gDo36CNUtbaUmRHKOoeoDZ7Hpa6Z2i%2ByzIOBlKWpAFNAcM3Y7WLn01oZAlb9MNzdY1E5nnlkWQ5rUHonXbAXTSqBNbBPPflKY1rLxM1rRCvHZlGLdVXAcDY5xltcJIZQ2S%2BRCJBx5kjBZbbddgvwruzohJ6Hy7SIR8CeEdlUt25ktVPyGFu9VZW%2FJ6FQgSeUU1gvhbXkL0n2xW%2B8C49FkVbQq8%2FWw%3D%3D",
    "post_script": "222222测试再下个单~~~",
    "order_mount": 9.0,
    "address": "广东省广州市天河区车陂北街富力万科云启",
    "signer_name": "江畔独步",
    "singer_mobile": "17621947856"
  }
]
