[2024-04-16 10:46:25,351][rest_client.py 40][INFO]: 接口请求的地址>>>http://admin.5istudy.online/login/
[2024-04-16 10:46:25,351][rest_client.py 41][INFO]: 接口请求的方法>>>POST
[2024-04-16 10:46:25,352][rest_client.py 45][INFO]: 接口请求的json参数>>>
{
  "username": "17621947777",
  "password": "123456"
}
[2024-04-16 10:46:25,696][response_util.py 12][INFO]: 接口返回参数>>>
{
  "token": "eyJ0eXAiOiJKV1QiLCJhbGciOiJIUzI1NiJ9.eyJ1c2VyX2lkIjoxMDAwNTk0NSwidXNlcm5hbWUiOiIxNzYyMTk0Nzc3NyIsImV4cCI6MTcxMzg0MDQwOCwiZW1haWwiOm51bGx9.7YEn_X6pxxqoSjLyqbTuXFMyC1ERxXH5BHh_a5bPMck"
}
[2024-04-16 10:46:25,699][rest_client.py 40][INFO]: 接口请求的地址>>>http://admin.5istudy.online/messages/
[2024-04-16 10:46:25,699][rest_client.py 41][INFO]: 接口请求的方法>>>POST
[2024-04-16 10:46:25,699][rest_client.py 43][INFO]: 接口请求的data参数>>>
{
  "subject": "17621947777--\u6d4b\u8bd5\u7559\u8a00",
  "message": "\u6025\u6025\u6025\u6025\u6025\u6025\uff01\uff01\uff01",
  "message_type": 1
}
[2024-04-16 10:46:25,766][response_util.py 12][INFO]: 接口返回参数>>>
{
  "message_type": 1,
  "subject": "17621947777--\u6d4b\u8bd5\u7559\u8a00",
  "message": "\u6025\u6025\u6025\u6025\u6025\u6025\uff01\uff01\uff01",
  "file": "http://admin.5istudy.online/media/message/images/test_upload_B0sZOmI.jpg",
  "id": 113075,
  "add_time": "2024-04-16 10:46:48"
}
[2024-04-16 10:51:25,924][rest_client.py 40][INFO]: 接口请求的地址>>>http://admin.5istudy.online/login/
[2024-04-16 10:51:25,924][rest_client.py 41][INFO]: 接口请求的方法>>>POST
[2024-04-16 10:51:25,924][rest_client.py 45][INFO]: 接口请求的json参数>>>
{
  "username": "17621947777",
  "password": "123456"
}
[2024-04-16 10:51:26,074][response_util.py 12][INFO]: 接口返回参数>>>
{
  "token": "eyJ0eXAiOiJKV1QiLCJhbGciOiJIUzI1NiJ9.eyJ1c2VyX2lkIjoxMDAwNTk0NSwidXNlcm5hbWUiOiIxNzYyMTk0Nzc3NyIsImV4cCI6MTcxMzg0MDcwOCwiZW1haWwiOm51bGx9.-lTh2mRk2-3kSyOYgVy24xM1AgxfQaVMeWlIICMNxb8"
}
[2024-04-16 10:51:26,077][rest_client.py 40][INFO]: 接口请求的地址>>>http://admin.5istudy.online/messages/
[2024-04-16 10:51:26,077][rest_client.py 41][INFO]: 接口请求的方法>>>POST
[2024-04-16 10:51:26,077][rest_client.py 43][INFO]: 接口请求的data参数>>>
{
  "subject": "17621947777--测试留言",
  "message": "急急急急急急！！！",
  "message_type": 1
}
[2024-04-16 10:51:26,150][response_util.py 12][INFO]: 接口返回参数>>>
{
  "message_type": 1,
  "subject": "17621947777--测试留言",
  "message": "急急急急急急！！！",
  "file": "http://admin.5istudy.online/media/message/images/test_upload_boOCJSH.jpg",
  "id": 113076,
  "add_time": "2024-04-16 10:51:48"
}
[2024-04-16 10:53:10,883][rest_client.py 40][INFO]: 接口请求的地址>>>http://admin.5istudy.online/login/
[2024-04-16 10:53:10,883][rest_client.py 41][INFO]: 接口请求的方法>>>POST
[2024-04-16 10:53:10,883][rest_client.py 45][INFO]: 接口请求的json参数>>>
{
  "username": "17621947777",
  "password": "123456"
}
[2024-04-16 10:53:11,031][response_util.py 12][INFO]: 接口返回参数>>>
{
  "token": "eyJ0eXAiOiJKV1QiLCJhbGciOiJIUzI1NiJ9.eyJ1c2VyX2lkIjoxMDAwNTk0NSwidXNlcm5hbWUiOiIxNzYyMTk0Nzc3NyIsImV4cCI6MTcxMzg0MDgxMywiZW1haWwiOm51bGx9.1Uo0O6x5TKLRfGScI7M3HiKsakEFo-RcxAc3hIdrXkM"
}
[2024-04-16 10:53:11,035][rest_client.py 40][INFO]: 接口请求的地址>>>http://admin.5istudy.online/messages/
[2024-04-16 10:53:11,035][rest_client.py 41][INFO]: 接口请求的方法>>>POST
[2024-04-16 10:53:11,035][rest_client.py 43][INFO]: 接口请求的data参数>>>
{
  "subject": "17621947777--测试留言",
  "message": "急急急急急急！！！",
  "message_type": 1
}
[2024-04-16 10:53:11,144][response_util.py 12][INFO]: 接口返回参数>>>
{
  "message_type": 1,
  "subject": "17621947777--测试留言",
  "message": "急急急急急急！！！",
  "file": "http://admin.5istudy.online/media/message/images/test_upload_q3aaP8b.jpg",
  "id": 113077,
  "add_time": "2024-04-16 10:53:33"
}
[2024-04-16 11:23:17,610][rest_client.py 40][INFO]: 接口请求的地址>>>http://admin.5istudy.online/login/
[2024-04-16 11:23:17,610][rest_client.py 41][INFO]: 接口请求的方法>>>POST
[2024-04-16 11:23:17,611][rest_client.py 45][INFO]: 接口请求的json参数>>>
{
  "username": "17621947777",
  "password": "123456"
}
[2024-04-16 11:23:17,950][response_util.py 12][INFO]: 接口返回参数>>>
{
  "token": "eyJ0eXAiOiJKV1QiLCJhbGciOiJIUzI1NiJ9.eyJ1c2VyX2lkIjoxMDAwNTk0NSwidXNlcm5hbWUiOiIxNzYyMTk0Nzc3NyIsImV4cCI6MTcxMzg0MjYyMCwiZW1haWwiOm51bGx9.3JRnVCMPssGRtta4fDNwQOnYZuWVS2eq4Q4T9-0nFtI"
}
[2024-04-16 11:23:17,953][mysql_util.py 40][INFO]: 执行sql：SELECT id FROM goods_goods
[2024-04-16 11:23:17,982][mysql_util.py 43][INFO]: sql执行结果：[{'id': 100014}, {'id': 100010}, {'id': 11}, {'id': 57}, {'id': 100011}, {'id': 66}, {'id': 85}, {'id': 80}, {'id': 56}, {'id': 58}, {'id': 59}, {'id': 60}, {'id': 61}, {'id': 62}, {'id': 63}, {'id': 64}, {'id': 67}, {'id': 68}, {'id': 69}, {'id': 70}, {'id': 71}, {'id': 100013}, {'id': 2}, {'id': 5}, {'id': 8}, {'id': 12}, {'id': 83}, {'id': 55}, {'id': 13}, {'id': 3}, {'id': 100012}, {'id': 1}, {'id': 4}, {'id': 10}, {'id': 6}, {'id': 9}, {'id': 7}, {'id': 76}, {'id': 26}, {'id': 27}, {'id': 18}, {'id': 21}, {'id': 25}, {'id': 20}, {'id': 23}, {'id': 28}, {'id': 24}, {'id': 17}, {'id': 86}, {'id': 16}, {'id': 19}, {'id': 22}, {'id': 29}, {'id': 15}, {'id': 37}, {'id': 84}, {'id': 87}, {'id': 100000}, {'id': 100001}, {'id': 100002}, {'id': 100003}, {'id': 100004}, {'id': 100005}, {'id': 100006}, {'id': 100007}, {'id': 100008}, {'id': 100009}, {'id': 14}, {'id': 72}, {'id': 73}, {'id': 75}, {'id': 74}, {'id': 79}, {'id': 82}, {'id': 77}, {'id': 78}, {'id': 81}]
[2024-04-16 11:23:17,982][mysql_util.py 28][INFO]: 执行sql：SELECT id FROM users_userprofile WHERE mobile = '17621947777'
[2024-04-16 11:23:18,021][mysql_util.py 31][INFO]: sql执行结果：{'id': 10005945}
[2024-04-16 11:23:18,021][mysql_util.py 28][INFO]: 执行sql：SELECT nums FROM trade_shoppingcart WHERE user_id = 10005945 AND goods_id = 100005
[2024-04-16 11:23:18,046][mysql_util.py 31][INFO]: sql执行结果：None
[2024-04-16 11:23:18,046][rest_client.py 40][INFO]: 接口请求的地址>>>http://admin.5istudy.online/shopcarts/
[2024-04-16 11:23:18,046][rest_client.py 41][INFO]: 接口请求的方法>>>POST
[2024-04-16 11:23:18,046][rest_client.py 45][INFO]: 接口请求的json参数>>>
{
  "goods": "100005",
  "nums": "18"
}
[2024-04-16 11:23:18,129][response_util.py 12][INFO]: 接口返回参数>>>
{
  "nums": 18,
  "goods": 100005
}
[2024-04-16 11:23:18,129][mysql_util.py 28][INFO]: 执行sql：SELECT id FROM users_userprofile WHERE mobile = '17621947777'
[2024-04-16 11:23:18,163][mysql_util.py 31][INFO]: sql执行结果：{'id': 10005945}
[2024-04-16 11:23:18,163][mysql_util.py 28][INFO]: 执行sql：SELECT nums FROM trade_shoppingcart WHERE user_id = 10005945 AND goods_id = 100005
[2024-04-16 11:23:18,192][mysql_util.py 31][INFO]: sql执行结果：{'nums': 18}
[2024-04-16 11:23:18,196][rest_client.py 40][INFO]: 接口请求的地址>>>http://admin.5istudy.online/login/
[2024-04-16 11:23:18,196][rest_client.py 41][INFO]: 接口请求的方法>>>POST
[2024-04-16 11:23:18,197][rest_client.py 45][INFO]: 接口请求的json参数>>>
{
  "username": "17621947777",
  "password": "123456"
}
[2024-04-16 11:23:18,338][response_util.py 12][INFO]: 接口返回参数>>>
{
  "token": "eyJ0eXAiOiJKV1QiLCJhbGciOiJIUzI1NiJ9.eyJ1c2VyX2lkIjoxMDAwNTk0NSwidXNlcm5hbWUiOiIxNzYyMTk0Nzc3NyIsImV4cCI6MTcxMzg0MjYyMSwiZW1haWwiOm51bGx9.X43C61-ojazMrn0WkvjdqX3YzJKObrV019OzihHWcgY"
}
[2024-04-16 11:23:18,342][mysql_util.py 28][INFO]: 执行sql：SELECT id FROM users_userprofile WHERE mobile = '17621947777'
[2024-04-16 11:23:18,371][mysql_util.py 31][INFO]: sql执行结果：{'id': 10005945}
[2024-04-16 11:23:18,371][mysql_util.py 40][INFO]: 执行sql：select goods_id from trade_shoppingcart where user_id = 10005945
[2024-04-16 11:23:18,398][mysql_util.py 43][INFO]: sql执行结果：[{'goods_id': 3}, {'goods_id': 9}, {'goods_id': 12}, {'goods_id': 15}, {'goods_id': 22}, {'goods_id': 61}, {'goods_id': 71}, {'goods_id': 80}, {'goods_id': 83}, {'goods_id': 84}, {'goods_id': 87}, {'goods_id': 100005}]
[2024-04-16 11:23:18,398][mysql_util.py 28][INFO]: 执行sql：SELECT id FROM users_userprofile WHERE mobile = '17621947777'
[2024-04-16 11:23:18,428][mysql_util.py 31][INFO]: sql执行结果：{'id': 10005945}
[2024-04-16 11:23:18,428][mysql_util.py 28][INFO]: 执行sql：SELECT nums FROM trade_shoppingcart WHERE user_id = 10005945 AND goods_id = 3
[2024-04-16 11:23:18,453][mysql_util.py 31][INFO]: sql执行结果：{'nums': 4}
[2024-04-16 11:23:18,453][rest_client.py 40][INFO]: 接口请求的地址>>>http://admin.5istudy.online/shopcarts/
[2024-04-16 11:23:18,453][rest_client.py 41][INFO]: 接口请求的方法>>>POST
[2024-04-16 11:23:18,453][rest_client.py 45][INFO]: 接口请求的json参数>>>
{
  "goods": "3",
  "nums": "7"
}
[2024-04-16 11:23:18,541][response_util.py 12][INFO]: 接口返回参数>>>
{
  "nums": 11,
  "goods": 3
}
[2024-04-16 11:23:18,541][mysql_util.py 28][INFO]: 执行sql：SELECT id FROM users_userprofile WHERE mobile = '17621947777'
[2024-04-16 11:23:18,572][mysql_util.py 31][INFO]: sql执行结果：{'id': 10005945}
[2024-04-16 11:23:18,572][mysql_util.py 28][INFO]: 执行sql：SELECT nums FROM trade_shoppingcart WHERE user_id = 10005945 AND goods_id = 3
[2024-04-16 11:23:18,602][mysql_util.py 31][INFO]: sql执行结果：{'nums': 11}
[2024-04-16 11:27:23,583][rest_client.py 40][INFO]: 接口请求的地址>>>http://admin.5istudy.online/login/
[2024-04-16 11:27:23,583][rest_client.py 41][INFO]: 接口请求的方法>>>POST
[2024-04-16 11:27:23,583][rest_client.py 45][INFO]: 接口请求的json参数>>>
{
  "username": "17621947777",
  "password": "123456"
}
[2024-04-16 11:27:23,789][response_util.py 12][INFO]: 接口返回参数>>>
{
  "token": "eyJ0eXAiOiJKV1QiLCJhbGciOiJIUzI1NiJ9.eyJ1c2VyX2lkIjoxMDAwNTk0NSwidXNlcm5hbWUiOiIxNzYyMTk0Nzc3NyIsImV4cCI6MTcxMzg0Mjg2NiwiZW1haWwiOm51bGx9.zs1yRNBiZV4gZZfiiWNIIZGnK7CM_y5JG5mMYCwnPH0"
}
[2024-04-16 11:27:23,791][rest_client.py 40][INFO]: 接口请求的地址>>>http://admin.5istudy.online/messages/
[2024-04-16 11:27:23,791][rest_client.py 41][INFO]: 接口请求的方法>>>POST
[2024-04-16 11:27:23,791][rest_client.py 43][INFO]: 接口请求的data参数>>>
{
  "subject": "17621947777--测试留言",
  "message": "急急急急急急！！！",
  "message_type": 1
}
[2024-04-16 11:27:23,874][response_util.py 12][INFO]: 接口返回参数>>>
{
  "message_type": 1,
  "subject": "17621947777--测试留言",
  "message": "急急急急急急！！！",
  "file": "http://admin.5istudy.online/media/message/images/test_upload_tdeoGlW.jpg",
  "id": 113078,
  "add_time": "2024-04-16 11:27:46"
}
[2024-04-16 11:27:53,278][rest_client.py 40][INFO]: 接口请求的地址>>>http://admin.5istudy.online/login/
[2024-04-16 11:27:53,278][rest_client.py 41][INFO]: 接口请求的方法>>>POST
[2024-04-16 11:27:53,279][rest_client.py 45][INFO]: 接口请求的json参数>>>
{
  "username": "17621947777",
  "password": "123456"
}
[2024-04-16 11:27:53,434][response_util.py 12][INFO]: 接口返回参数>>>
{
  "token": "eyJ0eXAiOiJKV1QiLCJhbGciOiJIUzI1NiJ9.eyJ1c2VyX2lkIjoxMDAwNTk0NSwidXNlcm5hbWUiOiIxNzYyMTk0Nzc3NyIsImV4cCI6MTcxMzg0Mjg5NiwiZW1haWwiOm51bGx9.1c-w8IhF5niY3JcaDQlZwFZNnAxkHBWdlVyM1jBoPME"
}
[2024-04-16 11:27:53,437][mysql_util.py 40][INFO]: 执行sql：SELECT id FROM goods_goods
[2024-04-16 11:27:53,470][mysql_util.py 43][INFO]: sql执行结果：[{'id': 100014}, {'id': 100010}, {'id': 11}, {'id': 57}, {'id': 100011}, {'id': 66}, {'id': 85}, {'id': 80}, {'id': 56}, {'id': 58}, {'id': 59}, {'id': 60}, {'id': 61}, {'id': 62}, {'id': 63}, {'id': 64}, {'id': 67}, {'id': 68}, {'id': 69}, {'id': 70}, {'id': 71}, {'id': 100013}, {'id': 2}, {'id': 5}, {'id': 8}, {'id': 12}, {'id': 83}, {'id': 55}, {'id': 13}, {'id': 3}, {'id': 100012}, {'id': 1}, {'id': 4}, {'id': 10}, {'id': 6}, {'id': 9}, {'id': 7}, {'id': 76}, {'id': 26}, {'id': 27}, {'id': 18}, {'id': 21}, {'id': 25}, {'id': 20}, {'id': 23}, {'id': 28}, {'id': 24}, {'id': 17}, {'id': 86}, {'id': 16}, {'id': 19}, {'id': 22}, {'id': 29}, {'id': 15}, {'id': 37}, {'id': 84}, {'id': 87}, {'id': 100000}, {'id': 100001}, {'id': 100002}, {'id': 100003}, {'id': 100004}, {'id': 100005}, {'id': 100006}, {'id': 100007}, {'id': 100008}, {'id': 100009}, {'id': 14}, {'id': 72}, {'id': 73}, {'id': 75}, {'id': 74}, {'id': 79}, {'id': 82}, {'id': 77}, {'id': 78}, {'id': 81}]
[2024-04-16 11:27:53,471][mysql_util.py 28][INFO]: 执行sql：SELECT id FROM users_userprofile WHERE mobile = '17621947777'
[2024-04-16 11:27:53,503][mysql_util.py 31][INFO]: sql执行结果：{'id': 10005945}
[2024-04-16 11:27:53,503][mysql_util.py 28][INFO]: 执行sql：SELECT nums FROM trade_shoppingcart WHERE user_id = 10005945 AND goods_id = 72
[2024-04-16 11:27:53,532][mysql_util.py 31][INFO]: sql执行结果：None
[2024-04-16 11:27:53,533][rest_client.py 40][INFO]: 接口请求的地址>>>http://admin.5istudy.online/shopcarts/
[2024-04-16 11:27:53,533][rest_client.py 41][INFO]: 接口请求的方法>>>POST
[2024-04-16 11:27:53,533][rest_client.py 45][INFO]: 接口请求的json参数>>>
{
  "goods": "72",
  "nums": "10"
}
[2024-04-16 11:27:53,632][response_util.py 12][INFO]: 接口返回参数>>>
{
  "nums": 10,
  "goods": 72
}
[2024-04-16 11:27:53,632][mysql_util.py 28][INFO]: 执行sql：SELECT id FROM users_userprofile WHERE mobile = '17621947777'
[2024-04-16 11:27:53,665][mysql_util.py 31][INFO]: sql执行结果：{'id': 10005945}
[2024-04-16 11:27:53,665][mysql_util.py 28][INFO]: 执行sql：SELECT nums FROM trade_shoppingcart WHERE user_id = 10005945 AND goods_id = 72
[2024-04-16 11:27:53,693][mysql_util.py 31][INFO]: sql执行结果：{'nums': 10}
[2024-04-16 11:34:26,726][rest_client.py 40][INFO]: 接口请求的地址>>>http://admin.5istudy.online/login/
[2024-04-16 11:34:26,727][rest_client.py 41][INFO]: 接口请求的方法>>>POST
[2024-04-16 11:34:26,727][rest_client.py 45][INFO]: 接口请求的json参数>>>
{
  "username": "17621947777",
  "password": "123456"
}
[2024-04-16 11:34:26,882][response_util.py 12][INFO]: 接口返回参数>>>
{
  "token": "eyJ0eXAiOiJKV1QiLCJhbGciOiJIUzI1NiJ9.eyJ1c2VyX2lkIjoxMDAwNTk0NSwidXNlcm5hbWUiOiIxNzYyMTk0Nzc3NyIsImV4cCI6MTcxMzg0MzI4OSwiZW1haWwiOm51bGx9.dA1qwjPc9zswNDtTCOdw1h-wxF1f31oSXeiBnlJno8c"
}
[2024-04-16 11:34:26,885][mysql_util.py 40][INFO]: 执行sql：SELECT id FROM goods_goods
[2024-04-16 11:34:26,914][mysql_util.py 43][INFO]: sql执行结果：[{'id': 100014}, {'id': 100010}, {'id': 11}, {'id': 57}, {'id': 100011}, {'id': 66}, {'id': 85}, {'id': 80}, {'id': 56}, {'id': 58}, {'id': 59}, {'id': 60}, {'id': 61}, {'id': 62}, {'id': 63}, {'id': 64}, {'id': 67}, {'id': 68}, {'id': 69}, {'id': 70}, {'id': 71}, {'id': 100013}, {'id': 2}, {'id': 5}, {'id': 8}, {'id': 12}, {'id': 83}, {'id': 55}, {'id': 13}, {'id': 3}, {'id': 100012}, {'id': 1}, {'id': 4}, {'id': 10}, {'id': 6}, {'id': 9}, {'id': 7}, {'id': 76}, {'id': 26}, {'id': 27}, {'id': 18}, {'id': 21}, {'id': 25}, {'id': 20}, {'id': 23}, {'id': 28}, {'id': 24}, {'id': 17}, {'id': 86}, {'id': 16}, {'id': 19}, {'id': 22}, {'id': 29}, {'id': 15}, {'id': 37}, {'id': 84}, {'id': 87}, {'id': 100000}, {'id': 100001}, {'id': 100002}, {'id': 100003}, {'id': 100004}, {'id': 100005}, {'id': 100006}, {'id': 100007}, {'id': 100008}, {'id': 100009}, {'id': 14}, {'id': 72}, {'id': 73}, {'id': 75}, {'id': 74}, {'id': 79}, {'id': 82}, {'id': 77}, {'id': 78}, {'id': 81}]
[2024-04-16 11:34:26,914][mysql_util.py 28][INFO]: 执行sql：SELECT id FROM users_userprofile WHERE mobile = '17621947777'
[2024-04-16 11:34:26,953][mysql_util.py 31][INFO]: sql执行结果：{'id': 10005945}
[2024-04-16 11:34:26,953][mysql_util.py 28][INFO]: 执行sql：SELECT nums FROM trade_shoppingcart WHERE user_id = 10005945 AND goods_id = 61
[2024-04-16 11:34:26,982][mysql_util.py 31][INFO]: sql执行结果：{'nums': 2}
[2024-04-16 11:34:26,982][rest_client.py 40][INFO]: 接口请求的地址>>>http://admin.5istudy.online/shopcarts/
[2024-04-16 11:34:26,983][rest_client.py 41][INFO]: 接口请求的方法>>>POST
[2024-04-16 11:34:26,983][rest_client.py 45][INFO]: 接口请求的json参数>>>
{
  "goods": "61",
  "nums": "16"
}
[2024-04-16 11:34:27,056][response_util.py 12][INFO]: 接口返回参数>>>
{
  "nums": 18,
  "goods": 61
}
[2024-04-16 11:34:27,056][mysql_util.py 28][INFO]: 执行sql：SELECT id FROM users_userprofile WHERE mobile = '17621947777'
[2024-04-16 11:34:27,090][mysql_util.py 31][INFO]: sql执行结果：{'id': 10005945}
[2024-04-16 11:34:27,090][mysql_util.py 28][INFO]: 执行sql：SELECT nums FROM trade_shoppingcart WHERE user_id = 10005945 AND goods_id = 61
[2024-04-16 11:34:27,117][mysql_util.py 31][INFO]: sql执行结果：{'nums': 18}
[2024-04-16 11:34:32,812][rest_client.py 40][INFO]: 接口请求的地址>>>http://admin.5istudy.online/login/
[2024-04-16 11:34:32,813][rest_client.py 41][INFO]: 接口请求的方法>>>POST
[2024-04-16 11:34:32,813][rest_client.py 45][INFO]: 接口请求的json参数>>>
{
  "username": "17621947777",
  "password": "123456"
}
[2024-04-16 11:34:32,972][response_util.py 12][INFO]: 接口返回参数>>>
{
  "token": "eyJ0eXAiOiJKV1QiLCJhbGciOiJIUzI1NiJ9.eyJ1c2VyX2lkIjoxMDAwNTk0NSwidXNlcm5hbWUiOiIxNzYyMTk0Nzc3NyIsImV4cCI6MTcxMzg0MzI5NSwiZW1haWwiOm51bGx9.7p0DeQYqzmR4LgJ4qlBD__wdyhjrpvDkIQM4vMKNr2M"
}
[2024-04-16 11:34:32,974][rest_client.py 40][INFO]: 接口请求的地址>>>http://admin.5istudy.online/messages/
[2024-04-16 11:34:32,974][rest_client.py 41][INFO]: 接口请求的方法>>>POST
[2024-04-16 11:34:32,974][rest_client.py 43][INFO]: 接口请求的data参数>>>
{
  "subject": "17621947777--测试留言",
  "message": "急急急急急急！！！",
  "message_type": 1
}
[2024-04-16 11:34:33,095][response_util.py 12][INFO]: 接口返回参数>>>
{
  "message_type": 1,
  "subject": "17621947777--测试留言",
  "message": "急急急急急急！！！",
  "file": "http://admin.5istudy.online/media/message/images/test_upload_8y2FAbr.jpg",
  "id": 113079,
  "add_time": "2024-04-16 11:34:55"
}
[2024-04-16 11:36:54,560][rest_client.py 40][INFO]: 接口请求的地址>>>http://admin.5istudy.online/login/
[2024-04-16 11:36:54,560][rest_client.py 41][INFO]: 接口请求的方法>>>POST
[2024-04-16 11:36:54,560][rest_client.py 45][INFO]: 接口请求的json参数>>>
{
  "username": "17621947777",
  "password": "123456"
}
[2024-04-16 11:36:54,713][response_util.py 12][INFO]: 接口返回参数>>>
{
  "token": "eyJ0eXAiOiJKV1QiLCJhbGciOiJIUzI1NiJ9.eyJ1c2VyX2lkIjoxMDAwNTk0NSwidXNlcm5hbWUiOiIxNzYyMTk0Nzc3NyIsImV4cCI6MTcxMzg0MzQzNywiZW1haWwiOm51bGx9.MyRfiGh6BwgoGc-hWwjFSlm_kSBsB0-lWfX_bqoUFJo"
}
[2024-04-16 11:36:54,713][mysql_util.py 40][INFO]: 执行sql：SELECT id FROM goods_goods
[2024-04-16 11:36:54,738][mysql_util.py 43][INFO]: sql执行结果：[{'id': 100014}, {'id': 100010}, {'id': 11}, {'id': 57}, {'id': 100011}, {'id': 66}, {'id': 85}, {'id': 80}, {'id': 56}, {'id': 58}, {'id': 59}, {'id': 60}, {'id': 61}, {'id': 62}, {'id': 63}, {'id': 64}, {'id': 67}, {'id': 68}, {'id': 69}, {'id': 70}, {'id': 71}, {'id': 100013}, {'id': 2}, {'id': 5}, {'id': 8}, {'id': 12}, {'id': 83}, {'id': 55}, {'id': 13}, {'id': 3}, {'id': 100012}, {'id': 1}, {'id': 4}, {'id': 10}, {'id': 6}, {'id': 9}, {'id': 7}, {'id': 76}, {'id': 26}, {'id': 27}, {'id': 18}, {'id': 21}, {'id': 25}, {'id': 20}, {'id': 23}, {'id': 28}, {'id': 24}, {'id': 17}, {'id': 86}, {'id': 16}, {'id': 19}, {'id': 22}, {'id': 29}, {'id': 15}, {'id': 37}, {'id': 84}, {'id': 87}, {'id': 100000}, {'id': 100001}, {'id': 100002}, {'id': 100003}, {'id': 100004}, {'id': 100005}, {'id': 100006}, {'id': 100007}, {'id': 100008}, {'id': 100009}, {'id': 14}, {'id': 72}, {'id': 73}, {'id': 75}, {'id': 74}, {'id': 79}, {'id': 82}, {'id': 77}, {'id': 78}, {'id': 81}]
[2024-04-16 11:36:54,738][mysql_util.py 28][INFO]: 执行sql：SELECT id FROM users_userprofile WHERE mobile = '17621947777'
[2024-04-16 11:36:54,777][mysql_util.py 31][INFO]: sql执行结果：{'id': 10005945}
[2024-04-16 11:36:54,777][mysql_util.py 28][INFO]: 执行sql：SELECT nums FROM trade_shoppingcart WHERE user_id = 10005945 AND goods_id = 27
[2024-04-16 11:36:54,804][mysql_util.py 31][INFO]: sql执行结果：None
[2024-04-16 11:36:54,804][rest_client.py 40][INFO]: 接口请求的地址>>>http://admin.5istudy.online/shopcarts/
[2024-04-16 11:36:54,804][rest_client.py 41][INFO]: 接口请求的方法>>>POST
[2024-04-16 11:36:54,804][rest_client.py 45][INFO]: 接口请求的json参数>>>
{
  "goods": "27",
  "nums": "1"
}
[2024-04-16 11:36:54,921][response_util.py 12][INFO]: 接口返回参数>>>
{
  "nums": 1,
  "goods": 27
}
[2024-04-16 11:36:54,921][mysql_util.py 28][INFO]: 执行sql：SELECT id FROM users_userprofile WHERE mobile = '17621947777'
[2024-04-16 11:36:54,962][mysql_util.py 31][INFO]: sql执行结果：{'id': 10005945}
[2024-04-16 11:36:54,962][mysql_util.py 28][INFO]: 执行sql：SELECT nums FROM trade_shoppingcart WHERE user_id = 10005945 AND goods_id = 27
[2024-04-16 11:36:54,998][mysql_util.py 31][INFO]: sql执行结果：{'nums': 1}
