[2024-04-19 11:58:31,939][rest_client.py 34][INFO]: 接口请求的地址>>>http://admin.5istudy.online/login/
[2024-04-19 11:58:31,939][rest_client.py 35][INFO]: 接口请求的方法>>>POST
[2024-04-19 11:58:31,939][rest_client.py 39][INFO]: 接口请求的json参数>>>
{
  "username": "17621947777",
  "password": "123456"
}
[2024-04-19 11:58:32,273][rest_client.py 16][INFO]: 接口返回内容为>>>
{
  "token": "eyJ0eXAiOiJKV1QiLCJhbGciOiJIUzI1NiJ9.eyJ1c2VyX2lkIjoxMDAwNTk0NSwidXNlcm5hbWUiOiIxNzYyMTk0Nzc3NyIsImV4cCI6MTcxNDEwMzkzOSwiZW1haWwiOm51bGx9.klSYwlCctan_dNOYejjUGRy_8s1w4Nk_ONvJgH9tZ_U"
}
[2024-04-19 12:02:11,850][rest_client.py 34][INFO]: 接口请求的地址>>>http://admin.5istudy.online/login/
[2024-04-19 12:02:11,854][rest_client.py 35][INFO]: 接口请求的方法>>>POST
[2024-04-19 12:02:11,854][rest_client.py 39][INFO]: 接口请求的json参数>>>
{
  "username": "17621947777",
  "password": "123456"
}
[2024-04-19 12:02:12,211][rest_client.py 16][INFO]: 接口返回内容为>>>
{
  "token": "eyJ0eXAiOiJKV1QiLCJhbGciOiJIUzI1NiJ9.eyJ1c2VyX2lkIjoxMDAwNTk0NSwidXNlcm5hbWUiOiIxNzYyMTk0Nzc3NyIsImV4cCI6MTcxNDEwNDE1OSwiZW1haWwiOm51bGx9.5HTSHLIXPKqsa674g2jObsT1xAAXJADMAzi_tsM0-C4"
}
[2024-04-19 12:03:05,189][rest_client.py 34][INFO]: 接口请求的地址>>>http://admin.5istudy.online/login/
[2024-04-19 12:03:05,189][rest_client.py 35][INFO]: 接口请求的方法>>>POST
[2024-04-19 12:03:05,189][rest_client.py 39][INFO]: 接口请求的json参数>>>
{
  "username": "17621947777",
  "password": "123456"
}
[2024-04-19 12:03:05,343][rest_client.py 16][INFO]: 接口返回内容为>>>
{
  "token": "eyJ0eXAiOiJKV1QiLCJhbGciOiJIUzI1NiJ9.eyJ1c2VyX2lkIjoxMDAwNTk0NSwidXNlcm5hbWUiOiIxNzYyMTk0Nzc3NyIsImV4cCI6MTcxNDEwNDIxMiwiZW1haWwiOm51bGx9.oLYZKuh2rfAKSC-mhn-Upt7WC3Epjna1IrqAQumAan0"
}
[2024-04-19 12:06:11,403][rest_client.py 34][INFO]: 接口请求的地址>>>http://admin.5istudy.online/login/
[2024-04-19 12:06:11,403][rest_client.py 35][INFO]: 接口请求的方法>>>POST
[2024-04-19 12:06:11,406][rest_client.py 39][INFO]: 接口请求的json参数>>>
{
  "username": "17621947777",
  "password": "123456"
}
[2024-04-19 12:06:11,575][rest_client.py 16][INFO]: 接口返回内容为>>>
{
  "token": "eyJ0eXAiOiJKV1QiLCJhbGciOiJIUzI1NiJ9.eyJ1c2VyX2lkIjoxMDAwNTk0NSwidXNlcm5hbWUiOiIxNzYyMTk0Nzc3NyIsImV4cCI6MTcxNDEwNDM5OSwiZW1haWwiOm51bGx9.jid8GpkwvEfKIqqAIN0T2NfAdbQqL1rHmu9nLUNcwhE"
}
[2024-04-19 12:07:28,050][rest_client.py 34][INFO]: 接口请求的地址>>>http://admin.5istudy.online/login/
[2024-04-19 12:07:28,050][rest_client.py 35][INFO]: 接口请求的方法>>>POST
[2024-04-19 12:07:28,050][rest_client.py 39][INFO]: 接口请求的json参数>>>
{
  "username": "17621947777",
  "password": "123456"
}
[2024-04-19 12:07:28,270][rest_client.py 16][INFO]: 接口返回内容为>>>
{
  "token": "eyJ0eXAiOiJKV1QiLCJhbGciOiJIUzI1NiJ9.eyJ1c2VyX2lkIjoxMDAwNTk0NSwidXNlcm5hbWUiOiIxNzYyMTk0Nzc3NyIsImV4cCI6MTcxNDEwNDQ3NSwiZW1haWwiOm51bGx9.RN5tNJR6n7wky_miJG-C2XIZtoI3jbdnrNkuKXPFsKw"
}
[2024-04-19 12:07:28,273][rest_client.py 34][INFO]: 接口请求的地址>>>http://admin.5istudy.online/orders/8749/
[2024-04-19 12:07:28,273][rest_client.py 35][INFO]: 接口请求的方法>>>GET
[2024-04-19 12:07:28,570][rest_client.py 16][INFO]: 接口返回内容为>>>
{
  "id": 8749,
  "goods": [
    {
      "id": 7215,
      "goods": {
        "id": 84,
        "category": {
          "id": 74,
          "sub_cat": [
            {
              "id": 75,
              "sub_cat": [
                {
                  "id": 76,
                  "add_time": "2019-11-19 13:21:56",
                  "name": "果冻",
                  "code": "果冻",
                  "desc": "",
                  "category_type": 3,
                  "is_tab": false,
                  "parent_category": 75
                },
                {
                  "id": 77,
                  "add_time": "2019-11-19 13:21:56",
                  "name": "枣类",
                  "code": "枣类",
                  "desc": "",
                  "category_type": 3,
                  "is_tab": false,
                  "parent_category": 75
                },
                {
                  "id": 78,
                  "add_time": "2019-11-19 13:21:56",
                  "name": "蜜饯",
                  "code": "蜜饯",
                  "desc": "",
                  "category_type": 3,
                  "is_tab": false,
                  "parent_category": 75
                },
                {
                  "id": 79,
                  "add_time": "2019-11-19 13:21:56",
                  "name": "肉类零食",
                  "code": "肉类零食",
                  "desc": "",
                  "category_type": 3,
                  "is_tab": false,
                  "parent_category": 75
                },
                {
                  "id": 80,
                  "add_time": "2019-11-19 13:21:56",
                  "name": "坚果炒货",
                  "code": "坚果炒货",
                  "desc": "",
                  "category_type": 3,
                  "is_tab": false,
                  "parent_category": 75
                }
              ],
              "add_time": "2019-11-19 13:21:56",
              "name": "休闲零食",
              "code": "休闲零食",
              "desc": "",
              "category_type": 2,
              "is_tab": false,
              "parent_category": 74
            },
            {
              "id": 81,
              "sub_cat": [
                {
                  "id": 82,
                  "add_time": "2019-11-19 13:21:56",
                  "name": "创意喜糖",
                  "code": "创意喜糖",
                  "desc": "",
                  "category_type": 3,
                  "is_tab": false,
                  "parent_category": 81
                },
                {
                  "id": 83,
                  "add_time": "2019-11-19 13:21:56",
                  "name": "口香糖",
                  "code": "口香糖",
                  "desc": "",
                  "category_type": 3,
                  "is_tab": false,
                  "parent_category": 81
                },
                {
                  "id": 84,
                  "add_time": "2019-11-19 13:21:56",
                  "name": "软糖",
                  "code": "软糖",
                  "desc": "",
                  "category_type": 3,
                  "is_tab": false,
                  "parent_category": 81
                },
                {
                  "id": 85,
                  "add_time": "2019-11-19 13:21:56",
                  "name": "棒棒糖",
                  "code": "棒棒糖",
                  "desc": "",
                  "category_type": 3,
                  "is_tab": false,
                  "parent_category": 81
                }
              ],
              "add_time": "2019-11-19 13:21:56",
              "name": "糖果",
              "code": "糖果",
              "desc": "",
              "category_type": 2,
              "is_tab": false,
              "parent_category": 74
            },
            {
              "id": 86,
              "sub_cat": [
                {
                  "id": 87,
                  "add_time": "2019-11-19 13:21:56",
                  "name": "夹心巧克力",
                  "code": "夹心巧克力",
                  "desc": "",
                  "category_type": 3,
                  "is_tab": false,
                  "parent_category": 86
                },
                {
                  "id": 88,
                  "add_time": "2019-11-19 13:21:56",
                  "name": "白巧克力",
                  "code": "白巧克力",
                  "desc": "",
                  "category_type": 3,
                  "is_tab": false,
                  "parent_category": 86
                },
                {
                  "id": 89,
                  "add_time": "2019-11-19 13:21:56",
                  "name": "松露巧克力",
                  "code": "松露巧克力",
                  "desc": "",
                  "category_type": 3,
                  "is_tab": false,
                  "parent_category": 86
                },
                {
                  "id": 90,
                  "add_time": "2019-11-19 13:21:56",
                  "name": "黑巧克力",
                  "code": "黑巧克力",
                  "desc": "",
                  "category_type": 3,
                  "is_tab": false,
                  "parent_category": 86
                }
              ],
              "add_time": "2019-11-19 13:21:56",
              "name": "巧克力",
              "code": "巧克力",
              "desc": "",
              "category_type": 2,
              "is_tab": false,
              "parent_category": 74
            },
            {
              "id": 91,
              "sub_cat": [
                {
                  "id": 92,
                  "add_time": "2019-11-19 13:21:56",
                  "name": "牛肉干",
                  "code": "牛肉干",
                  "desc": "",
                  "category_type": 3,
                  "is_tab": false,
                  "parent_category": 91
                },
                {
                  "id": 93,
                  "add_time": "2019-11-19 13:21:56",
                  "name": "猪肉脯",
                  "code": "猪肉脯",
                  "desc": "",
                  "category_type": 3,
                  "is_tab": false,
                  "parent_category": 91
                },
                {
                  "id": 94,
                  "add_time": "2019-11-19 13:21:56",
                  "name": "牛肉粒",
                  "code": "牛肉粒",
                  "desc": "",
                  "category_type": 3,
                  "is_tab": false,
                  "parent_category": 91
                },
                {
                  "id": 95,
                  "add_time": "2019-11-19 13:21:56",
                  "name": "猪肉干",
                  "code": "猪肉干",
                  "desc": "",
                  "category_type": 3,
                  "is_tab": false,
                  "parent_category": 91
                }
              ],
              "add_time": "2019-11-19 13:21:56",
              "name": "肉干肉脯/豆干",
              "code": "肉干肉脯/豆干",
              "desc": "",
              "category_type": 2,
              "is_tab": false,
              "parent_category": 74
            },
            {
              "id": 96,
              "sub_cat": [
                {
                  "id": 97,
                  "add_time": "2019-11-19 13:21:56",
                  "name": "鱿鱼足",
                  "code": "鱿鱼足",
                  "desc": "",
                  "category_type": 3,
                  "is_tab": false,
                  "parent_category": 96
                },
                {
                  "id": 98,
                  "add_time": "2019-11-19 13:21:56",
                  "name": "鱿鱼丝",
                  "code": "鱿鱼丝",
                  "desc": "",
                  "category_type": 3,
                  "is_tab": false,
                  "parent_category": 96
                },
                {
                  "id": 99,
                  "add_time": "2019-11-19 13:21:56",
                  "name": "墨鱼/乌贼",
                  "code": "墨鱼/乌贼",
                  "desc": "",
                  "category_type": 3,
                  "is_tab": false,
                  "parent_category": 96
                },
                {
                  "id": 100,
                  "add_time": "2019-11-19 13:21:56",
                  "name": "鱿鱼仔",
                  "code": "鱿鱼仔",
                  "desc": "",
                  "category_type": 3,
                  "is_tab": false,
                  "parent_category": 96
                },
                {
                  "id": 101,
                  "add_time": "2019-11-19 13:21:56",
                  "name": "鱿鱼片",
                  "code": "鱿鱼片",
                  "desc": "",
                  "category_type": 3,
                  "is_tab": false,
                  "parent_category": 96
                }
              ],
              "add_time": "2019-11-19 13:21:56",
              "name": "鱿鱼丝/鱼干",
              "code": "鱿鱼丝/鱼干",
              "desc": "",
              "category_type": 2,
              "is_tab": false,
              "parent_category": 74
            }
          ],
          "add_time": "2019-11-19 13:21:00",
          "name": "休闲食品",
          "code": "休闲食品",
          "desc": "休闲食品",
          "category_type": 1,
          "is_tab": false,
          "parent_category": null
        },
        "images": [],
        "add_time": "2023-11-02 10:51:00",
        "goods_sn": "888",
        "name": "奶糖",
        "click_num": 1,
        "sold_num": 12,
        "fav_num": 1,
        "goods_num": 100,
        "market_price": 0.5,
        "shop_price": 0.01,
        "goods_brief": "甜甜的奶糖",
        "goods_desc": "糖",
        "ship_free": true,
        "goods_front_image": null,
        "is_new": true,
        "is_hot": true
      },
      "goods_num": 1,
      "add_time": "2024-04-18T09:22:42.451088",
      "order": 8749
    }
  ],
  "alipay_url": "https://openapi-sandbox.dl.alipaydev.com/gateway.do?app_id=9021000123614494&biz_content=%7B%22subject%22%3A%22202404180922421000594585%22%2C%22out_trade_no%22%3A%22202404180922421000594585%22%2C%22total_amount%22%3A0.01%2C%22product_code%22%3A%22FAST_INSTANT_TRADE_PAY%22%7D&charset=utf-8&method=alipay.trade.page.pay&notify_url=http%3A%2F%2Fadmin.5istudy.online%2Falipay%2Freturn%2F&return_url=http%3A%2F%2Fadmin.5istudy.online%2Falipay%2Freturn%2F&sign_type=RSA2&timestamp=2024-04-19+12%3A07%3A56&version=1.0&sign=I4CQ%2FzTirQGUvx%2FOZfxm%2B9mkQjBuTFph4rxBKgKfBIE72ZbtGQpajnt%2BM1zn94y61MfrMoaueMd%2F8JyYOQLIK%2F54aVXUegFCzceK976xnJqLyDgN557t7VY9Y3mpDGOygMfEAIKZy5QakhcSxnyAhP1Ol4h3k8gi4mLvIk%2F5Xvp0r%2BKvNf5iKxoJfQG%2F7IcW6sZmEhqzOn25%2BbbGFWmcLpcX6lAcL6iFwuwJKVtq7xpY8uFoFxaiumVXqf7hX57b%2FV%2BDqGdrg6tLRTCA24qqtGcg0kBkQUvLmwBFoXPkTG97vav%2Boyc86Gf2p51KpapZlOoh6ZFLvCwymU%2FvWM%2FNew%3D%3D",
  "order_sn": "202404180922421000594585",
  "trade_no": null,
  "pay_status": "paying",
  "post_script": "11111测试下个单~~",
  "order_mount": 0.01,
  "pay_time": null,
  "address": "广东省广州市天河区车陂北街富力万科云启",
  "signer_name": "江畔独步",
  "singer_mobile": "17621947856",
  "add_time": "2024-04-18T09:22:42.446832",
  "user": 10005945
}
[2024-04-19 14:34:19,861][rest_client.py 34][INFO]: 接口请求的地址>>>http://admin.5istudy.online/login/
[2024-04-19 14:34:19,861][rest_client.py 35][INFO]: 接口请求的方法>>>POST
[2024-04-19 14:34:19,861][rest_client.py 39][INFO]: 接口请求的json参数>>>
{
  "username": "17621947777",
  "password": "123456"
}
[2024-04-19 14:34:20,200][rest_client.py 16][INFO]: 接口返回内容为>>>
{
  "token": "eyJ0eXAiOiJKV1QiLCJhbGciOiJIUzI1NiJ9.eyJ1c2VyX2lkIjoxMDAwNTk0NSwidXNlcm5hbWUiOiIxNzYyMTk0Nzc3NyIsImV4cCI6MTcxNDExMzI4NywiZW1haWwiOm51bGx9.STXhoaiuhuUyhRIydCIroOT9VKPyhdb1uCZ-qYgwQ6s"
}
[2024-04-19 14:34:20,200][rest_client.py 34][INFO]: 接口请求的地址>>>http://admin.5istudy.online/orders/8749/
[2024-04-19 14:34:20,200][rest_client.py 35][INFO]: 接口请求的方法>>>GET
[2024-04-19 14:34:20,200][rest_client.py 41][INFO]: 接口请求的params参数>>>
{
  "order_id": "8749"
}
[2024-04-19 14:34:20,390][rest_client.py 16][INFO]: 接口返回内容为>>>
{
  "id": 8749,
  "goods": [
    {
      "id": 7215,
      "goods": {
        "id": 84,
        "category": {
          "id": 74,
          "sub_cat": [
            {
              "id": 75,
              "sub_cat": [
                {
                  "id": 76,
                  "add_time": "2019-11-19 13:21:56",
                  "name": "果冻",
                  "code": "果冻",
                  "desc": "",
                  "category_type": 3,
                  "is_tab": false,
                  "parent_category": 75
                },
                {
                  "id": 77,
                  "add_time": "2019-11-19 13:21:56",
                  "name": "枣类",
                  "code": "枣类",
                  "desc": "",
                  "category_type": 3,
                  "is_tab": false,
                  "parent_category": 75
                },
                {
                  "id": 78,
                  "add_time": "2019-11-19 13:21:56",
                  "name": "蜜饯",
                  "code": "蜜饯",
                  "desc": "",
                  "category_type": 3,
                  "is_tab": false,
                  "parent_category": 75
                },
                {
                  "id": 79,
                  "add_time": "2019-11-19 13:21:56",
                  "name": "肉类零食",
                  "code": "肉类零食",
                  "desc": "",
                  "category_type": 3,
                  "is_tab": false,
                  "parent_category": 75
                },
                {
                  "id": 80,
                  "add_time": "2019-11-19 13:21:56",
                  "name": "坚果炒货",
                  "code": "坚果炒货",
                  "desc": "",
                  "category_type": 3,
                  "is_tab": false,
                  "parent_category": 75
                }
              ],
              "add_time": "2019-11-19 13:21:56",
              "name": "休闲零食",
              "code": "休闲零食",
              "desc": "",
              "category_type": 2,
              "is_tab": false,
              "parent_category": 74
            },
            {
              "id": 81,
              "sub_cat": [
                {
                  "id": 82,
                  "add_time": "2019-11-19 13:21:56",
                  "name": "创意喜糖",
                  "code": "创意喜糖",
                  "desc": "",
                  "category_type": 3,
                  "is_tab": false,
                  "parent_category": 81
                },
                {
                  "id": 83,
                  "add_time": "2019-11-19 13:21:56",
                  "name": "口香糖",
                  "code": "口香糖",
                  "desc": "",
                  "category_type": 3,
                  "is_tab": false,
                  "parent_category": 81
                },
                {
                  "id": 84,
                  "add_time": "2019-11-19 13:21:56",
                  "name": "软糖",
                  "code": "软糖",
                  "desc": "",
                  "category_type": 3,
                  "is_tab": false,
                  "parent_category": 81
                },
                {
                  "id": 85,
                  "add_time": "2019-11-19 13:21:56",
                  "name": "棒棒糖",
                  "code": "棒棒糖",
                  "desc": "",
                  "category_type": 3,
                  "is_tab": false,
                  "parent_category": 81
                }
              ],
              "add_time": "2019-11-19 13:21:56",
              "name": "糖果",
              "code": "糖果",
              "desc": "",
              "category_type": 2,
              "is_tab": false,
              "parent_category": 74
            },
            {
              "id": 86,
              "sub_cat": [
                {
                  "id": 87,
                  "add_time": "2019-11-19 13:21:56",
                  "name": "夹心巧克力",
                  "code": "夹心巧克力",
                  "desc": "",
                  "category_type": 3,
                  "is_tab": false,
                  "parent_category": 86
                },
                {
                  "id": 88,
                  "add_time": "2019-11-19 13:21:56",
                  "name": "白巧克力",
                  "code": "白巧克力",
                  "desc": "",
                  "category_type": 3,
                  "is_tab": false,
                  "parent_category": 86
                },
                {
                  "id": 89,
                  "add_time": "2019-11-19 13:21:56",
                  "name": "松露巧克力",
                  "code": "松露巧克力",
                  "desc": "",
                  "category_type": 3,
                  "is_tab": false,
                  "parent_category": 86
                },
                {
                  "id": 90,
                  "add_time": "2019-11-19 13:21:56",
                  "name": "黑巧克力",
                  "code": "黑巧克力",
                  "desc": "",
                  "category_type": 3,
                  "is_tab": false,
                  "parent_category": 86
                }
              ],
              "add_time": "2019-11-19 13:21:56",
              "name": "巧克力",
              "code": "巧克力",
              "desc": "",
              "category_type": 2,
              "is_tab": false,
              "parent_category": 74
            },
            {
              "id": 91,
              "sub_cat": [
                {
                  "id": 92,
                  "add_time": "2019-11-19 13:21:56",
                  "name": "牛肉干",
                  "code": "牛肉干",
                  "desc": "",
                  "category_type": 3,
                  "is_tab": false,
                  "parent_category": 91
                },
                {
                  "id": 93,
                  "add_time": "2019-11-19 13:21:56",
                  "name": "猪肉脯",
                  "code": "猪肉脯",
                  "desc": "",
                  "category_type": 3,
                  "is_tab": false,
                  "parent_category": 91
                },
                {
                  "id": 94,
                  "add_time": "2019-11-19 13:21:56",
                  "name": "牛肉粒",
                  "code": "牛肉粒",
                  "desc": "",
                  "category_type": 3,
                  "is_tab": false,
                  "parent_category": 91
                },
                {
                  "id": 95,
                  "add_time": "2019-11-19 13:21:56",
                  "name": "猪肉干",
                  "code": "猪肉干",
                  "desc": "",
                  "category_type": 3,
                  "is_tab": false,
                  "parent_category": 91
                }
              ],
              "add_time": "2019-11-19 13:21:56",
              "name": "肉干肉脯/豆干",
              "code": "肉干肉脯/豆干",
              "desc": "",
              "category_type": 2,
              "is_tab": false,
              "parent_category": 74
            },
            {
              "id": 96,
              "sub_cat": [
                {
                  "id": 97,
                  "add_time": "2019-11-19 13:21:56",
                  "name": "鱿鱼足",
                  "code": "鱿鱼足",
                  "desc": "",
                  "category_type": 3,
                  "is_tab": false,
                  "parent_category": 96
                },
                {
                  "id": 98,
                  "add_time": "2019-11-19 13:21:56",
                  "name": "鱿鱼丝",
                  "code": "鱿鱼丝",
                  "desc": "",
                  "category_type": 3,
                  "is_tab": false,
                  "parent_category": 96
                },
                {
                  "id": 99,
                  "add_time": "2019-11-19 13:21:56",
                  "name": "墨鱼/乌贼",
                  "code": "墨鱼/乌贼",
                  "desc": "",
                  "category_type": 3,
                  "is_tab": false,
                  "parent_category": 96
                },
                {
                  "id": 100,
                  "add_time": "2019-11-19 13:21:56",
                  "name": "鱿鱼仔",
                  "code": "鱿鱼仔",
                  "desc": "",
                  "category_type": 3,
                  "is_tab": false,
                  "parent_category": 96
                },
                {
                  "id": 101,
                  "add_time": "2019-11-19 13:21:56",
                  "name": "鱿鱼片",
                  "code": "鱿鱼片",
                  "desc": "",
                  "category_type": 3,
                  "is_tab": false,
                  "parent_category": 96
                }
              ],
              "add_time": "2019-11-19 13:21:56",
              "name": "鱿鱼丝/鱼干",
              "code": "鱿鱼丝/鱼干",
              "desc": "",
              "category_type": 2,
              "is_tab": false,
              "parent_category": 74
            }
          ],
          "add_time": "2019-11-19 13:21:00",
          "name": "休闲食品",
          "code": "休闲食品",
          "desc": "休闲食品",
          "category_type": 1,
          "is_tab": false,
          "parent_category": null
        },
        "images": [],
        "add_time": "2023-11-02 10:51:00",
        "goods_sn": "888",
        "name": "奶糖",
        "click_num": 1,
        "sold_num": 12,
        "fav_num": 1,
        "goods_num": 100,
        "market_price": 0.5,
        "shop_price": 0.01,
        "goods_brief": "甜甜的奶糖",
        "goods_desc": "糖",
        "ship_free": true,
        "goods_front_image": null,
        "is_new": true,
        "is_hot": true
      },
      "goods_num": 1,
      "add_time": "2024-04-18T09:22:42.451088",
      "order": 8749
    }
  ],
  "alipay_url": "https://openapi-sandbox.dl.alipaydev.com/gateway.do?app_id=9021000123614494&biz_content=%7B%22subject%22%3A%22202404180922421000594585%22%2C%22out_trade_no%22%3A%22202404180922421000594585%22%2C%22total_amount%22%3A0.01%2C%22product_code%22%3A%22FAST_INSTANT_TRADE_PAY%22%7D&charset=utf-8&method=alipay.trade.page.pay&notify_url=http%3A%2F%2Fadmin.5istudy.online%2Falipay%2Freturn%2F&return_url=http%3A%2F%2Fadmin.5istudy.online%2Falipay%2Freturn%2F&sign_type=RSA2&timestamp=2024-04-19+14%3A34%3A47&version=1.0&sign=QYTz6BUp3xz0SYeVBhzH8LkhzESMVHg%2Bmk1utOsn%2BaZ5SNTUs%2B%2B1%2BU4Pgv2biZdc0GP%2BuuMFNHSwRtYpvdrnq2AvpeOTMzfzo9ljdklEhRSiNJNctX0fdyRuDz66ImlVHGKkwQ4GhncPIkQopJokq2dRRCrkZ39F1T1YjrfhVKG4NS1Y4Ur%2BCj8%2Fn4eGm7CfsakLooj95LGVn6RrZUcHynby7rKBLUsz29arX0llIjM3fUt1F4sLuzYj8%2B17UCF6KD2cyGiQXzhVzDZclsfnnrg58wlqij9InJ6LfMRN%2F8RQ%2F2DdpLQpZ9LwKC0fY0GGhYCteMURZMIaoiGPecT5%2FQ%3D%3D",
  "order_sn": "202404180922421000594585",
  "trade_no": null,
  "pay_status": "paying",
  "post_script": "11111测试下个单~~",
  "order_mount": 0.01,
  "pay_time": null,
  "address": "广东省广州市天河区车陂北街富力万科云启",
  "signer_name": "江畔独步",
  "singer_mobile": "17621947856",
  "add_time": "2024-04-18T09:22:42.446832",
  "user": 10005945
}
[2024-04-19 14:37:39,256][rest_client.py 34][INFO]: 接口请求的地址>>>http://admin.5istudy.online/login/
[2024-04-19 14:37:39,256][rest_client.py 35][INFO]: 接口请求的方法>>>POST
[2024-04-19 14:37:39,256][rest_client.py 39][INFO]: 接口请求的json参数>>>
{
  "username": "17621947777",
  "password": "123456"
}
[2024-04-19 14:37:39,411][rest_client.py 16][INFO]: 接口返回内容为>>>
{
  "token": "eyJ0eXAiOiJKV1QiLCJhbGciOiJIUzI1NiJ9.eyJ1c2VyX2lkIjoxMDAwNTk0NSwidXNlcm5hbWUiOiIxNzYyMTk0Nzc3NyIsImV4cCI6MTcxNDExMzQ4NiwiZW1haWwiOm51bGx9.4kzcXja_PdzAWuxLf6d4WbAbyfJgUFpHT7rlZBvfsfY"
}
[2024-04-19 14:37:39,416][rest_client.py 34][INFO]: 接口请求的地址>>>http://admin.5istudy.online/orders/
[2024-04-19 14:37:39,416][rest_client.py 35][INFO]: 接口请求的方法>>>GET
[2024-04-19 14:37:39,496][rest_client.py 34][INFO]: 接口请求的地址>>>http://admin.5istudy.online/orders/8749/
[2024-04-19 14:37:39,496][rest_client.py 35][INFO]: 接口请求的方法>>>GET
[2024-04-19 14:37:39,496][rest_client.py 41][INFO]: 接口请求的params参数>>>
{
  "order_id": "8749"
}
[2024-04-19 14:37:39,686][rest_client.py 16][INFO]: 接口返回内容为>>>
{
  "id": 8749,
  "goods": [
    {
      "id": 7215,
      "goods": {
        "id": 84,
        "category": {
          "id": 74,
          "sub_cat": [
            {
              "id": 75,
              "sub_cat": [
                {
                  "id": 76,
                  "add_time": "2019-11-19 13:21:56",
                  "name": "果冻",
                  "code": "果冻",
                  "desc": "",
                  "category_type": 3,
                  "is_tab": false,
                  "parent_category": 75
                },
                {
                  "id": 77,
                  "add_time": "2019-11-19 13:21:56",
                  "name": "枣类",
                  "code": "枣类",
                  "desc": "",
                  "category_type": 3,
                  "is_tab": false,
                  "parent_category": 75
                },
                {
                  "id": 78,
                  "add_time": "2019-11-19 13:21:56",
                  "name": "蜜饯",
                  "code": "蜜饯",
                  "desc": "",
                  "category_type": 3,
                  "is_tab": false,
                  "parent_category": 75
                },
                {
                  "id": 79,
                  "add_time": "2019-11-19 13:21:56",
                  "name": "肉类零食",
                  "code": "肉类零食",
                  "desc": "",
                  "category_type": 3,
                  "is_tab": false,
                  "parent_category": 75
                },
                {
                  "id": 80,
                  "add_time": "2019-11-19 13:21:56",
                  "name": "坚果炒货",
                  "code": "坚果炒货",
                  "desc": "",
                  "category_type": 3,
                  "is_tab": false,
                  "parent_category": 75
                }
              ],
              "add_time": "2019-11-19 13:21:56",
              "name": "休闲零食",
              "code": "休闲零食",
              "desc": "",
              "category_type": 2,
              "is_tab": false,
              "parent_category": 74
            },
            {
              "id": 81,
              "sub_cat": [
                {
                  "id": 82,
                  "add_time": "2019-11-19 13:21:56",
                  "name": "创意喜糖",
                  "code": "创意喜糖",
                  "desc": "",
                  "category_type": 3,
                  "is_tab": false,
                  "parent_category": 81
                },
                {
                  "id": 83,
                  "add_time": "2019-11-19 13:21:56",
                  "name": "口香糖",
                  "code": "口香糖",
                  "desc": "",
                  "category_type": 3,
                  "is_tab": false,
                  "parent_category": 81
                },
                {
                  "id": 84,
                  "add_time": "2019-11-19 13:21:56",
                  "name": "软糖",
                  "code": "软糖",
                  "desc": "",
                  "category_type": 3,
                  "is_tab": false,
                  "parent_category": 81
                },
                {
                  "id": 85,
                  "add_time": "2019-11-19 13:21:56",
                  "name": "棒棒糖",
                  "code": "棒棒糖",
                  "desc": "",
                  "category_type": 3,
                  "is_tab": false,
                  "parent_category": 81
                }
              ],
              "add_time": "2019-11-19 13:21:56",
              "name": "糖果",
              "code": "糖果",
              "desc": "",
              "category_type": 2,
              "is_tab": false,
              "parent_category": 74
            },
            {
              "id": 86,
              "sub_cat": [
                {
                  "id": 87,
                  "add_time": "2019-11-19 13:21:56",
                  "name": "夹心巧克力",
                  "code": "夹心巧克力",
                  "desc": "",
                  "category_type": 3,
                  "is_tab": false,
                  "parent_category": 86
                },
                {
                  "id": 88,
                  "add_time": "2019-11-19 13:21:56",
                  "name": "白巧克力",
                  "code": "白巧克力",
                  "desc": "",
                  "category_type": 3,
                  "is_tab": false,
                  "parent_category": 86
                },
                {
                  "id": 89,
                  "add_time": "2019-11-19 13:21:56",
                  "name": "松露巧克力",
                  "code": "松露巧克力",
                  "desc": "",
                  "category_type": 3,
                  "is_tab": false,
                  "parent_category": 86
                },
                {
                  "id": 90,
                  "add_time": "2019-11-19 13:21:56",
                  "name": "黑巧克力",
                  "code": "黑巧克力",
                  "desc": "",
                  "category_type": 3,
                  "is_tab": false,
                  "parent_category": 86
                }
              ],
              "add_time": "2019-11-19 13:21:56",
              "name": "巧克力",
              "code": "巧克力",
              "desc": "",
              "category_type": 2,
              "is_tab": false,
              "parent_category": 74
            },
            {
              "id": 91,
              "sub_cat": [
                {
                  "id": 92,
                  "add_time": "2019-11-19 13:21:56",
                  "name": "牛肉干",
                  "code": "牛肉干",
                  "desc": "",
                  "category_type": 3,
                  "is_tab": false,
                  "parent_category": 91
                },
                {
                  "id": 93,
                  "add_time": "2019-11-19 13:21:56",
                  "name": "猪肉脯",
                  "code": "猪肉脯",
                  "desc": "",
                  "category_type": 3,
                  "is_tab": false,
                  "parent_category": 91
                },
                {
                  "id": 94,
                  "add_time": "2019-11-19 13:21:56",
                  "name": "牛肉粒",
                  "code": "牛肉粒",
                  "desc": "",
                  "category_type": 3,
                  "is_tab": false,
                  "parent_category": 91
                },
                {
                  "id": 95,
                  "add_time": "2019-11-19 13:21:56",
                  "name": "猪肉干",
                  "code": "猪肉干",
                  "desc": "",
                  "category_type": 3,
                  "is_tab": false,
                  "parent_category": 91
                }
              ],
              "add_time": "2019-11-19 13:21:56",
              "name": "肉干肉脯/豆干",
              "code": "肉干肉脯/豆干",
              "desc": "",
              "category_type": 2,
              "is_tab": false,
              "parent_category": 74
            },
            {
              "id": 96,
              "sub_cat": [
                {
                  "id": 97,
                  "add_time": "2019-11-19 13:21:56",
                  "name": "鱿鱼足",
                  "code": "鱿鱼足",
                  "desc": "",
                  "category_type": 3,
                  "is_tab": false,
                  "parent_category": 96
                },
                {
                  "id": 98,
                  "add_time": "2019-11-19 13:21:56",
                  "name": "鱿鱼丝",
                  "code": "鱿鱼丝",
                  "desc": "",
                  "category_type": 3,
                  "is_tab": false,
                  "parent_category": 96
                },
                {
                  "id": 99,
                  "add_time": "2019-11-19 13:21:56",
                  "name": "墨鱼/乌贼",
                  "code": "墨鱼/乌贼",
                  "desc": "",
                  "category_type": 3,
                  "is_tab": false,
                  "parent_category": 96
                },
                {
                  "id": 100,
                  "add_time": "2019-11-19 13:21:56",
                  "name": "鱿鱼仔",
                  "code": "鱿鱼仔",
                  "desc": "",
                  "category_type": 3,
                  "is_tab": false,
                  "parent_category": 96
                },
                {
                  "id": 101,
                  "add_time": "2019-11-19 13:21:56",
                  "name": "鱿鱼片",
                  "code": "鱿鱼片",
                  "desc": "",
                  "category_type": 3,
                  "is_tab": false,
                  "parent_category": 96
                }
              ],
              "add_time": "2019-11-19 13:21:56",
              "name": "鱿鱼丝/鱼干",
              "code": "鱿鱼丝/鱼干",
              "desc": "",
              "category_type": 2,
              "is_tab": false,
              "parent_category": 74
            }
          ],
          "add_time": "2019-11-19 13:21:00",
          "name": "休闲食品",
          "code": "休闲食品",
          "desc": "休闲食品",
          "category_type": 1,
          "is_tab": false,
          "parent_category": null
        },
        "images": [],
        "add_time": "2023-11-02 10:51:00",
        "goods_sn": "888",
        "name": "奶糖",
        "click_num": 1,
        "sold_num": 12,
        "fav_num": 1,
        "goods_num": 100,
        "market_price": 0.5,
        "shop_price": 0.01,
        "goods_brief": "甜甜的奶糖",
        "goods_desc": "糖",
        "ship_free": true,
        "goods_front_image": null,
        "is_new": true,
        "is_hot": true
      },
      "goods_num": 1,
      "add_time": "2024-04-18T09:22:42.451088",
      "order": 8749
    }
  ],
  "alipay_url": "https://openapi-sandbox.dl.alipaydev.com/gateway.do?app_id=9021000123614494&biz_content=%7B%22subject%22%3A%22202404180922421000594585%22%2C%22out_trade_no%22%3A%22202404180922421000594585%22%2C%22total_amount%22%3A0.01%2C%22product_code%22%3A%22FAST_INSTANT_TRADE_PAY%22%7D&charset=utf-8&method=alipay.trade.page.pay&notify_url=http%3A%2F%2Fadmin.5istudy.online%2Falipay%2Freturn%2F&return_url=http%3A%2F%2Fadmin.5istudy.online%2Falipay%2Freturn%2F&sign_type=RSA2&timestamp=2024-04-19+14%3A38%3A07&version=1.0&sign=lFKvwVlmRtB1CflJmdLdNdmgp1JbT9Idq%2FZ7IFwkTWy3NBJY9MKbY7Iuv53A8P0JamfszbR%2Fn25W0IxVjFTW0h%2F3R5hTjf9g1GTYPcu%2FG01Y3JWxhDHgD6RlcBThvXCBE5kzTVuopV15iaiGz6MJApUmZdJqy1P0PBJq10dZvEyhywJtiTF1RwU%2Fiq0Jnd3ABEMHDXtYWP2j8NYu5oHrgMux%2Fr7K3PJtCu2GBrcsHd0B4mDWcK7orMFHluedIn7RpBPE63vm2Ictbsz5itaGXBRY5QQaEQ%2FNbNYSp6BvlKKbJrZTz16aip0usSRA%2B1%2F55SIn9wF9ec9RoNQE0w13gQ%3D%3D",
  "order_sn": "202404180922421000594585",
  "trade_no": null,
  "pay_status": "paying",
  "post_script": "11111测试下个单~~",
  "order_mount": 0.01,
  "pay_time": null,
  "address": "广东省广州市天河区车陂北街富力万科云启",
  "signer_name": "江畔独步",
  "singer_mobile": "17621947856",
  "add_time": "2024-04-18T09:22:42.446832",
  "user": 10005945
}
[2024-04-19 14:50:37,255][rest_client.py 34][INFO]: 接口请求的地址>>>http://admin.5istudy.online/login/
[2024-04-19 14:50:37,255][rest_client.py 35][INFO]: 接口请求的方法>>>POST
[2024-04-19 14:50:37,255][rest_client.py 39][INFO]: 接口请求的json参数>>>
{
  "username": "17621947777",
  "password": "123456"
}
[2024-04-19 14:50:37,610][rest_client.py 16][INFO]: 接口返回内容为>>>
{
  "token": "eyJ0eXAiOiJKV1QiLCJhbGciOiJIUzI1NiJ9.eyJ1c2VyX2lkIjoxMDAwNTk0NSwidXNlcm5hbWUiOiIxNzYyMTk0Nzc3NyIsImV4cCI6MTcxNDExNDI2NSwiZW1haWwiOm51bGx9.kFRFRIabV8UDr3A3NYnmwvpqqiw4J5aOFiaLZAQ5RbI"
}
[2024-04-19 14:50:37,610][rest_client.py 34][INFO]: 接口请求的地址>>>http://admin.5istudy.online/orders/
[2024-04-19 14:50:37,615][rest_client.py 35][INFO]: 接口请求的方法>>>GET
[2024-04-19 14:51:56,210][rest_client.py 34][INFO]: 接口请求的地址>>>http://admin.5istudy.online/login/
[2024-04-19 14:51:56,210][rest_client.py 35][INFO]: 接口请求的方法>>>POST
[2024-04-19 14:51:56,210][rest_client.py 39][INFO]: 接口请求的json参数>>>
{
  "username": "17621947777",
  "password": "123456"
}
[2024-04-19 14:51:56,361][rest_client.py 16][INFO]: 接口返回内容为>>>
{
  "token": "eyJ0eXAiOiJKV1QiLCJhbGciOiJIUzI1NiJ9.eyJ1c2VyX2lkIjoxMDAwNTk0NSwidXNlcm5hbWUiOiIxNzYyMTk0Nzc3NyIsImV4cCI6MTcxNDExNDM0MywiZW1haWwiOm51bGx9.nxVK-29HRPr6kwGAazL028T4HXfiSEDQ5et32UysFpk"
}
[2024-04-19 14:55:32,931][rest_client.py 34][INFO]: 接口请求的地址>>>http://admin.5istudy.online/orders/
[2024-04-19 14:55:32,931][rest_client.py 35][INFO]: 接口请求的方法>>>GET
[2024-04-19 14:57:01,415][rest_client.py 34][INFO]: 接口请求的地址>>>http://admin.5istudy.online/login/
[2024-04-19 14:57:01,415][rest_client.py 35][INFO]: 接口请求的方法>>>POST
[2024-04-19 14:57:01,415][rest_client.py 39][INFO]: 接口请求的json参数>>>
{
  "username": "17621947777",
  "password": "123456"
}
[2024-04-19 14:57:01,600][rest_client.py 16][INFO]: 接口返回内容为>>>
{
  "token": "eyJ0eXAiOiJKV1QiLCJhbGciOiJIUzI1NiJ9.eyJ1c2VyX2lkIjoxMDAwNTk0NSwidXNlcm5hbWUiOiIxNzYyMTk0Nzc3NyIsImV4cCI6MTcxNDExNDY0OSwiZW1haWwiOm51bGx9.QViw2v3_QnS4sgkkbYHe1F4gtiDNG4GlRe2b85RLs0M"
}
[2024-04-19 14:57:01,600][rest_client.py 34][INFO]: 接口请求的地址>>>http://admin.5istudy.online/orders/
[2024-04-19 14:57:01,600][rest_client.py 35][INFO]: 接口请求的方法>>>GET
[2024-04-19 14:59:36,470][rest_client.py 34][INFO]: 接口请求的地址>>>http://admin.5istudy.online/login/
[2024-04-19 14:59:36,470][rest_client.py 35][INFO]: 接口请求的方法>>>POST
[2024-04-19 14:59:36,470][rest_client.py 39][INFO]: 接口请求的json参数>>>
{
  "username": "17621947777",
  "password": "123456"
}
[2024-04-19 14:59:36,610][rest_client.py 16][INFO]: 接口返回内容为>>>
{
  "token": "eyJ0eXAiOiJKV1QiLCJhbGciOiJIUzI1NiJ9.eyJ1c2VyX2lkIjoxMDAwNTk0NSwidXNlcm5hbWUiOiIxNzYyMTk0Nzc3NyIsImV4cCI6MTcxNDExNDgwNCwiZW1haWwiOm51bGx9.BuUeSaJDixjxyAuOv7keiCWUHlHl1pgUkhkRI_LtsOI"
}
[2024-04-19 14:59:36,614][rest_client.py 34][INFO]: 接口请求的地址>>>http://admin.5istudy.online/orders/
[2024-04-19 14:59:36,614][rest_client.py 35][INFO]: 接口请求的方法>>>GET
[2024-04-19 14:59:36,880][rest_client.py 16][INFO]: 接口返回内容为>>>
[
  {
    "id": 8749,
    "pay_status": "paying",
    "order_sn": "202404180922421000594585",
    "trade_no": null,
    "pay_time": null,
    "add_time": "2024-04-18 09:22:42",
    "alipay_url": "https://openapi-sandbox.dl.alipaydev.com/gateway.do?app_id=9021000123614494&biz_content=%7B%22subject%22%3A%22202404180922421000594585%22%2C%22out_trade_no%22%3A%22202404180922421000594585%22%2C%22total_amount%22%3A0.01%2C%22product_code%22%3A%22FAST_INSTANT_TRADE_PAY%22%7D&charset=utf-8&method=alipay.trade.page.pay&notify_url=http%3A%2F%2Fadmin.5istudy.online%2Falipay%2Freturn%2F&return_url=http%3A%2F%2Fadmin.5istudy.online%2Falipay%2Freturn%2F&sign_type=RSA2&timestamp=2024-04-19+15%3A00%3A04&version=1.0&sign=E1RUFcdPz9%2F73GDLt9flqOvNg8ZO0GWOxWMnFuUcTcuD9yGbTA%2FV7ARG7%2FKIra7fLNpir0%2BRr3710decf%2B%2BPxfxJr3rpmjjTye8ClLIFQj5yLEJLarU5hb7t2IPrirUtBAxcnIxpwd5KnG2T9BmCtQ7HxgspYa2nppUEq2WZvxefwhq8tytvp0T6cpjyZsg62umZZ9FdXcW7RQ%2Fywb18%2BUPB3VCeqeeUln4LJgi2Mjy0mGJI41HRryFUQJSxnyfPxpcWm%2F7dy31FGnNxiQ2FEAYNYRGI%2BaQSdaygHie4Lm4sPN5hvWfoRUXTYToIXJLiQA%2Bnhwz2pCybEV%2BDQyWsJw%3D%3D",
    "post_script": "11111测试下个单~~",
    "order_mount": 0.01,
    "address": "广东省广州市天河区车陂北街富力万科云启",
    "signer_name": "江畔独步",
    "singer_mobile": "17621947856"
  },
  {
    "id": 8750,
    "pay_status": "paying",
    "order_sn": "202404180923311000594517",
    "trade_no": null,
    "pay_time": null,
    "add_time": "2024-04-18 09:23:31",
    "alipay_url": "https://openapi-sandbox.dl.alipaydev.com/gateway.do?app_id=9021000123614494&biz_content=%7B%22subject%22%3A%22202404180923311000594517%22%2C%22out_trade_no%22%3A%22202404180923311000594517%22%2C%22total_amount%22%3A9.0%2C%22product_code%22%3A%22FAST_INSTANT_TRADE_PAY%22%7D&charset=utf-8&method=alipay.trade.page.pay&notify_url=http%3A%2F%2Fadmin.5istudy.online%2Falipay%2Freturn%2F&return_url=http%3A%2F%2Fadmin.5istudy.online%2Falipay%2Freturn%2F&sign_type=RSA2&timestamp=2024-04-19+15%3A00%3A04&version=1.0&sign=aU1tGhqXEGEqgLACI%2F64mmTRHWoT908R1oeWzyxz2UXZea7mACKlyjqCDPM1%2BfJlif3NHP%2BQlIvb21VFOpKoiVjVBy8p6cpO%2Fk0TGGbzHJctcFy1aWlIMqMii0DRmOrQGaK%2FR9pfY0RdENC%2BqMRnFp1i1FGODHv7Zl4b6HOHsn3GDbzlenmqPhhfDCIm9W4sFDnL2%2BA4rYqRh1ft0oBMNzkUYfiORpEyIcCzHKcGku2TwBxbfqOUzopC0hmVNuKB%2B90fUh6ygR4bCLe4OQcoNhNE4NeiI4fHX9xjImIj8Lt3qUVv8m1%2BFdf5L5%2FxVlVfzwIEXSHMPy4vAJyCJKqMVA%3D%3D",
    "post_script": "222222测试再下个单~~~",
    "order_mount": 9.0,
    "address": "广东省广州市天河区车陂北街富力万科云启",
    "signer_name": "江畔独步",
    "singer_mobile": "17621947856"
  }
]
[2024-04-19 14:59:47,631][rest_client.py 34][INFO]: 接口请求的地址>>>http://admin.5istudy.online/login/
[2024-04-19 14:59:47,631][rest_client.py 35][INFO]: 接口请求的方法>>>POST
[2024-04-19 14:59:47,631][rest_client.py 39][INFO]: 接口请求的json参数>>>
{
  "username": "17621947777",
  "password": "123456"
}
[2024-04-19 14:59:47,781][rest_client.py 16][INFO]: 接口返回内容为>>>
{
  "token": "eyJ0eXAiOiJKV1QiLCJhbGciOiJIUzI1NiJ9.eyJ1c2VyX2lkIjoxMDAwNTk0NSwidXNlcm5hbWUiOiIxNzYyMTk0Nzc3NyIsImV4cCI6MTcxNDExNDgxNSwiZW1haWwiOm51bGx9.7uvn-N0xmrkh7v1-rqSaRziIqNxzHXnS5LFOduKyoeE"
}
[2024-04-19 15:00:42,056][rest_client.py 34][INFO]: 接口请求的地址>>>http://admin.5istudy.online/login/
[2024-04-19 15:00:42,056][rest_client.py 35][INFO]: 接口请求的方法>>>POST
[2024-04-19 15:00:42,056][rest_client.py 39][INFO]: 接口请求的json参数>>>
{
  "username": "17621947777",
  "password": "123456"
}
[2024-04-19 15:00:42,410][rest_client.py 16][INFO]: 接口返回内容为>>>
{
  "token": "eyJ0eXAiOiJKV1QiLCJhbGciOiJIUzI1NiJ9.eyJ1c2VyX2lkIjoxMDAwNTk0NSwidXNlcm5hbWUiOiIxNzYyMTk0Nzc3NyIsImV4cCI6MTcxNDExNDg2OSwiZW1haWwiOm51bGx9.Sl7oJ7cbrnKG_089BaiSf9NSBVo3pseqA2zZ9VQnGqg"
}
[2024-04-19 15:02:24,305][rest_client.py 34][INFO]: 接口请求的地址>>>http://admin.5istudy.online/login/
[2024-04-19 15:02:24,305][rest_client.py 35][INFO]: 接口请求的方法>>>POST
[2024-04-19 15:02:24,305][rest_client.py 39][INFO]: 接口请求的json参数>>>
{
  "username": "17621947777",
  "password": "123456"
}
[2024-04-19 15:02:24,490][rest_client.py 16][INFO]: 接口返回内容为>>>
{
  "token": "eyJ0eXAiOiJKV1QiLCJhbGciOiJIUzI1NiJ9.eyJ1c2VyX2lkIjoxMDAwNTk0NSwidXNlcm5hbWUiOiIxNzYyMTk0Nzc3NyIsImV4cCI6MTcxNDExNDk3MSwiZW1haWwiOm51bGx9.shvifuHfZiw2qZOE54b0giFfi5sOXn_6HXtRKFLwo2Q"
}
[2024-04-19 15:05:10,181][rest_client.py 34][INFO]: 接口请求的地址>>>http://admin.5istudy.online/login/
[2024-04-19 15:05:10,181][rest_client.py 35][INFO]: 接口请求的方法>>>POST
[2024-04-19 15:05:10,181][rest_client.py 39][INFO]: 接口请求的json参数>>>
{
  "username": "17621947777",
  "password": "123456"
}
[2024-04-19 15:05:10,330][rest_client.py 16][INFO]: 接口返回内容为>>>
{
  "token": "eyJ0eXAiOiJKV1QiLCJhbGciOiJIUzI1NiJ9.eyJ1c2VyX2lkIjoxMDAwNTk0NSwidXNlcm5hbWUiOiIxNzYyMTk0Nzc3NyIsImV4cCI6MTcxNDExNTEzNywiZW1haWwiOm51bGx9.YyVEl_ZRYBJTjZdNtalpmAi8dSKA0ZVWqsxM_W1wsAs"
}
[2024-04-19 15:05:10,340][rest_client.py 34][INFO]: 接口请求的地址>>>http://admin.5istudy.online/orders/8749/
[2024-04-19 15:05:10,345][rest_client.py 35][INFO]: 接口请求的方法>>>GET
[2024-04-19 15:05:10,345][rest_client.py 41][INFO]: 接口请求的params参数>>>
{
  "order_id": "8749",
  "order_id2": "8749",
  "time": "1713510310"
}
[2024-04-19 15:07:44,745][rest_client.py 34][INFO]: 接口请求的地址>>>http://admin.5istudy.online/login/
[2024-04-19 15:07:44,745][rest_client.py 35][INFO]: 接口请求的方法>>>POST
[2024-04-19 15:07:44,745][rest_client.py 39][INFO]: 接口请求的json参数>>>
{
  "username": "17621947777",
  "password": "123456"
}
[2024-04-19 15:07:44,920][rest_client.py 16][INFO]: 接口返回内容为>>>
{
  "token": "eyJ0eXAiOiJKV1QiLCJhbGciOiJIUzI1NiJ9.eyJ1c2VyX2lkIjoxMDAwNTk0NSwidXNlcm5hbWUiOiIxNzYyMTk0Nzc3NyIsImV4cCI6MTcxNDExNTI5MiwiZW1haWwiOm51bGx9.9JDvDjp5nMRI4raakGKcYHqKerzWTZNsHYiRZyG2BfY"
}
[2024-04-19 15:07:44,920][rest_client.py 34][INFO]: 接口请求的地址>>>http://admin.5istudy.online/orders/8749/
[2024-04-19 15:07:44,920][rest_client.py 35][INFO]: 接口请求的方法>>>GET
[2024-04-19 15:07:44,920][rest_client.py 41][INFO]: 接口请求的params参数>>>
{
  "order_id": "8749",
  "order_id2": "8749",
  "time": "1713510464"
}
[2024-04-19 15:07:45,111][rest_client.py 16][INFO]: 接口返回内容为>>>
{
  "id": 8749,
  "goods": [
    {
      "id": 7215,
      "goods": {
        "id": 84,
        "category": {
          "id": 74,
          "sub_cat": [
            {
              "id": 75,
              "sub_cat": [
                {
                  "id": 76,
                  "add_time": "2019-11-19 13:21:56",
                  "name": "果冻",
                  "code": "果冻",
                  "desc": "",
                  "category_type": 3,
                  "is_tab": false,
                  "parent_category": 75
                },
                {
                  "id": 77,
                  "add_time": "2019-11-19 13:21:56",
                  "name": "枣类",
                  "code": "枣类",
                  "desc": "",
                  "category_type": 3,
                  "is_tab": false,
                  "parent_category": 75
                },
                {
                  "id": 78,
                  "add_time": "2019-11-19 13:21:56",
                  "name": "蜜饯",
                  "code": "蜜饯",
                  "desc": "",
                  "category_type": 3,
                  "is_tab": false,
                  "parent_category": 75
                },
                {
                  "id": 79,
                  "add_time": "2019-11-19 13:21:56",
                  "name": "肉类零食",
                  "code": "肉类零食",
                  "desc": "",
                  "category_type": 3,
                  "is_tab": false,
                  "parent_category": 75
                },
                {
                  "id": 80,
                  "add_time": "2019-11-19 13:21:56",
                  "name": "坚果炒货",
                  "code": "坚果炒货",
                  "desc": "",
                  "category_type": 3,
                  "is_tab": false,
                  "parent_category": 75
                }
              ],
              "add_time": "2019-11-19 13:21:56",
              "name": "休闲零食",
              "code": "休闲零食",
              "desc": "",
              "category_type": 2,
              "is_tab": false,
              "parent_category": 74
            },
            {
              "id": 81,
              "sub_cat": [
                {
                  "id": 82,
                  "add_time": "2019-11-19 13:21:56",
                  "name": "创意喜糖",
                  "code": "创意喜糖",
                  "desc": "",
                  "category_type": 3,
                  "is_tab": false,
                  "parent_category": 81
                },
                {
                  "id": 83,
                  "add_time": "2019-11-19 13:21:56",
                  "name": "口香糖",
                  "code": "口香糖",
                  "desc": "",
                  "category_type": 3,
                  "is_tab": false,
                  "parent_category": 81
                },
                {
                  "id": 84,
                  "add_time": "2019-11-19 13:21:56",
                  "name": "软糖",
                  "code": "软糖",
                  "desc": "",
                  "category_type": 3,
                  "is_tab": false,
                  "parent_category": 81
                },
                {
                  "id": 85,
                  "add_time": "2019-11-19 13:21:56",
                  "name": "棒棒糖",
                  "code": "棒棒糖",
                  "desc": "",
                  "category_type": 3,
                  "is_tab": false,
                  "parent_category": 81
                }
              ],
              "add_time": "2019-11-19 13:21:56",
              "name": "糖果",
              "code": "糖果",
              "desc": "",
              "category_type": 2,
              "is_tab": false,
              "parent_category": 74
            },
            {
              "id": 86,
              "sub_cat": [
                {
                  "id": 87,
                  "add_time": "2019-11-19 13:21:56",
                  "name": "夹心巧克力",
                  "code": "夹心巧克力",
                  "desc": "",
                  "category_type": 3,
                  "is_tab": false,
                  "parent_category": 86
                },
                {
                  "id": 88,
                  "add_time": "2019-11-19 13:21:56",
                  "name": "白巧克力",
                  "code": "白巧克力",
                  "desc": "",
                  "category_type": 3,
                  "is_tab": false,
                  "parent_category": 86
                },
                {
                  "id": 89,
                  "add_time": "2019-11-19 13:21:56",
                  "name": "松露巧克力",
                  "code": "松露巧克力",
                  "desc": "",
                  "category_type": 3,
                  "is_tab": false,
                  "parent_category": 86
                },
                {
                  "id": 90,
                  "add_time": "2019-11-19 13:21:56",
                  "name": "黑巧克力",
                  "code": "黑巧克力",
                  "desc": "",
                  "category_type": 3,
                  "is_tab": false,
                  "parent_category": 86
                }
              ],
              "add_time": "2019-11-19 13:21:56",
              "name": "巧克力",
              "code": "巧克力",
              "desc": "",
              "category_type": 2,
              "is_tab": false,
              "parent_category": 74
            },
            {
              "id": 91,
              "sub_cat": [
                {
                  "id": 92,
                  "add_time": "2019-11-19 13:21:56",
                  "name": "牛肉干",
                  "code": "牛肉干",
                  "desc": "",
                  "category_type": 3,
                  "is_tab": false,
                  "parent_category": 91
                },
                {
                  "id": 93,
                  "add_time": "2019-11-19 13:21:56",
                  "name": "猪肉脯",
                  "code": "猪肉脯",
                  "desc": "",
                  "category_type": 3,
                  "is_tab": false,
                  "parent_category": 91
                },
                {
                  "id": 94,
                  "add_time": "2019-11-19 13:21:56",
                  "name": "牛肉粒",
                  "code": "牛肉粒",
                  "desc": "",
                  "category_type": 3,
                  "is_tab": false,
                  "parent_category": 91
                },
                {
                  "id": 95,
                  "add_time": "2019-11-19 13:21:56",
                  "name": "猪肉干",
                  "code": "猪肉干",
                  "desc": "",
                  "category_type": 3,
                  "is_tab": false,
                  "parent_category": 91
                }
              ],
              "add_time": "2019-11-19 13:21:56",
              "name": "肉干肉脯/豆干",
              "code": "肉干肉脯/豆干",
              "desc": "",
              "category_type": 2,
              "is_tab": false,
              "parent_category": 74
            },
            {
              "id": 96,
              "sub_cat": [
                {
                  "id": 97,
                  "add_time": "2019-11-19 13:21:56",
                  "name": "鱿鱼足",
                  "code": "鱿鱼足",
                  "desc": "",
                  "category_type": 3,
                  "is_tab": false,
                  "parent_category": 96
                },
                {
                  "id": 98,
                  "add_time": "2019-11-19 13:21:56",
                  "name": "鱿鱼丝",
                  "code": "鱿鱼丝",
                  "desc": "",
                  "category_type": 3,
                  "is_tab": false,
                  "parent_category": 96
                },
                {
                  "id": 99,
                  "add_time": "2019-11-19 13:21:56",
                  "name": "墨鱼/乌贼",
                  "code": "墨鱼/乌贼",
                  "desc": "",
                  "category_type": 3,
                  "is_tab": false,
                  "parent_category": 96
                },
                {
                  "id": 100,
                  "add_time": "2019-11-19 13:21:56",
                  "name": "鱿鱼仔",
                  "code": "鱿鱼仔",
                  "desc": "",
                  "category_type": 3,
                  "is_tab": false,
                  "parent_category": 96
                },
                {
                  "id": 101,
                  "add_time": "2019-11-19 13:21:56",
                  "name": "鱿鱼片",
                  "code": "鱿鱼片",
                  "desc": "",
                  "category_type": 3,
                  "is_tab": false,
                  "parent_category": 96
                }
              ],
              "add_time": "2019-11-19 13:21:56",
              "name": "鱿鱼丝/鱼干",
              "code": "鱿鱼丝/鱼干",
              "desc": "",
              "category_type": 2,
              "is_tab": false,
              "parent_category": 74
            }
          ],
          "add_time": "2019-11-19 13:21:00",
          "name": "休闲食品",
          "code": "休闲食品",
          "desc": "休闲食品",
          "category_type": 1,
          "is_tab": false,
          "parent_category": null
        },
        "images": [],
        "add_time": "2023-11-02 10:51:00",
        "goods_sn": "888",
        "name": "奶糖",
        "click_num": 1,
        "sold_num": 12,
        "fav_num": 1,
        "goods_num": 100,
        "market_price": 0.5,
        "shop_price": 0.01,
        "goods_brief": "甜甜的奶糖",
        "goods_desc": "糖",
        "ship_free": true,
        "goods_front_image": null,
        "is_new": true,
        "is_hot": true
      },
      "goods_num": 1,
      "add_time": "2024-04-18T09:22:42.451088",
      "order": 8749
    }
  ],
  "alipay_url": "https://openapi-sandbox.dl.alipaydev.com/gateway.do?app_id=9021000123614494&biz_content=%7B%22subject%22%3A%22202404180922421000594585%22%2C%22out_trade_no%22%3A%22202404180922421000594585%22%2C%22total_amount%22%3A0.01%2C%22product_code%22%3A%22FAST_INSTANT_TRADE_PAY%22%7D&charset=utf-8&method=alipay.trade.page.pay&notify_url=http%3A%2F%2Fadmin.5istudy.online%2Falipay%2Freturn%2F&return_url=http%3A%2F%2Fadmin.5istudy.online%2Falipay%2Freturn%2F&sign_type=RSA2&timestamp=2024-04-19+15%3A08%3A12&version=1.0&sign=McsE2hYvVBq5%2BGOBU9a1FAPRa9CgY6D%2FFLO6lNYLOoep2S%2Bx8OzO5n1PYNtwOr87hdnWHvSruBPn6x%2F0TKBSLo2ePNPpQ3fLBJhjHSCRuWJ57UdvD924tTJcoYP5r7P1K5Dy6kI5EGMyOFFovJFC2qk4wGTB3cwuVdocQtOqMNPvDtCfOzhdUYaMJuAj1puQOFBB6Ff%2FKTeN6Wo7pYKMvBc1nDbQ74T7BBXwYNYXGPmpv8srdspujOYf70olKy6KluAMs59J%2FYd53lj9UG1jm0aLUt6aefdO5YLury%2Frm7LyvlkEjKRpiPj63J8yh%2BCCW7Qb%2FHdJ6yfVZVe%2FGyvh5A%3D%3D",
  "order_sn": "202404180922421000594585",
  "trade_no": null,
  "pay_status": "paying",
  "post_script": "11111测试下个单~~",
  "order_mount": 0.01,
  "pay_time": null,
  "address": "广东省广州市天河区车陂北街富力万科云启",
  "signer_name": "江畔独步",
  "singer_mobile": "17621947856",
  "add_time": "2024-04-18T09:22:42.446832",
  "user": 10005945
}
[2024-04-19 15:07:58,155][rest_client.py 34][INFO]: 接口请求的地址>>>http://admin.5istudy.online/login/
[2024-04-19 15:07:58,155][rest_client.py 35][INFO]: 接口请求的方法>>>POST
[2024-04-19 15:07:58,155][rest_client.py 39][INFO]: 接口请求的json参数>>>
{
  "username": "17621947777",
  "password": "123456"
}
[2024-04-19 15:07:58,321][rest_client.py 16][INFO]: 接口返回内容为>>>
{
  "token": "eyJ0eXAiOiJKV1QiLCJhbGciOiJIUzI1NiJ9.eyJ1c2VyX2lkIjoxMDAwNTk0NSwidXNlcm5hbWUiOiIxNzYyMTk0Nzc3NyIsImV4cCI6MTcxNDExNTMwNSwiZW1haWwiOm51bGx9.yIS9A7wAytSnr7ATwO-nh32iwM7y75m3IfrG7Jj176E"
}
[2024-04-19 15:07:58,321][rest_client.py 34][INFO]: 接口请求的地址>>>http://admin.5istudy.online/orders/
[2024-04-19 15:07:58,321][rest_client.py 35][INFO]: 接口请求的方法>>>GET
[2024-04-19 15:10:22,860][rest_client.py 34][INFO]: 接口请求的地址>>>http://admin.5istudy.online/login/
[2024-04-19 15:10:22,860][rest_client.py 35][INFO]: 接口请求的方法>>>POST
[2024-04-19 15:10:22,860][rest_client.py 39][INFO]: 接口请求的json参数>>>
{
  "username": "17621947777",
  "password": "123456"
}
[2024-04-19 15:10:23,010][rest_client.py 16][INFO]: 接口返回内容为>>>
{
  "token": "eyJ0eXAiOiJKV1QiLCJhbGciOiJIUzI1NiJ9.eyJ1c2VyX2lkIjoxMDAwNTk0NSwidXNlcm5hbWUiOiIxNzYyMTk0Nzc3NyIsImV4cCI6MTcxNDExNTQ1MCwiZW1haWwiOm51bGx9.q5cH-9dBPruY71l0xIANH142apjJDbIoyfoT_VDotGU"
}
[2024-04-19 15:10:23,020][rest_client.py 34][INFO]: 接口请求的地址>>>http://admin.5istudy.online/orders/
[2024-04-19 15:10:23,020][rest_client.py 35][INFO]: 接口请求的方法>>>GET
[2024-04-19 15:10:23,020][rest_client.py 41][INFO]: 接口请求的params参数>>>
{
  "order_id": "8749"
}
[2024-04-19 15:11:13,471][rest_client.py 34][INFO]: 接口请求的地址>>>http://admin.5istudy.online/login/
[2024-04-19 15:11:13,471][rest_client.py 35][INFO]: 接口请求的方法>>>POST
[2024-04-19 15:11:13,471][rest_client.py 39][INFO]: 接口请求的json参数>>>
{
  "username": "17621947777",
  "password": "123456"
}
[2024-04-19 15:11:13,630][rest_client.py 16][INFO]: 接口返回内容为>>>
{
  "token": "eyJ0eXAiOiJKV1QiLCJhbGciOiJIUzI1NiJ9.eyJ1c2VyX2lkIjoxMDAwNTk0NSwidXNlcm5hbWUiOiIxNzYyMTk0Nzc3NyIsImV4cCI6MTcxNDExNTUwMSwiZW1haWwiOm51bGx9.F_MM1o_v5z56QpulExRJ5jp9xbtHal8hUdRVaBXNtGk"
}
[2024-04-19 15:12:52,300][rest_client.py 34][INFO]: 接口请求的地址>>>http://admin.5istudy.online/login/
[2024-04-19 15:12:52,300][rest_client.py 35][INFO]: 接口请求的方法>>>POST
[2024-04-19 15:12:52,300][rest_client.py 39][INFO]: 接口请求的json参数>>>
{
  "username": "17621947777",
  "password": "123456"
}
[2024-04-19 15:12:52,470][rest_client.py 16][INFO]: 接口返回内容为>>>
{
  "token": "eyJ0eXAiOiJKV1QiLCJhbGciOiJIUzI1NiJ9.eyJ1c2VyX2lkIjoxMDAwNTk0NSwidXNlcm5hbWUiOiIxNzYyMTk0Nzc3NyIsImV4cCI6MTcxNDExNTU5OSwiZW1haWwiOm51bGx9.gTlAtbTeI2Gy_aYBeoY251yhQFnAXFlKTugbo1PKJqE"
}
[2024-04-19 15:13:08,251][rest_client.py 34][INFO]: 接口请求的地址>>>http://admin.5istudy.online/orders/
[2024-04-19 15:13:08,251][rest_client.py 35][INFO]: 接口请求的方法>>>GET
[2024-04-19 15:13:08,251][rest_client.py 41][INFO]: 接口请求的params参数>>>
{
  "order_id": "8749"
}
[2024-04-19 15:13:08,531][rest_client.py 16][INFO]: 接口返回内容为>>>
[
  {
    "id": 8749,
    "pay_status": "paying",
    "order_sn": "202404180922421000594585",
    "trade_no": null,
    "pay_time": null,
    "add_time": "2024-04-18 09:22:42",
    "alipay_url": "https://openapi-sandbox.dl.alipaydev.com/gateway.do?app_id=9021000123614494&biz_content=%7B%22subject%22%3A%22202404180922421000594585%22%2C%22out_trade_no%22%3A%22202404180922421000594585%22%2C%22total_amount%22%3A0.01%2C%22product_code%22%3A%22FAST_INSTANT_TRADE_PAY%22%7D&charset=utf-8&method=alipay.trade.page.pay&notify_url=http%3A%2F%2Fadmin.5istudy.online%2Falipay%2Freturn%2F&return_url=http%3A%2F%2Fadmin.5istudy.online%2Falipay%2Freturn%2F&sign_type=RSA2&timestamp=2024-04-19+15%3A13%3A35&version=1.0&sign=rU2zuVVNkZAPtMZ7ixUo1X71VfWsIW5vKUejB6MQ11hNvLKaKea1oKGCutggCyABTUWZ0pr%2BqWuCu634PT9hiGAefV%2F6CpXFtqRqH%2BFmWL8hqezQqFt%2FMiDwbFhFLAywcNgE%2FBsmTfzk5thFPImUk5U991envlCD8nF483BrsZN27twMgx2890tC4EdR0Ajj0gb17PohhkrzWj%2Fmz%2BvNNDWxnhuc7VMVdttSS6MXvOvtoHqeGq3LQT7wp65jjc%2BewdNBnpm9XhdEGcr8ipiXIXqGzIkHzxikbCOnD1XsEAdKAS43C9ldUaUIRUSljt81HmqKq%2F2Z38EZhIWqcLH%2FCA%3D%3D",
    "post_script": "11111测试下个单~~",
    "order_mount": 0.01,
    "address": "广东省广州市天河区车陂北街富力万科云启",
    "signer_name": "江畔独步",
    "singer_mobile": "17621947856"
  },
  {
    "id": 8750,
    "pay_status": "paying",
    "order_sn": "202404180923311000594517",
    "trade_no": null,
    "pay_time": null,
    "add_time": "2024-04-18 09:23:31",
    "alipay_url": "https://openapi-sandbox.dl.alipaydev.com/gateway.do?app_id=9021000123614494&biz_content=%7B%22subject%22%3A%22202404180923311000594517%22%2C%22out_trade_no%22%3A%22202404180923311000594517%22%2C%22total_amount%22%3A9.0%2C%22product_code%22%3A%22FAST_INSTANT_TRADE_PAY%22%7D&charset=utf-8&method=alipay.trade.page.pay&notify_url=http%3A%2F%2Fadmin.5istudy.online%2Falipay%2Freturn%2F&return_url=http%3A%2F%2Fadmin.5istudy.online%2Falipay%2Freturn%2F&sign_type=RSA2&timestamp=2024-04-19+15%3A13%3A36&version=1.0&sign=f1tmwrp5X3o0UVZ7eaboC5pQD5HRe2XVIPC0uj7OaHF0ZPHJwjQl%2FOovVRlJX8wEr9dpzgBd8XjO%2FKwDgadtL04AL%2FxRWGC%2BNGKTRTnlaFfXkC%2BdWg2bnsJDrT1sD6YYo%2B%2F3LD4ksvtBN91Iuokkn0krFuRhdAwe6wdrldEYYn4TjxlAPIPC2Ig0VyVC5Khp3IA80pT8371qZmyQ63kPon%2FN%2FMMfwUi%2FkVuMuC1mTBwQkis4%2FOVmg4ngE0aNnqSmXLqNsr5SZPYzzY6m0ozEzJSB1rcQGoCaAVleXACIyOH5H59uSqm4c2UVfF3X4Dk5egzTxWOWHhaW7F3M%2Bqcjxg%3D%3D",
    "post_script": "222222测试再下个单~~~",
    "order_mount": 9.0,
    "address": "广东省广州市天河区车陂北街富力万科云启",
    "signer_name": "江畔独步",
    "singer_mobile": "17621947856"
  }
]
[2024-04-19 15:13:17,855][rest_client.py 34][INFO]: 接口请求的地址>>>http://admin.5istudy.online/login/
[2024-04-19 15:13:17,855][rest_client.py 35][INFO]: 接口请求的方法>>>POST
[2024-04-19 15:13:17,855][rest_client.py 39][INFO]: 接口请求的json参数>>>
{
  "username": "17621947777",
  "password": "123456"
}
[2024-04-19 15:13:18,011][rest_client.py 16][INFO]: 接口返回内容为>>>
{
  "token": "eyJ0eXAiOiJKV1QiLCJhbGciOiJIUzI1NiJ9.eyJ1c2VyX2lkIjoxMDAwNTk0NSwidXNlcm5hbWUiOiIxNzYyMTk0Nzc3NyIsImV4cCI6MTcxNDExNTYyNSwiZW1haWwiOm51bGx9.hUajaTo_pFWNSf-_BvtddHqqvPQ-lFz3C1Lzt0w3Aug"
}
[2024-04-19 15:13:18,020][rest_client.py 34][INFO]: 接口请求的地址>>>http://admin.5istudy.online/orders/
[2024-04-19 15:13:18,020][rest_client.py 35][INFO]: 接口请求的方法>>>GET
[2024-04-19 15:13:18,020][rest_client.py 41][INFO]: 接口请求的params参数>>>
{
  "order_id": "8749"
}
[2024-04-19 15:13:18,287][rest_client.py 16][INFO]: 接口返回内容为>>>
[
  {
    "id": 8749,
    "pay_status": "paying",
    "order_sn": "202404180922421000594585",
    "trade_no": null,
    "pay_time": null,
    "add_time": "2024-04-18 09:22:42",
    "alipay_url": "https://openapi-sandbox.dl.alipaydev.com/gateway.do?app_id=9021000123614494&biz_content=%7B%22subject%22%3A%22202404180922421000594585%22%2C%22out_trade_no%22%3A%22202404180922421000594585%22%2C%22total_amount%22%3A0.01%2C%22product_code%22%3A%22FAST_INSTANT_TRADE_PAY%22%7D&charset=utf-8&method=alipay.trade.page.pay&notify_url=http%3A%2F%2Fadmin.5istudy.online%2Falipay%2Freturn%2F&return_url=http%3A%2F%2Fadmin.5istudy.online%2Falipay%2Freturn%2F&sign_type=RSA2&timestamp=2024-04-19+15%3A13%3A45&version=1.0&sign=eWqm7bYQY56M%2Fj0qTWXg%2FZORZIOSWqZyNG%2BS4%2F6z2lXN0McFYVLCe9yc%2FPqh%2Bq%2B%2FLd9Vei7%2B7Max48xYM0NQpWYeZj49DtoxaV4ZntVtfNWO8ppdGUoG7zYClOttD6Fs%2FocUJuhZ1Uei82eLYrOzM7Na5iBNJFGqwMs5Bs3YT%2FWRC8PryOszIHDGbC9K6ue9hN47LJMB6xGw2ebY3LRp67AwCGB8DpYxSy70SUB6f3kPOZFvhrpSTAGtn1FbRFOs%2BcF74qn1HdMahXn9NHOIJCn91D6G3l3WYSBalkl%2B%2BDq3%2FUFoCKhOTuL6hoxynZqD42hBl8Sx%2FKc9%2BrI7LyPCsA%3D%3D",
    "post_script": "11111测试下个单~~",
    "order_mount": 0.01,
    "address": "广东省广州市天河区车陂北街富力万科云启",
    "signer_name": "江畔独步",
    "singer_mobile": "17621947856"
  },
  {
    "id": 8750,
    "pay_status": "paying",
    "order_sn": "202404180923311000594517",
    "trade_no": null,
    "pay_time": null,
    "add_time": "2024-04-18 09:23:31",
    "alipay_url": "https://openapi-sandbox.dl.alipaydev.com/gateway.do?app_id=9021000123614494&biz_content=%7B%22subject%22%3A%22202404180923311000594517%22%2C%22out_trade_no%22%3A%22202404180923311000594517%22%2C%22total_amount%22%3A9.0%2C%22product_code%22%3A%22FAST_INSTANT_TRADE_PAY%22%7D&charset=utf-8&method=alipay.trade.page.pay&notify_url=http%3A%2F%2Fadmin.5istudy.online%2Falipay%2Freturn%2F&return_url=http%3A%2F%2Fadmin.5istudy.online%2Falipay%2Freturn%2F&sign_type=RSA2&timestamp=2024-04-19+15%3A13%3A45&version=1.0&sign=nqI9GUuZPkoAc1ek6FXJdKBp2ed%2FuwX%2FXqJQg1vAktMrU5kgXnMZB6CrLlDLq4ldio9lf7Z0JEhBmY%2BGtb7uhDaDRNbqLRdbOagxATRrwk%2BDrUahwlMlYSJj%2FGSHmwK3yABLiUHHJ5CqUnjRnDCvXcpY0JWWp9QkaFPqgqoxJfaQ0mUSnSxcTqc30r87GsG08m0E7fbfPAwxZzJlzXtjEs2ud2Mydv%2FRamZ8m5Zcnvk7ZP0OMlKHEAykY92ddBTDVbgEPKsGg80IfJhcPKn6cccu%2FUA47cb0iTy6s38uXBuZRch94ur4w4QNIsDnDoG%2FvNHBfZqlzDn41YCRMTLmhA%3D%3D",
    "post_script": "222222测试再下个单~~~",
    "order_mount": 9.0,
    "address": "广东省广州市天河区车陂北街富力万科云启",
    "signer_name": "江畔独步",
    "singer_mobile": "17621947856"
  }
]
[2024-04-19 15:13:22,131][rest_client.py 34][INFO]: 接口请求的地址>>>http://admin.5istudy.online/login/
[2024-04-19 15:13:22,131][rest_client.py 35][INFO]: 接口请求的方法>>>POST
[2024-04-19 15:13:22,131][rest_client.py 39][INFO]: 接口请求的json参数>>>
{
  "username": "17621947777",
  "password": "123456"
}
[2024-04-19 15:13:22,281][rest_client.py 16][INFO]: 接口返回内容为>>>
{
  "token": "eyJ0eXAiOiJKV1QiLCJhbGciOiJIUzI1NiJ9.eyJ1c2VyX2lkIjoxMDAwNTk0NSwidXNlcm5hbWUiOiIxNzYyMTk0Nzc3NyIsImV4cCI6MTcxNDExNTYyOSwiZW1haWwiOm51bGx9.Jgc9z7Ch3CmjGI_J1orgYUzbuLRI_eWphhuLgxYFxUM"
}
[2024-04-19 15:13:22,281][rest_client.py 34][INFO]: 接口请求的地址>>>http://admin.5istudy.online/orders/
[2024-04-19 15:13:22,281][rest_client.py 35][INFO]: 接口请求的方法>>>GET
[2024-04-19 15:13:22,281][rest_client.py 41][INFO]: 接口请求的params参数>>>
{
  "order_id": "8749"
}
[2024-04-19 15:13:22,541][rest_client.py 16][INFO]: 接口返回内容为>>>
[
  {
    "id": 8749,
    "pay_status": "paying",
    "order_sn": "202404180922421000594585",
    "trade_no": null,
    "pay_time": null,
    "add_time": "2024-04-18 09:22:42",
    "alipay_url": "https://openapi-sandbox.dl.alipaydev.com/gateway.do?app_id=9021000123614494&biz_content=%7B%22subject%22%3A%22202404180922421000594585%22%2C%22out_trade_no%22%3A%22202404180922421000594585%22%2C%22total_amount%22%3A0.01%2C%22product_code%22%3A%22FAST_INSTANT_TRADE_PAY%22%7D&charset=utf-8&method=alipay.trade.page.pay&notify_url=http%3A%2F%2Fadmin.5istudy.online%2Falipay%2Freturn%2F&return_url=http%3A%2F%2Fadmin.5istudy.online%2Falipay%2Freturn%2F&sign_type=RSA2&timestamp=2024-04-19+15%3A13%3A49&version=1.0&sign=X2WLc6oME7R3lCCTb6IvMXW8PYN6RsBi9wEKxha9CVKTzgtDGVo%2BnJbn6Em%2FCiygZ3QR%2BXSx4sdZmkqaSgVY%2FirCSnRe2oklqmDNl74tV4lv2yYJZox8XHAHkBXawzrtVVg11m5MEmJp%2F6J%2BrTiIgFvcd7FKlWGxQEbLRbJX5Bo3uZNcQWqLbMIHWd3CQ%2BrmwyBiIq0csC1DRapmQ%2FzuxX5y5Dpf1TRLVvFRx23lsgv4CzHiBB%2FpVQwUHcf8JglkVsMQTT8G73%2BGX19hueQAtIFei0RgKMmNa5CZKj3I9kUkbZ585pQIvJMnIXfZy8PjvegsxfxfCohsmR6i1vTV6g%3D%3D",
    "post_script": "11111测试下个单~~",
    "order_mount": 0.01,
    "address": "广东省广州市天河区车陂北街富力万科云启",
    "signer_name": "江畔独步",
    "singer_mobile": "17621947856"
  },
  {
    "id": 8750,
    "pay_status": "paying",
    "order_sn": "202404180923311000594517",
    "trade_no": null,
    "pay_time": null,
    "add_time": "2024-04-18 09:23:31",
    "alipay_url": "https://openapi-sandbox.dl.alipaydev.com/gateway.do?app_id=9021000123614494&biz_content=%7B%22subject%22%3A%22202404180923311000594517%22%2C%22out_trade_no%22%3A%22202404180923311000594517%22%2C%22total_amount%22%3A9.0%2C%22product_code%22%3A%22FAST_INSTANT_TRADE_PAY%22%7D&charset=utf-8&method=alipay.trade.page.pay&notify_url=http%3A%2F%2Fadmin.5istudy.online%2Falipay%2Freturn%2F&return_url=http%3A%2F%2Fadmin.5istudy.online%2Falipay%2Freturn%2F&sign_type=RSA2&timestamp=2024-04-19+15%3A13%3A50&version=1.0&sign=SNfNNOiFtZ4YSFUfLw8O%2B1nCGUgopplwsPSqYtv2qk2z%2BR0CI3Rq54ww0AIAgodm8tipUqxZiu8LHuDiOkAo4sFL6mOOzCz9LPjF%2BhRZJG%2Bq43w2Ewjk267lBZCo5QcKBqQ3gIcZjYLL566blh1uHw64i6%2BxLusal0Bnws1IoPcxX0JI0vdyVqRWucQFHK3%2F9C3MuPP5jj%2FRMEjg%2B2X6N%2BVyIZQR3lkjhVEggNv6O9JY9aKWo4x7QAicAmmp7lLzzgEeBUmZpwW6arQ6yfgmom9BJS8lDY4gvd9EHEQU1y5zRbGOz8s1%2BQEEn4fne%2F6Z6MUyxnocwNxMG2Adv%2B%2FwrA%3D%3D",
    "post_script": "222222测试再下个单~~~",
    "order_mount": 9.0,
    "address": "广东省广州市天河区车陂北街富力万科云启",
    "signer_name": "江畔独步",
    "singer_mobile": "17621947856"
  }
]
[2024-04-19 15:13:22,550][rest_client.py 34][INFO]: 接口请求的地址>>>http://admin.5istudy.online/orders/8749/
[2024-04-19 15:13:22,550][rest_client.py 35][INFO]: 接口请求的方法>>>GET
[2024-04-19 15:13:22,550][rest_client.py 41][INFO]: 接口请求的params参数>>>
{
  "order_id": "8749",
  "order_id2": "8749",
  "time": "1713510802"
}
[2024-04-19 15:13:22,740][rest_client.py 16][INFO]: 接口返回内容为>>>
{
  "id": 8749,
  "goods": [
    {
      "id": 7215,
      "goods": {
        "id": 84,
        "category": {
          "id": 74,
          "sub_cat": [
            {
              "id": 75,
              "sub_cat": [
                {
                  "id": 76,
                  "add_time": "2019-11-19 13:21:56",
                  "name": "果冻",
                  "code": "果冻",
                  "desc": "",
                  "category_type": 3,
                  "is_tab": false,
                  "parent_category": 75
                },
                {
                  "id": 77,
                  "add_time": "2019-11-19 13:21:56",
                  "name": "枣类",
                  "code": "枣类",
                  "desc": "",
                  "category_type": 3,
                  "is_tab": false,
                  "parent_category": 75
                },
                {
                  "id": 78,
                  "add_time": "2019-11-19 13:21:56",
                  "name": "蜜饯",
                  "code": "蜜饯",
                  "desc": "",
                  "category_type": 3,
                  "is_tab": false,
                  "parent_category": 75
                },
                {
                  "id": 79,
                  "add_time": "2019-11-19 13:21:56",
                  "name": "肉类零食",
                  "code": "肉类零食",
                  "desc": "",
                  "category_type": 3,
                  "is_tab": false,
                  "parent_category": 75
                },
                {
                  "id": 80,
                  "add_time": "2019-11-19 13:21:56",
                  "name": "坚果炒货",
                  "code": "坚果炒货",
                  "desc": "",
                  "category_type": 3,
                  "is_tab": false,
                  "parent_category": 75
                }
              ],
              "add_time": "2019-11-19 13:21:56",
              "name": "休闲零食",
              "code": "休闲零食",
              "desc": "",
              "category_type": 2,
              "is_tab": false,
              "parent_category": 74
            },
            {
              "id": 81,
              "sub_cat": [
                {
                  "id": 82,
                  "add_time": "2019-11-19 13:21:56",
                  "name": "创意喜糖",
                  "code": "创意喜糖",
                  "desc": "",
                  "category_type": 3,
                  "is_tab": false,
                  "parent_category": 81
                },
                {
                  "id": 83,
                  "add_time": "2019-11-19 13:21:56",
                  "name": "口香糖",
                  "code": "口香糖",
                  "desc": "",
                  "category_type": 3,
                  "is_tab": false,
                  "parent_category": 81
                },
                {
                  "id": 84,
                  "add_time": "2019-11-19 13:21:56",
                  "name": "软糖",
                  "code": "软糖",
                  "desc": "",
                  "category_type": 3,
                  "is_tab": false,
                  "parent_category": 81
                },
                {
                  "id": 85,
                  "add_time": "2019-11-19 13:21:56",
                  "name": "棒棒糖",
                  "code": "棒棒糖",
                  "desc": "",
                  "category_type": 3,
                  "is_tab": false,
                  "parent_category": 81
                }
              ],
              "add_time": "2019-11-19 13:21:56",
              "name": "糖果",
              "code": "糖果",
              "desc": "",
              "category_type": 2,
              "is_tab": false,
              "parent_category": 74
            },
            {
              "id": 86,
              "sub_cat": [
                {
                  "id": 87,
                  "add_time": "2019-11-19 13:21:56",
                  "name": "夹心巧克力",
                  "code": "夹心巧克力",
                  "desc": "",
                  "category_type": 3,
                  "is_tab": false,
                  "parent_category": 86
                },
                {
                  "id": 88,
                  "add_time": "2019-11-19 13:21:56",
                  "name": "白巧克力",
                  "code": "白巧克力",
                  "desc": "",
                  "category_type": 3,
                  "is_tab": false,
                  "parent_category": 86
                },
                {
                  "id": 89,
                  "add_time": "2019-11-19 13:21:56",
                  "name": "松露巧克力",
                  "code": "松露巧克力",
                  "desc": "",
                  "category_type": 3,
                  "is_tab": false,
                  "parent_category": 86
                },
                {
                  "id": 90,
                  "add_time": "2019-11-19 13:21:56",
                  "name": "黑巧克力",
                  "code": "黑巧克力",
                  "desc": "",
                  "category_type": 3,
                  "is_tab": false,
                  "parent_category": 86
                }
              ],
              "add_time": "2019-11-19 13:21:56",
              "name": "巧克力",
              "code": "巧克力",
              "desc": "",
              "category_type": 2,
              "is_tab": false,
              "parent_category": 74
            },
            {
              "id": 91,
              "sub_cat": [
                {
                  "id": 92,
                  "add_time": "2019-11-19 13:21:56",
                  "name": "牛肉干",
                  "code": "牛肉干",
                  "desc": "",
                  "category_type": 3,
                  "is_tab": false,
                  "parent_category": 91
                },
                {
                  "id": 93,
                  "add_time": "2019-11-19 13:21:56",
                  "name": "猪肉脯",
                  "code": "猪肉脯",
                  "desc": "",
                  "category_type": 3,
                  "is_tab": false,
                  "parent_category": 91
                },
                {
                  "id": 94,
                  "add_time": "2019-11-19 13:21:56",
                  "name": "牛肉粒",
                  "code": "牛肉粒",
                  "desc": "",
                  "category_type": 3,
                  "is_tab": false,
                  "parent_category": 91
                },
                {
                  "id": 95,
                  "add_time": "2019-11-19 13:21:56",
                  "name": "猪肉干",
                  "code": "猪肉干",
                  "desc": "",
                  "category_type": 3,
                  "is_tab": false,
                  "parent_category": 91
                }
              ],
              "add_time": "2019-11-19 13:21:56",
              "name": "肉干肉脯/豆干",
              "code": "肉干肉脯/豆干",
              "desc": "",
              "category_type": 2,
              "is_tab": false,
              "parent_category": 74
            },
            {
              "id": 96,
              "sub_cat": [
                {
                  "id": 97,
                  "add_time": "2019-11-19 13:21:56",
                  "name": "鱿鱼足",
                  "code": "鱿鱼足",
                  "desc": "",
                  "category_type": 3,
                  "is_tab": false,
                  "parent_category": 96
                },
                {
                  "id": 98,
                  "add_time": "2019-11-19 13:21:56",
                  "name": "鱿鱼丝",
                  "code": "鱿鱼丝",
                  "desc": "",
                  "category_type": 3,
                  "is_tab": false,
                  "parent_category": 96
                },
                {
                  "id": 99,
                  "add_time": "2019-11-19 13:21:56",
                  "name": "墨鱼/乌贼",
                  "code": "墨鱼/乌贼",
                  "desc": "",
                  "category_type": 3,
                  "is_tab": false,
                  "parent_category": 96
                },
                {
                  "id": 100,
                  "add_time": "2019-11-19 13:21:56",
                  "name": "鱿鱼仔",
                  "code": "鱿鱼仔",
                  "desc": "",
                  "category_type": 3,
                  "is_tab": false,
                  "parent_category": 96
                },
                {
                  "id": 101,
                  "add_time": "2019-11-19 13:21:56",
                  "name": "鱿鱼片",
                  "code": "鱿鱼片",
                  "desc": "",
                  "category_type": 3,
                  "is_tab": false,
                  "parent_category": 96
                }
              ],
              "add_time": "2019-11-19 13:21:56",
              "name": "鱿鱼丝/鱼干",
              "code": "鱿鱼丝/鱼干",
              "desc": "",
              "category_type": 2,
              "is_tab": false,
              "parent_category": 74
            }
          ],
          "add_time": "2019-11-19 13:21:00",
          "name": "休闲食品",
          "code": "休闲食品",
          "desc": "休闲食品",
          "category_type": 1,
          "is_tab": false,
          "parent_category": null
        },
        "images": [],
        "add_time": "2023-11-02 10:51:00",
        "goods_sn": "888",
        "name": "奶糖",
        "click_num": 1,
        "sold_num": 12,
        "fav_num": 1,
        "goods_num": 100,
        "market_price": 0.5,
        "shop_price": 0.01,
        "goods_brief": "甜甜的奶糖",
        "goods_desc": "糖",
        "ship_free": true,
        "goods_front_image": null,
        "is_new": true,
        "is_hot": true
      },
      "goods_num": 1,
      "add_time": "2024-04-18T09:22:42.451088",
      "order": 8749
    }
  ],
  "alipay_url": "https://openapi-sandbox.dl.alipaydev.com/gateway.do?app_id=9021000123614494&biz_content=%7B%22subject%22%3A%22202404180922421000594585%22%2C%22out_trade_no%22%3A%22202404180922421000594585%22%2C%22total_amount%22%3A0.01%2C%22product_code%22%3A%22FAST_INSTANT_TRADE_PAY%22%7D&charset=utf-8&method=alipay.trade.page.pay&notify_url=http%3A%2F%2Fadmin.5istudy.online%2Falipay%2Freturn%2F&return_url=http%3A%2F%2Fadmin.5istudy.online%2Falipay%2Freturn%2F&sign_type=RSA2&timestamp=2024-04-19+15%3A13%3A50&version=1.0&sign=DoVajVsGZX3kh3NQIW0jTUTSPLnELoY1GgJgl9ZskjxnFsJFDeFcKiltwD73Bn%2BZasGPpEQdthB7eoEZcYyAVDT8t1YgNHZgfmUbQTLRUSu0R97S3YYravjP8mPWit3TT6FoB%2BYsb3xPn2IvN3TxJNmD1wbSb7GKLZfNqIewLrhfa4MrpirD%2FhR7jX0X72J2Vmec%2BVLQC1MEjEkt%2F7lCWZ2eTB%2BX1HmSsNcWbMe%2BfTC%2FGN0cIfF04Sq1Bem6neVFUB63Xn2nTP3okPHMq8F6zwOA%2FlPwQB%2FGo3ZDlKZMIzqNj7tcjV97MA%2F3g7aeF%2Bt%2FS7G%2BqstsLbdLWUHz17I3FA%3D%3D",
  "order_sn": "202404180922421000594585",
  "trade_no": null,
  "pay_status": "paying",
  "post_script": "11111测试下个单~~",
  "order_mount": 0.01,
  "pay_time": null,
  "address": "广东省广州市天河区车陂北街富力万科云启",
  "signer_name": "江畔独步",
  "singer_mobile": "17621947856",
  "add_time": "2024-04-18T09:22:42.446832",
  "user": 10005945
}
