[2024-04-17 10:17:47,093][rest_client.py 34][INFO]: 接口请求的地址>>>http://admin.5istudy.online/login/
[2024-04-17 10:17:47,093][rest_client.py 35][INFO]: 接口请求的方法>>>POST
[2024-04-17 10:17:47,094][rest_client.py 39][INFO]: 接口请求的json参数>>>
{
  "username": "17621947777",
  "password": "123456"
}
[2024-04-17 10:17:47,462][rest_client.py 16][INFO]: 接口返回内容为>>>
{
  "token": "eyJ0eXAiOiJKV1QiLCJhbGciOiJIUzI1NiJ9.eyJ1c2VyX2lkIjoxMDAwNTk0NSwidXNlcm5hbWUiOiIxNzYyMTk0Nzc3NyIsImV4cCI6MTcxMzkyNTA5MSwiZW1haWwiOm51bGx9.EsEaA1xdk3ix9BYegdKgMAUvpWhQ7XCfaLC6DXmkYfA"
}
[2024-04-17 10:18:26,224][rest_client.py 34][INFO]: 接口请求的地址>>>http://admin.5istudy.online/login/
[2024-04-17 10:18:26,224][rest_client.py 35][INFO]: 接口请求的方法>>>POST
[2024-04-17 10:18:26,224][rest_client.py 39][INFO]: 接口请求的json参数>>>
{
  "username": "17621947777",
  "password": "123456"
}
[2024-04-17 10:18:26,401][rest_client.py 16][INFO]: 接口返回内容为>>>
{
  "token": "eyJ0eXAiOiJKV1QiLCJhbGciOiJIUzI1NiJ9.eyJ1c2VyX2lkIjoxMDAwNTk0NSwidXNlcm5hbWUiOiIxNzYyMTk0Nzc3NyIsImV4cCI6MTcxMzkyNTEzMCwiZW1haWwiOm51bGx9._Ryow-fJdNM8ila03dkEYDWaj3upw-DAihDldxXiziw"
}
[2024-04-17 10:18:40,649][rest_client.py 34][INFO]: 接口请求的地址>>>http://admin.5istudy.online/login/
[2024-04-17 10:18:40,649][rest_client.py 35][INFO]: 接口请求的方法>>>POST
[2024-04-17 10:18:40,650][rest_client.py 39][INFO]: 接口请求的json参数>>>
{
  "username": "17621947777",
  "password": "123456"
}
[2024-04-17 10:18:40,813][rest_client.py 16][INFO]: 接口返回内容为>>>
{
  "token": "eyJ0eXAiOiJKV1QiLCJhbGciOiJIUzI1NiJ9.eyJ1c2VyX2lkIjoxMDAwNTk0NSwidXNlcm5hbWUiOiIxNzYyMTk0Nzc3NyIsImV4cCI6MTcxMzkyNTE0NSwiZW1haWwiOm51bGx9.DBaJZeGA3XZKJd1rOfFmQ-XllZqSGHjZf96tvxGVDZ8"
}
[2024-04-17 13:52:20,522][rest_client.py 34][INFO]: 接口请求的地址>>>http://admin.5istudy.online/login/
[2024-04-17 13:52:20,522][rest_client.py 35][INFO]: 接口请求的方法>>>POST
[2024-04-17 13:52:20,522][rest_client.py 39][INFO]: 接口请求的json参数>>>
{
  "username": "17621947777",
  "password": "123456"
}
[2024-04-17 13:52:20,859][rest_client.py 16][INFO]: 接口返回内容为>>>
{
  "token": "eyJ0eXAiOiJKV1QiLCJhbGciOiJIUzI1NiJ9.eyJ1c2VyX2lkIjoxMDAwNTk0NSwidXNlcm5hbWUiOiIxNzYyMTk0Nzc3NyIsImV4cCI6MTcxMzkzNzk2NSwiZW1haWwiOm51bGx9.0H3wKT5iqLH9L525zw0WdtZax-mDjogNYz6kZrp-9UQ"
}
[2024-04-17 13:52:20,911][rest_client.py 34][INFO]: 接口请求的地址>>>http://admin.5istudy.online/login/
[2024-04-17 13:52:20,911][rest_client.py 35][INFO]: 接口请求的方法>>>POST
[2024-04-17 13:52:20,911][rest_client.py 39][INFO]: 接口请求的json参数>>>
{
  "username": "17621947777",
  "password": "123456",
  "validata": [
    {
      "contains": [
        "$.token",
        "eyJ0eX"
      ]
    }
  ]
}
[2024-04-17 13:52:21,064][rest_client.py 16][INFO]: 接口返回内容为>>>
{
  "token": "eyJ0eXAiOiJKV1QiLCJhbGciOiJIUzI1NiJ9.eyJ1c2VyX2lkIjoxMDAwNTk0NSwidXNlcm5hbWUiOiIxNzYyMTk0Nzc3NyIsImV4cCI6MTcxMzkzNzk2NSwiZW1haWwiOm51bGx9.0H3wKT5iqLH9L525zw0WdtZax-mDjogNYz6kZrp-9UQ"
}
[2024-04-17 13:53:29,383][rest_client.py 34][INFO]: 接口请求的地址>>>http://admin.5istudy.online/login/
[2024-04-17 13:53:29,383][rest_client.py 35][INFO]: 接口请求的方法>>>POST
[2024-04-17 13:53:29,383][rest_client.py 39][INFO]: 接口请求的json参数>>>
{
  "username": "17621947777",
  "password": "123456"
}
[2024-04-17 13:53:29,530][rest_client.py 16][INFO]: 接口返回内容为>>>
{
  "token": "eyJ0eXAiOiJKV1QiLCJhbGciOiJIUzI1NiJ9.eyJ1c2VyX2lkIjoxMDAwNTk0NSwidXNlcm5hbWUiOiIxNzYyMTk0Nzc3NyIsImV4cCI6MTcxMzkzODAzMywiZW1haWwiOm51bGx9.9t-H9cNClvOfbBBFgMseptHgtWaUmUwhty2wySahzKM"
}
[2024-04-17 13:53:29,534][rest_client.py 34][INFO]: 接口请求的地址>>>http://admin.5istudy.online/login/
[2024-04-17 13:53:29,535][rest_client.py 35][INFO]: 接口请求的方法>>>POST
[2024-04-17 13:53:29,535][rest_client.py 39][INFO]: 接口请求的json参数>>>
{
  "username": "17621947777",
  "password": "123456",
  "validata": [
    {
      "contains": [
        "$.token",
        "eyJ0eX"
      ]
    }
  ]
}
[2024-04-17 13:53:29,676][rest_client.py 16][INFO]: 接口返回内容为>>>
{
  "token": "eyJ0eXAiOiJKV1QiLCJhbGciOiJIUzI1NiJ9.eyJ1c2VyX2lkIjoxMDAwNTk0NSwidXNlcm5hbWUiOiIxNzYyMTk0Nzc3NyIsImV4cCI6MTcxMzkzODAzNCwiZW1haWwiOm51bGx9.cp56heOUWlor43vmQYqHdTy7pVYec6Z8PFFWcFQUxlQ"
}
[2024-04-17 13:58:46,882][rest_client.py 34][INFO]: 接口请求的地址>>>http://admin.5istudy.online/login/
[2024-04-17 13:58:46,882][rest_client.py 35][INFO]: 接口请求的方法>>>POST
[2024-04-17 13:58:46,882][rest_client.py 39][INFO]: 接口请求的json参数>>>
{
  "username": "17621947777",
  "password": "123456"
}
[2024-04-17 13:58:47,234][rest_client.py 16][INFO]: 接口返回内容为>>>
{
  "token": "eyJ0eXAiOiJKV1QiLCJhbGciOiJIUzI1NiJ9.eyJ1c2VyX2lkIjoxMDAwNTk0NSwidXNlcm5hbWUiOiIxNzYyMTk0Nzc3NyIsImV4cCI6MTcxMzkzODM1MSwiZW1haWwiOm51bGx9.aNdO04pZTA6NhjNO1AT0kwmEVo144gi8TDiYXD0gIDs"
}
[2024-04-17 13:58:47,238][rest_client.py 34][INFO]: 接口请求的地址>>>http://admin.5istudy.online/login/
[2024-04-17 13:58:47,238][rest_client.py 35][INFO]: 接口请求的方法>>>POST
[2024-04-17 13:58:47,238][rest_client.py 39][INFO]: 接口请求的json参数>>>
{
  "username": "17621947777",
  "password": "123456",
  "validata": [
    {
      "contains": [
        "$.username",
        "17621947777"
      ]
    }
  ]
}
[2024-04-17 13:58:47,382][rest_client.py 16][INFO]: 接口返回内容为>>>
{
  "token": "eyJ0eXAiOiJKV1QiLCJhbGciOiJIUzI1NiJ9.eyJ1c2VyX2lkIjoxMDAwNTk0NSwidXNlcm5hbWUiOiIxNzYyMTk0Nzc3NyIsImV4cCI6MTcxMzkzODM1MSwiZW1haWwiOm51bGx9.aNdO04pZTA6NhjNO1AT0kwmEVo144gi8TDiYXD0gIDs"
}
[2024-04-17 13:59:20,285][rest_client.py 34][INFO]: 接口请求的地址>>>http://admin.5istudy.online/login/
[2024-04-17 13:59:20,285][rest_client.py 35][INFO]: 接口请求的方法>>>POST
[2024-04-17 13:59:20,286][rest_client.py 39][INFO]: 接口请求的json参数>>>
{
  "username": "17621947777",
  "password": "123456"
}
[2024-04-17 13:59:20,451][rest_client.py 16][INFO]: 接口返回内容为>>>
{
  "token": "eyJ0eXAiOiJKV1QiLCJhbGciOiJIUzI1NiJ9.eyJ1c2VyX2lkIjoxMDAwNTk0NSwidXNlcm5hbWUiOiIxNzYyMTk0Nzc3NyIsImV4cCI6MTcxMzkzODM4NCwiZW1haWwiOm51bGx9.93EBn_tF_-DGzrgXU0-LaJ8AXeD1D3cEART4YmH2QnI"
}
[2024-04-17 14:01:49,803][rest_client.py 34][INFO]: 接口请求的地址>>>http://admin.5istudy.online/login/
[2024-04-17 14:01:49,804][rest_client.py 35][INFO]: 接口请求的方法>>>POST
[2024-04-17 14:01:49,804][rest_client.py 39][INFO]: 接口请求的json参数>>>
{
  "username": "17621947777",
  "password": "123456"
}
[2024-04-17 14:01:50,018][rest_client.py 16][INFO]: 接口返回内容为>>>
{
  "token": "eyJ0eXAiOiJKV1QiLCJhbGciOiJIUzI1NiJ9.eyJ1c2VyX2lkIjoxMDAwNTk0NSwidXNlcm5hbWUiOiIxNzYyMTk0Nzc3NyIsImV4cCI6MTcxMzkzODUzNCwiZW1haWwiOm51bGx9.ZmRjdolp4Y1Hun_OPWJk3b4Mwq7Me_F-rP0pL-lOns0"
}
[2024-04-17 14:05:17,850][rest_client.py 34][INFO]: 接口请求的地址>>>http://admin.5istudy.online/login/
[2024-04-17 14:05:17,850][rest_client.py 35][INFO]: 接口请求的方法>>>POST
[2024-04-17 14:05:17,850][rest_client.py 39][INFO]: 接口请求的json参数>>>
{
  "username": "17621947777",
  "password": "123456"
}
[2024-04-17 14:05:18,269][rest_client.py 16][INFO]: 接口返回内容为>>>
{
  "token": "eyJ0eXAiOiJKV1QiLCJhbGciOiJIUzI1NiJ9.eyJ1c2VyX2lkIjoxMDAwNTk0NSwidXNlcm5hbWUiOiIxNzYyMTk0Nzc3NyIsImV4cCI6MTcxMzkzODc0MiwiZW1haWwiOm51bGx9.APM7DbeHYlRdOFNg8Cs2PNhqt_po-A4BUbc0kUSOgAY"
}
[2024-04-17 14:05:18,273][rest_client.py 34][INFO]: 接口请求的地址>>>http://admin.5istudy.online/login/
[2024-04-17 14:05:18,273][rest_client.py 35][INFO]: 接口请求的方法>>>POST
[2024-04-17 14:05:18,273][rest_client.py 39][INFO]: 接口请求的json参数>>>
{
  "username": "17621947777",
  "password": "123456",
  "validata": [
    {
      "contains": [
        "$.non_field_errors[0",
        "无法使用提供的认证信息登录。"
      ]
    }
  ]
}
[2024-04-17 14:05:18,473][rest_client.py 16][INFO]: 接口返回内容为>>>
{
  "token": "eyJ0eXAiOiJKV1QiLCJhbGciOiJIUzI1NiJ9.eyJ1c2VyX2lkIjoxMDAwNTk0NSwidXNlcm5hbWUiOiIxNzYyMTk0Nzc3NyIsImV4cCI6MTcxMzkzODc0MiwiZW1haWwiOm51bGx9.APM7DbeHYlRdOFNg8Cs2PNhqt_po-A4BUbc0kUSOgAY"
}
[2024-04-17 14:06:17,878][rest_client.py 34][INFO]: 接口请求的地址>>>http://admin.5istudy.online/login/
[2024-04-17 14:06:17,879][rest_client.py 35][INFO]: 接口请求的方法>>>POST
[2024-04-17 14:06:17,879][rest_client.py 39][INFO]: 接口请求的json参数>>>
{
  "username": "17621947777",
  "password": "123456"
}
[2024-04-17 14:06:18,039][rest_client.py 16][INFO]: 接口返回内容为>>>
{
  "token": "eyJ0eXAiOiJKV1QiLCJhbGciOiJIUzI1NiJ9.eyJ1c2VyX2lkIjoxMDAwNTk0NSwidXNlcm5hbWUiOiIxNzYyMTk0Nzc3NyIsImV4cCI6MTcxMzkzODgwMiwiZW1haWwiOm51bGx9.nwIyJtYrSKIO0I0w1DBs6k8CxJ-O8Xq2h6e3b42dc8w"
}
[2024-04-17 14:06:18,043][rest_client.py 34][INFO]: 接口请求的地址>>>http://admin.5istudy.online/login/
[2024-04-17 14:06:18,044][rest_client.py 35][INFO]: 接口请求的方法>>>POST
[2024-04-17 14:06:18,044][rest_client.py 39][INFO]: 接口请求的json参数>>>
{
  "username": "17621947777",
  "password": "123456",
  "validata": [
    {
      "contains": [
        "$.token",
        "eyJ0eXAi。"
      ]
    }
  ]
}
[2024-04-17 14:06:18,189][rest_client.py 16][INFO]: 接口返回内容为>>>
{
  "token": "eyJ0eXAiOiJKV1QiLCJhbGciOiJIUzI1NiJ9.eyJ1c2VyX2lkIjoxMDAwNTk0NSwidXNlcm5hbWUiOiIxNzYyMTk0Nzc3NyIsImV4cCI6MTcxMzkzODgwMiwiZW1haWwiOm51bGx9.nwIyJtYrSKIO0I0w1DBs6k8CxJ-O8Xq2h6e3b42dc8w"
}
[2024-04-17 14:07:16,921][rest_client.py 34][INFO]: 接口请求的地址>>>http://admin.5istudy.online/login/
[2024-04-17 14:07:16,921][rest_client.py 35][INFO]: 接口请求的方法>>>POST
[2024-04-17 14:07:16,922][rest_client.py 39][INFO]: 接口请求的json参数>>>
{
  "username": "17621947777",
  "password": "123456"
}
[2024-04-17 14:07:17,079][rest_client.py 16][INFO]: 接口返回内容为>>>
{
  "token": "eyJ0eXAiOiJKV1QiLCJhbGciOiJIUzI1NiJ9.eyJ1c2VyX2lkIjoxMDAwNTk0NSwidXNlcm5hbWUiOiIxNzYyMTk0Nzc3NyIsImV4cCI6MTcxMzkzODg2MSwiZW1haWwiOm51bGx9.rfq-37W9hL8Mg4fyUkibwVGgVyvVQiMbUUjZK08YZVE"
}
[2024-04-17 14:08:46,895][rest_client.py 34][INFO]: 接口请求的地址>>>http://admin.5istudy.online/login/
[2024-04-17 14:08:46,896][rest_client.py 35][INFO]: 接口请求的方法>>>POST
[2024-04-17 14:08:46,896][rest_client.py 39][INFO]: 接口请求的json参数>>>
{
  "username": "17621947777",
  "password": "123456"
}
[2024-04-17 14:08:47,046][rest_client.py 16][INFO]: 接口返回内容为>>>
{
  "token": "eyJ0eXAiOiJKV1QiLCJhbGciOiJIUzI1NiJ9.eyJ1c2VyX2lkIjoxMDAwNTk0NSwidXNlcm5hbWUiOiIxNzYyMTk0Nzc3NyIsImV4cCI6MTcxMzkzODk1MSwiZW1haWwiOm51bGx9.64Pt9qC45gOfMrJkAAFM-hA2sYSaqZq8TWurxFaxLak"
}
[2024-04-17 14:08:47,051][rest_client.py 34][INFO]: 接口请求的地址>>>http://admin.5istudy.online/login/
[2024-04-17 14:08:47,051][rest_client.py 35][INFO]: 接口请求的方法>>>POST
[2024-04-17 14:08:47,051][rest_client.py 39][INFO]: 接口请求的json参数>>>
{
  "username": "17621947777",
  "password": "123456",
  "validate": [
    {
      "contains": [
        "$.token",
        "eyJ0eXAi。"
      ]
    }
  ]
}
[2024-04-17 14:08:47,195][rest_client.py 16][INFO]: 接口返回内容为>>>
{
  "token": "eyJ0eXAiOiJKV1QiLCJhbGciOiJIUzI1NiJ9.eyJ1c2VyX2lkIjoxMDAwNTk0NSwidXNlcm5hbWUiOiIxNzYyMTk0Nzc3NyIsImV4cCI6MTcxMzkzODk1MSwiZW1haWwiOm51bGx9.64Pt9qC45gOfMrJkAAFM-hA2sYSaqZq8TWurxFaxLak"
}
[2024-04-17 14:10:35,381][rest_client.py 34][INFO]: 接口请求的地址>>>http://admin.5istudy.online/login/
[2024-04-17 14:10:35,382][rest_client.py 35][INFO]: 接口请求的方法>>>POST
[2024-04-17 14:10:35,382][rest_client.py 39][INFO]: 接口请求的json参数>>>
{
  "username": "17621947777",
  "password": "123456"
}
[2024-04-17 14:10:35,711][rest_client.py 16][INFO]: 接口返回内容为>>>
{
  "token": "eyJ0eXAiOiJKV1QiLCJhbGciOiJIUzI1NiJ9.eyJ1c2VyX2lkIjoxMDAwNTk0NSwidXNlcm5hbWUiOiIxNzYyMTk0Nzc3NyIsImV4cCI6MTcxMzkzOTA2MCwiZW1haWwiOm51bGx9.nfJNE-YBAD5ztDD1Ia0eZbKEk8XTVoQNZ1r-QEjxrVs"
}
[2024-04-17 14:10:35,715][rest_client.py 34][INFO]: 接口请求的地址>>>http://admin.5istudy.online/login/
[2024-04-17 14:10:35,715][rest_client.py 35][INFO]: 接口请求的方法>>>POST
[2024-04-17 14:10:35,715][rest_client.py 39][INFO]: 接口请求的json参数>>>
{
  "username": "17621947777",
  "password": "123456"
}
[2024-04-17 14:10:35,856][rest_client.py 16][INFO]: 接口返回内容为>>>
{
  "token": "eyJ0eXAiOiJKV1QiLCJhbGciOiJIUzI1NiJ9.eyJ1c2VyX2lkIjoxMDAwNTk0NSwidXNlcm5hbWUiOiIxNzYyMTk0Nzc3NyIsImV4cCI6MTcxMzkzOTA2MCwiZW1haWwiOm51bGx9.nfJNE-YBAD5ztDD1Ia0eZbKEk8XTVoQNZ1r-QEjxrVs"
}
[2024-04-17 14:19:08,009][rest_client.py 34][INFO]: 接口请求的地址>>>http://admin.5istudy.online/login/
[2024-04-17 14:19:08,009][rest_client.py 35][INFO]: 接口请求的方法>>>POST
[2024-04-17 14:19:08,009][rest_client.py 39][INFO]: 接口请求的json参数>>>
{
  "username": "17621947777",
  "password": "123456"
}
[2024-04-17 14:19:08,347][rest_client.py 16][INFO]: 接口返回内容为>>>
{
  "token": "eyJ0eXAiOiJKV1QiLCJhbGciOiJIUzI1NiJ9.eyJ1c2VyX2lkIjoxMDAwNTk0NSwidXNlcm5hbWUiOiIxNzYyMTk0Nzc3NyIsImV4cCI6MTcxMzkzOTU3MiwiZW1haWwiOm51bGx9.ZGg38FmW7aiLZ1y1LsIIAXP4eMcr970t8SMYjUtetLM"
}
[2024-04-17 14:19:08,352][rest_client.py 34][INFO]: 接口请求的地址>>>http://admin.5istudy.online/login/
[2024-04-17 14:19:08,352][rest_client.py 35][INFO]: 接口请求的方法>>>POST
[2024-04-17 14:19:08,352][rest_client.py 39][INFO]: 接口请求的json参数>>>
{
  "username": "17621947777",
  "password": "123456"
}
[2024-04-17 14:19:08,514][rest_client.py 16][INFO]: 接口返回内容为>>>
{
  "token": "eyJ0eXAiOiJKV1QiLCJhbGciOiJIUzI1NiJ9.eyJ1c2VyX2lkIjoxMDAwNTk0NSwidXNlcm5hbWUiOiIxNzYyMTk0Nzc3NyIsImV4cCI6MTcxMzkzOTU3MiwiZW1haWwiOm51bGx9.ZGg38FmW7aiLZ1y1LsIIAXP4eMcr970t8SMYjUtetLM"
}
[2024-04-17 14:28:02,919][rest_client.py 34][INFO]: 接口请求的地址>>>http://admin.5istudy.online/login/
[2024-04-17 14:28:02,919][rest_client.py 35][INFO]: 接口请求的方法>>>POST
[2024-04-17 14:28:02,920][rest_client.py 39][INFO]: 接口请求的json参数>>>
{
  "username": "17621947777",
  "password": "123456"
}
[2024-04-17 14:28:03,080][rest_client.py 16][INFO]: 接口返回内容为>>>
{
  "token": "eyJ0eXAiOiJKV1QiLCJhbGciOiJIUzI1NiJ9.eyJ1c2VyX2lkIjoxMDAwNTk0NSwidXNlcm5hbWUiOiIxNzYyMTk0Nzc3NyIsImV4cCI6MTcxMzk0MDEwNywiZW1haWwiOm51bGx9.zUiXgy0Kcl2VEmCJdc2sKvNi7vZXTmobeVVmodzz_VA"
}
[2024-04-17 14:28:34,728][rest_client.py 34][INFO]: 接口请求的地址>>>http://admin.5istudy.online/login/
[2024-04-17 14:28:34,728][rest_client.py 35][INFO]: 接口请求的方法>>>POST
[2024-04-17 14:28:34,728][rest_client.py 39][INFO]: 接口请求的json参数>>>
{
  "username": "17621947777",
  "password": "123456"
}
[2024-04-17 14:28:34,872][rest_client.py 16][INFO]: 接口返回内容为>>>
{
  "token": "eyJ0eXAiOiJKV1QiLCJhbGciOiJIUzI1NiJ9.eyJ1c2VyX2lkIjoxMDAwNTk0NSwidXNlcm5hbWUiOiIxNzYyMTk0Nzc3NyIsImV4cCI6MTcxMzk0MDEzOSwiZW1haWwiOm51bGx9.IaXD0EELrDOsP7LjnjOzMNRaM1BE2Cka58_r8y89nGU"
}
[2024-04-17 14:36:55,468][rest_client.py 34][INFO]: 接口请求的地址>>>http://admin.5istudy.online/login/
[2024-04-17 14:36:55,468][rest_client.py 35][INFO]: 接口请求的方法>>>POST
[2024-04-17 14:36:55,468][rest_client.py 39][INFO]: 接口请求的json参数>>>
{
  "username": "17621947777",
  "password": "123456"
}
[2024-04-17 14:36:55,807][rest_client.py 16][INFO]: 接口返回内容为>>>
{
  "token": "eyJ0eXAiOiJKV1QiLCJhbGciOiJIUzI1NiJ9.eyJ1c2VyX2lkIjoxMDAwNTk0NSwidXNlcm5hbWUiOiIxNzYyMTk0Nzc3NyIsImV4cCI6MTcxMzk0MDY0MCwiZW1haWwiOm51bGx9.Jl77YXJv3jnMcoVgv-CfpshAmdOF91jnWzhvmuOqoFU"
}
[2024-04-17 14:36:55,812][rest_client.py 34][INFO]: 接口请求的地址>>>http://admin.5istudy.online/login/
[2024-04-17 14:36:55,812][rest_client.py 35][INFO]: 接口请求的方法>>>POST
[2024-04-17 14:36:55,812][rest_client.py 39][INFO]: 接口请求的json参数>>>
{
  "username": "17621947777",
  "password": "123456"
}
[2024-04-17 14:36:55,955][rest_client.py 16][INFO]: 接口返回内容为>>>
{
  "token": "eyJ0eXAiOiJKV1QiLCJhbGciOiJIUzI1NiJ9.eyJ1c2VyX2lkIjoxMDAwNTk0NSwidXNlcm5hbWUiOiIxNzYyMTk0Nzc3NyIsImV4cCI6MTcxMzk0MDY0MCwiZW1haWwiOm51bGx9.Jl77YXJv3jnMcoVgv-CfpshAmdOF91jnWzhvmuOqoFU"
}
[2024-04-17 14:38:23,427][rest_client.py 34][INFO]: 接口请求的地址>>>http://admin.5istudy.online/login/
[2024-04-17 14:38:23,428][rest_client.py 35][INFO]: 接口请求的方法>>>POST
[2024-04-17 14:38:23,428][rest_client.py 39][INFO]: 接口请求的json参数>>>
{
  "username": "17621947777",
  "password": "123456"
}
[2024-04-17 14:38:23,595][rest_client.py 16][INFO]: 接口返回内容为>>>
{
  "token": "eyJ0eXAiOiJKV1QiLCJhbGciOiJIUzI1NiJ9.eyJ1c2VyX2lkIjoxMDAwNTk0NSwidXNlcm5hbWUiOiIxNzYyMTk0Nzc3NyIsImV4cCI6MTcxMzk0MDcyOCwiZW1haWwiOm51bGx9.AIxCfrVuZtn-ez-Iw3fiUz9cJbDeh7dkKjeIABljABE"
}
[2024-04-17 14:39:10,497][rest_client.py 34][INFO]: 接口请求的地址>>>http://admin.5istudy.online/login/
[2024-04-17 14:39:10,497][rest_client.py 35][INFO]: 接口请求的方法>>>POST
[2024-04-17 14:39:10,497][rest_client.py 39][INFO]: 接口请求的json参数>>>
{
  "username": "17621947777",
  "password": "123456"
}
[2024-04-17 14:39:10,650][rest_client.py 16][INFO]: 接口返回内容为>>>
{
  "token": "eyJ0eXAiOiJKV1QiLCJhbGciOiJIUzI1NiJ9.eyJ1c2VyX2lkIjoxMDAwNTk0NSwidXNlcm5hbWUiOiIxNzYyMTk0Nzc3NyIsImV4cCI6MTcxMzk0MDc3NSwiZW1haWwiOm51bGx9.Mmt61MhhJJTwlQ8lhCC3JcVPdNAJjcCv7sBvISXp0To"
}
[2024-04-17 14:54:28,764][rest_client.py 34][INFO]: 接口请求的地址>>>http://admin.5istudy.online/login/
[2024-04-17 14:54:28,764][rest_client.py 35][INFO]: 接口请求的方法>>>POST
[2024-04-17 14:54:28,764][rest_client.py 39][INFO]: 接口请求的json参数>>>
{
  "username": "17621947777",
  "password": "123456"
}
[2024-04-17 14:54:29,129][rest_client.py 16][INFO]: 接口返回内容为>>>
{
  "token": "eyJ0eXAiOiJKV1QiLCJhbGciOiJIUzI1NiJ9.eyJ1c2VyX2lkIjoxMDAwNTk0NSwidXNlcm5hbWUiOiIxNzYyMTk0Nzc3NyIsImV4cCI6MTcxMzk0MTY5MywiZW1haWwiOm51bGx9.CZSBJP7F8U34jLPMLjzh8gwd5uPFCEVVUk-72FCLBH4"
}
[2024-04-17 14:54:29,132][rest_client.py 34][INFO]: 接口请求的地址>>>http://admin.5istudy.online/login/
[2024-04-17 14:54:29,133][rest_client.py 35][INFO]: 接口请求的方法>>>POST
[2024-04-17 14:54:29,133][rest_client.py 39][INFO]: 接口请求的json参数>>>
{
  "username": "17621947777",
  "password": "123456"
}
[2024-04-17 14:54:29,284][rest_client.py 16][INFO]: 接口返回内容为>>>
{
  "token": "eyJ0eXAiOiJKV1QiLCJhbGciOiJIUzI1NiJ9.eyJ1c2VyX2lkIjoxMDAwNTk0NSwidXNlcm5hbWUiOiIxNzYyMTk0Nzc3NyIsImV4cCI6MTcxMzk0MTY5MywiZW1haWwiOm51bGx9.CZSBJP7F8U34jLPMLjzh8gwd5uPFCEVVUk-72FCLBH4"
}
[2024-04-17 14:55:53,459][rest_client.py 34][INFO]: 接口请求的地址>>>http://admin.5istudy.online/login/
[2024-04-17 14:55:53,459][rest_client.py 35][INFO]: 接口请求的方法>>>POST
[2024-04-17 14:55:53,459][rest_client.py 39][INFO]: 接口请求的json参数>>>
{
  "username": "17621947777",
  "password": "123456"
}
[2024-04-17 14:55:53,631][rest_client.py 16][INFO]: 接口返回内容为>>>
{
  "token": "eyJ0eXAiOiJKV1QiLCJhbGciOiJIUzI1NiJ9.eyJ1c2VyX2lkIjoxMDAwNTk0NSwidXNlcm5hbWUiOiIxNzYyMTk0Nzc3NyIsImV4cCI6MTcxMzk0MTc3OCwiZW1haWwiOm51bGx9.70L2gUJ_06mQeNYynw6jxxdGyad_bVTBkewEMLKjujE"
}
[2024-04-17 14:55:53,636][rest_client.py 34][INFO]: 接口请求的地址>>>http://admin.5istudy.online/login/
[2024-04-17 14:55:53,637][rest_client.py 35][INFO]: 接口请求的方法>>>POST
[2024-04-17 14:55:53,637][rest_client.py 39][INFO]: 接口请求的json参数>>>
{
  "username": "17621947888",
  "password": "123456"
}
[2024-04-17 14:55:53,713][rest_client.py 16][INFO]: 接口返回内容为>>>
{
  "non_field_errors": [
    "无法使用提供的认证信息登录。"
  ]
}
[2024-04-17 14:56:46,421][rest_client.py 34][INFO]: 接口请求的地址>>>http://admin.5istudy.online/login/
[2024-04-17 14:56:46,421][rest_client.py 35][INFO]: 接口请求的方法>>>POST
[2024-04-17 14:56:46,422][rest_client.py 39][INFO]: 接口请求的json参数>>>
{
  "username": "17621947777",
  "password": "123456"
}
[2024-04-17 14:56:46,587][rest_client.py 16][INFO]: 接口返回内容为>>>
{
  "token": "eyJ0eXAiOiJKV1QiLCJhbGciOiJIUzI1NiJ9.eyJ1c2VyX2lkIjoxMDAwNTk0NSwidXNlcm5hbWUiOiIxNzYyMTk0Nzc3NyIsImV4cCI6MTcxMzk0MTgzMCwiZW1haWwiOm51bGx9.Cud-2jld36ROIMuKjoAx3BIeQsc4sGaIneEWMWcPiaY"
}
[2024-04-17 14:56:46,591][rest_client.py 34][INFO]: 接口请求的地址>>>http://admin.5istudy.online/login/
[2024-04-17 14:56:46,592][rest_client.py 35][INFO]: 接口请求的方法>>>POST
[2024-04-17 14:56:46,592][rest_client.py 39][INFO]: 接口请求的json参数>>>
{
  "username": "17621947888",
  "password": "123456"
}
[2024-04-17 14:56:46,689][rest_client.py 16][INFO]: 接口返回内容为>>>
{
  "non_field_errors": [
    "无法使用提供的认证信息登录。"
  ]
}
[2024-04-17 15:04:49,489][rest_client.py 34][INFO]: 接口请求的地址>>>http://admin.5istudy.online/login/
[2024-04-17 15:04:49,490][rest_client.py 35][INFO]: 接口请求的方法>>>POST
[2024-04-17 15:04:49,490][rest_client.py 39][INFO]: 接口请求的json参数>>>
{
  "username": "17621947777",
  "password": "123456"
}
[2024-04-17 15:04:49,833][rest_client.py 16][INFO]: 接口返回内容为>>>
{
  "token": "eyJ0eXAiOiJKV1QiLCJhbGciOiJIUzI1NiJ9.eyJ1c2VyX2lkIjoxMDAwNTk0NSwidXNlcm5hbWUiOiIxNzYyMTk0Nzc3NyIsImV4cCI6MTcxMzk0MjMxNCwiZW1haWwiOm51bGx9.OTqQtWVxCE_aNvh75j0b1lcNoTt_ibcIo0q8MpzaWgw"
}
[2024-04-17 15:04:49,838][rest_client.py 34][INFO]: 接口请求的地址>>>http://admin.5istudy.online/login/
[2024-04-17 15:04:49,838][rest_client.py 35][INFO]: 接口请求的方法>>>POST
[2024-04-17 15:04:49,838][rest_client.py 39][INFO]: 接口请求的json参数>>>
{
  "username": "17621947888",
  "password": "123456"
}
[2024-04-17 15:04:49,910][rest_client.py 16][INFO]: 接口返回内容为>>>
{
  "non_field_errors": [
    "无法使用提供的认证信息登录。"
  ]
}
[2024-04-17 15:11:18,073][rest_client.py 34][INFO]: 接口请求的地址>>>http://admin.5istudy.online/login/
[2024-04-17 15:11:18,073][rest_client.py 35][INFO]: 接口请求的方法>>>POST
[2024-04-17 15:11:18,073][rest_client.py 39][INFO]: 接口请求的json参数>>>
{
  "username": "17621947777",
  "password": "123456"
}
[2024-04-17 15:11:18,231][rest_client.py 16][INFO]: 接口返回内容为>>>
{
  "token": "eyJ0eXAiOiJKV1QiLCJhbGciOiJIUzI1NiJ9.eyJ1c2VyX2lkIjoxMDAwNTk0NSwidXNlcm5hbWUiOiIxNzYyMTk0Nzc3NyIsImV4cCI6MTcxMzk0MjcwMiwiZW1haWwiOm51bGx9.-_ONS6yYjTgfMzx2xhp61cf31UmWvizVSSVBoTzljxw"
}
[2024-04-17 15:11:18,236][rest_client.py 34][INFO]: 接口请求的地址>>>http://admin.5istudy.online/login/
[2024-04-17 15:11:18,236][rest_client.py 35][INFO]: 接口请求的方法>>>POST
[2024-04-17 15:11:18,237][rest_client.py 39][INFO]: 接口请求的json参数>>>
{
  "username": "17621947888",
  "password": "123456"
}
[2024-04-17 15:11:18,322][rest_client.py 16][INFO]: 接口返回内容为>>>
{
  "non_field_errors": [
    "无法使用提供的认证信息登录。"
  ]
}
[2024-04-17 15:12:03,413][rest_client.py 34][INFO]: 接口请求的地址>>>http://admin.5istudy.online/login/
[2024-04-17 15:12:03,413][rest_client.py 35][INFO]: 接口请求的方法>>>POST
[2024-04-17 15:12:03,413][rest_client.py 39][INFO]: 接口请求的json参数>>>
{
  "username": "17621947777",
  "password": "123456"
}
[2024-04-17 15:12:03,765][rest_client.py 16][INFO]: 接口返回内容为>>>
{
  "token": "eyJ0eXAiOiJKV1QiLCJhbGciOiJIUzI1NiJ9.eyJ1c2VyX2lkIjoxMDAwNTk0NSwidXNlcm5hbWUiOiIxNzYyMTk0Nzc3NyIsImV4cCI6MTcxMzk0Mjc0OCwiZW1haWwiOm51bGx9.D8Wmk3n7tArApvenJ8L0PaOt8FAtdZNxFF9y6ng-HGw"
}
[2024-04-17 15:12:03,768][rest_client.py 34][INFO]: 接口请求的地址>>>http://admin.5istudy.online/login/
[2024-04-17 15:12:03,769][rest_client.py 35][INFO]: 接口请求的方法>>>POST
[2024-04-17 15:12:03,769][rest_client.py 39][INFO]: 接口请求的json参数>>>
{
  "username": "17621947888",
  "password": "123456"
}
[2024-04-17 15:12:03,849][rest_client.py 16][INFO]: 接口返回内容为>>>
{
  "non_field_errors": [
    "无法使用提供的认证信息登录。"
  ]
}
[2024-04-17 15:21:00,651][rest_client.py 34][INFO]: 接口请求的地址>>>http://admin.5istudy.online/login/
[2024-04-17 15:21:00,651][rest_client.py 35][INFO]: 接口请求的方法>>>POST
[2024-04-17 15:21:00,651][rest_client.py 39][INFO]: 接口请求的json参数>>>
{
  "username": "17621947777",
  "password": "123456"
}
[2024-04-17 15:21:01,104][rest_client.py 16][INFO]: 接口返回内容为>>>
{
  "token": "eyJ0eXAiOiJKV1QiLCJhbGciOiJIUzI1NiJ9.eyJ1c2VyX2lkIjoxMDAwNTk0NSwidXNlcm5hbWUiOiIxNzYyMTk0Nzc3NyIsImV4cCI6MTcxMzk0MzI4NSwiZW1haWwiOm51bGx9.kBCgX4gPQtsUvodWlTGlcVKDa9PoPJUib9mbTdSgC74"
}
[2024-04-17 15:21:01,108][rest_client.py 34][INFO]: 接口请求的地址>>>http://admin.5istudy.online/login/
[2024-04-17 15:21:01,108][rest_client.py 35][INFO]: 接口请求的方法>>>POST
[2024-04-17 15:21:01,108][rest_client.py 39][INFO]: 接口请求的json参数>>>
{
  "username": "17621947888",
  "password": "123456"
}
[2024-04-17 15:21:01,265][rest_client.py 16][INFO]: 接口返回内容为>>>
{
  "non_field_errors": [
    "无法使用提供的认证信息登录。"
  ]
}
[2024-04-17 15:22:56,063][rest_client.py 34][INFO]: 接口请求的地址>>>http://admin.5istudy.online/login/
[2024-04-17 15:22:56,063][rest_client.py 35][INFO]: 接口请求的方法>>>POST
[2024-04-17 15:22:56,063][rest_client.py 39][INFO]: 接口请求的json参数>>>
{
  "username": "17621947777",
  "password": "123456"
}
[2024-04-17 15:22:56,239][rest_client.py 16][INFO]: 接口返回内容为>>>
{
  "token": "eyJ0eXAiOiJKV1QiLCJhbGciOiJIUzI1NiJ9.eyJ1c2VyX2lkIjoxMDAwNTk0NSwidXNlcm5hbWUiOiIxNzYyMTk0Nzc3NyIsImV4cCI6MTcxMzk0MzQwMCwiZW1haWwiOm51bGx9.FqWFU13VW3D4QWqc2cBShHMUsaSRK_T-j2Kvt2ET588"
}
[2024-04-17 15:22:56,243][rest_client.py 34][INFO]: 接口请求的地址>>>http://admin.5istudy.online/login/
[2024-04-17 15:22:56,243][rest_client.py 35][INFO]: 接口请求的方法>>>POST
[2024-04-17 15:22:56,243][rest_client.py 39][INFO]: 接口请求的json参数>>>
{
  "username": "17621947888",
  "password": "123456"
}
[2024-04-17 15:22:56,323][rest_client.py 16][INFO]: 接口返回内容为>>>
{
  "non_field_errors": [
    "无法使用提供的认证信息登录。"
  ]
}
[2024-04-17 15:25:28,491][rest_client.py 34][INFO]: 接口请求的地址>>>http://admin.5istudy.online/login/
[2024-04-17 15:25:28,491][rest_client.py 35][INFO]: 接口请求的方法>>>POST
[2024-04-17 15:25:28,491][rest_client.py 39][INFO]: 接口请求的json参数>>>
{
  "username": "17621947777",
  "password": "123456"
}
[2024-04-17 15:25:28,658][rest_client.py 16][INFO]: 接口返回内容为>>>
{
  "token": "eyJ0eXAiOiJKV1QiLCJhbGciOiJIUzI1NiJ9.eyJ1c2VyX2lkIjoxMDAwNTk0NSwidXNlcm5hbWUiOiIxNzYyMTk0Nzc3NyIsImV4cCI6MTcxMzk0MzU1MywiZW1haWwiOm51bGx9.BI2Zr_wmTg7X4Nebn0Za2micOy3XMjsLWrxVnBv2Hqs"
}
[2024-04-17 15:25:28,662][rest_client.py 34][INFO]: 接口请求的地址>>>http://admin.5istudy.online/login/
[2024-04-17 15:25:28,662][rest_client.py 35][INFO]: 接口请求的方法>>>POST
[2024-04-17 15:25:28,662][rest_client.py 39][INFO]: 接口请求的json参数>>>
{
  "username": "17621947888",
  "password": "123456"
}
[2024-04-17 15:25:28,745][rest_client.py 16][INFO]: 接口返回内容为>>>
{
  "non_field_errors": [
    "无法使用提供的认证信息登录。"
  ]
}
[2024-04-17 15:37:00,525][rest_client.py 34][INFO]: 接口请求的地址>>>http://admin.5istudy.online/banners/
[2024-04-17 15:37:00,526][rest_client.py 35][INFO]: 接口请求的方法>>>GET
[2024-04-17 15:37:00,804][rest_client.py 16][INFO]: 接口返回内容为>>>
[
  {
    "id": 1824,
    "image": "http://admin.5istudy.online/media/banner/banner3_fzsuGSG.jpg",
    "index": 1,
    "add_time": "2022-10-27T08:33:00",
    "goods": 15
  },
  {
    "id": 1821,
    "image": "http://admin.5istudy.online/media/banner/%E6%A1%83%E5%AD%90.jpg",
    "index": 2,
    "add_time": "2022-08-23T00:34:00",
    "goods": 82
  },
  {
    "id": 1820,
    "image": "http://admin.5istudy.online/media/banner/banner1.jpg",
    "index": 3,
    "add_time": "2021-11-26T13:22:00",
    "goods": 4
  },
  {
    "id": 1822,
    "image": "http://admin.5istudy.online/media/banner/%E5%9B%BE%E7%89%872.png",
    "index": 3,
    "add_time": "2022-09-22T10:53:00",
    "goods": 83
  },
  {
    "id": 1825,
    "image": "http://admin.5istudy.online/media/banner/banner1.jpg",
    "index": 3,
    "add_time": "2021-11-26T13:22:00",
    "goods": 4
  },
  {
    "id": 1826,
    "image": "http://admin.5istudy.online/media/banner/banner1.jpg",
    "index": 3,
    "add_time": "2021-11-26T13:22:00",
    "goods": 4
  },
  {
    "id": 1827,
    "image": "http://admin.5istudy.online/media/banner/banner1.jpg",
    "index": 3,
    "add_time": "2021-11-26T13:22:00",
    "goods": 4
  },
  {
    "id": 8888,
    "image": "http://admin.5istudy.online/media/hello",
    "index": 8,
    "add_time": "2024-03-16T19:39:48",
    "goods": 10
  },
  {
    "id": 8889,
    "image": "http://admin.5istudy.online/media/hello",
    "index": 8,
    "add_time": "2024-03-16T19:58:29",
    "goods": 10
  }
]
